ARM GAS  /tmp/ccwifD7O.s 			page 1


   1              		.syntax unified
   2              		.cpu cortex-m4
   3              		.eabi_attribute 27, 3
   4              		.eabi_attribute 28, 1
   5              		.fpu fpv4-sp-d16
   6              		.eabi_attribute 20, 1
   7              		.eabi_attribute 21, 1
   8              		.eabi_attribute 23, 3
   9              		.eabi_attribute 24, 1
  10              		.eabi_attribute 25, 1
  11              		.eabi_attribute 26, 1
  12              		.eabi_attribute 30, 2
  13              		.eabi_attribute 34, 1
  14              		.eabi_attribute 18, 4
  15              		.thumb
  16              		.file	"irq_handlers.c"
  17              		.text
  18              	.Ltext0:
  19              		.cfi_sections	.debug_frame
  20              		.section	.text.Vector88,"ax",%progbits
  21              		.align	2
  22              		.p2align 4,,15
  23              		.global	Vector88
  24              		.thumb
  25              		.thumb_func
  26              		.type	Vector88, %function
  27              	Vector88:
  28              	.LFB256:
  29              		.file 1 "irq_handlers.c"
  30              		.loc 1 39 0
  31              		.cfi_startproc
  32              		@ args = 0, pretend = 0, frame = 0
  33              		@ frame_needed = 0, uses_anonymous_args = 0
  34 0000 08B5     		push	{r3, lr}
  35              		.cfi_def_cfa_offset 8
  36              		.cfi_offset 3, -8
  37              		.cfi_offset 14, -4
  38              		.loc 1 41 0
  39 0002 0548     		ldr	r0, .L2
  40 0004 40F20741 		movw	r1, #1031
  41 0008 FFF7FEFF 		bl	ADC_ClearITPendingBit
  42              	.LVL0:
  43              		.loc 1 42 0
  44 000c FFF7FEFF 		bl	mc_interface_adc_inj_int_handler
  45              	.LVL1:
  46              		.loc 1 44 0
  47 0010 BDE80840 		pop	{r3, lr}
  48              		.loc 1 43 0
  49 0014 FFF7FEBF 		b	_port_irq_epilogue
  50              	.LVL2:
  51              	.L3:
  52              		.align	2
  53              	.L2:
  54 0018 00200140 		.word	1073815552
  55              		.cfi_endproc
  56              	.LFE256:
  57              		.size	Vector88, .-Vector88
ARM GAS  /tmp/ccwifD7O.s 			page 2


  58 001c AFF30080 		.section	.text.VectorE0,"ax",%progbits
  59              		.align	2
  60              		.p2align 4,,15
  61              		.global	VectorE0
  62              		.thumb
  63              		.thumb_func
  64              		.type	VectorE0, %function
  65              	VectorE0:
  66              	.LFB257:
  67              		.loc 1 46 0
  68              		.cfi_startproc
  69              		@ args = 0, pretend = 0, frame = 0
  70              		@ frame_needed = 0, uses_anonymous_args = 0
  71 0000 08B5     		push	{r3, lr}
  72              		.cfi_def_cfa_offset 8
  73              		.cfi_offset 3, -8
  74              		.cfi_offset 14, -4
  75              		.loc 1 47 0
  76 0002 4FF40060 		mov	r0, #2048
  77 0006 FFF7FEFF 		bl	EXTI_GetITStatus
  78              	.LVL3:
  79 000a 00B9     		cbnz	r0, .L7
  80 000c 08BD     		pop	{r3, pc}
  81              	.L7:
  82              		.loc 1 48 0
  83 000e FFF7FEFF 		bl	encoder_reset
  84              	.LVL4:
  85              		.loc 1 51 0
  86 0012 4FF40060 		mov	r0, #2048
  87              		.loc 1 53 0
  88 0016 BDE80840 		pop	{r3, lr}
  89              		.loc 1 51 0
  90 001a FFF7FEBF 		b	EXTI_ClearITPendingBit
  91              	.LVL5:
  92              		.cfi_endproc
  93              	.LFE257:
  94              		.size	VectorE0, .-VectorE0
  95 001e 00BF     		.section	.text.VectorB8,"ax",%progbits
  96              		.align	2
  97              		.p2align 4,,15
  98              		.global	VectorB8
  99              		.thumb
 100              		.thumb_func
 101              		.type	VectorB8, %function
 102              	VectorB8:
 103              	.LFB258:
 104              		.loc 1 55 0
 105              		.cfi_startproc
 106              		@ args = 0, pretend = 0, frame = 0
 107              		@ frame_needed = 0, uses_anonymous_args = 0
 108 0000 08B5     		push	{r3, lr}
 109              		.cfi_def_cfa_offset 8
 110              		.cfi_offset 3, -8
 111              		.cfi_offset 14, -4
 112              		.loc 1 56 0
 113 0002 0748     		ldr	r0, .L11
 114 0004 0121     		movs	r1, #1
ARM GAS  /tmp/ccwifD7O.s 			page 3


 115 0006 FFF7FEFF 		bl	TIM_GetITStatus
 116              	.LVL6:
 117 000a 00B9     		cbnz	r0, .L10
 118 000c 08BD     		pop	{r3, pc}
 119              	.L10:
 120              		.loc 1 57 0
 121 000e FFF7FEFF 		bl	encoder_tim_isr
 122              	.LVL7:
 123              		.loc 1 60 0
 124 0012 0348     		ldr	r0, .L11
 125 0014 0121     		movs	r1, #1
 126              		.loc 1 62 0
 127 0016 BDE80840 		pop	{r3, lr}
 128              		.loc 1 60 0
 129 001a FFF7FEBF 		b	TIM_ClearITPendingBit
 130              	.LVL8:
 131              	.L12:
 132 001e 00BF     		.align	2
 133              	.L11:
 134 0020 00080040 		.word	1073743872
 135              		.cfi_endproc
 136              	.LFE258:
 137              		.size	VectorB8, .-VectorB8
 138 0024 AFF30080 		.section	.text.VectorF8,"ax",%progbits
 138      AFF30080 
 138      AFF30080 
 139              		.align	2
 140              		.p2align 4,,15
 141              		.global	VectorF8
 142              		.thumb
 143              		.thumb_func
 144              		.type	VectorF8, %function
 145              	VectorF8:
 146              	.LFB259:
 147              		.loc 1 64 0
 148              		.cfi_startproc
 149              		@ args = 0, pretend = 0, frame = 0
 150              		@ frame_needed = 0, uses_anonymous_args = 0
 151 0000 08B5     		push	{r3, lr}
 152              		.cfi_def_cfa_offset 8
 153              		.cfi_offset 3, -8
 154              		.cfi_offset 14, -4
 155              		.loc 1 65 0
 156 0002 0748     		ldr	r0, .L16
 157 0004 0221     		movs	r1, #2
 158 0006 FFF7FEFF 		bl	TIM_GetITStatus
 159              	.LVL9:
 160 000a 00B9     		cbnz	r0, .L15
 161 000c 08BD     		pop	{r3, pc}
 162              	.L15:
 163              		.loc 1 66 0
 164 000e FFF7FEFF 		bl	mcpwm_foc_tim_sample_int_handler
 165              	.LVL10:
 166              		.loc 1 69 0
 167 0012 0348     		ldr	r0, .L16
 168 0014 0221     		movs	r1, #2
 169              		.loc 1 71 0
ARM GAS  /tmp/ccwifD7O.s 			page 4


 170 0016 BDE80840 		pop	{r3, lr}
 171              		.loc 1 69 0
 172 001a FFF7FEBF 		b	TIM_ClearITPendingBit
 173              	.LVL11:
 174              	.L17:
 175 001e 00BF     		.align	2
 176              	.L16:
 177 0020 00040140 		.word	1073808384
 178              		.cfi_endproc
 179              	.LFE259:
 180              		.size	VectorF8, .-VectorF8
 181 0024 AFF30080 		.text
 181      AFF30080 
 181      AFF30080 
 182              	.Letext0:
 183              		.file 2 "/usr/include/newlib/machine/_default_types.h"
 184              		.file 3 "/usr/include/newlib/stdint.h"
 185              		.file 4 "ChibiOS_3.0.2/os/rt/ports/ARMCMx/compilers/GCC/chtypes.h"
 186              		.file 5 "ChibiOS_3.0.2/os/rt/include/chsystypes.h"
 187              		.file 6 "ChibiOS_3.0.2/os/rt/include/chschd.h"
 188              		.file 7 "ChibiOS_3.0.2/os/ext/CMSIS/ST/stm32f407xx.h"
 189              		.file 8 "ChibiOS_3.0.2/os/ext/CMSIS/ST/stm32f4xx.h"
 190              		.file 9 "ChibiOS_3.0.2/os/rt/ports/ARMCMx/chcore.h"
 191              		.file 10 "ChibiOS_3.0.2/os/rt/ports/ARMCMx/chcore_v7m.h"
 192              		.file 11 "ChibiOS_3.0.2/os/rt/include/chtm.h"
 193              		.file 12 "ChibiOS_3.0.2/os/rt/include/chsem.h"
 194              		.file 13 "ChibiOS_3.0.2/os/rt/include/chmtx.h"
 195              		.file 14 "mc_interface.h"
 196              		.file 15 "encoder.h"
 197              		.file 16 "ChibiOS_3.0.2/ext/stdperiph_stm32f4/inc/stm32f4xx_adc.h"
 198              		.file 17 "ChibiOS_3.0.2/ext/stdperiph_stm32f4/inc/stm32f4xx_exti.h"
 199              		.file 18 "ChibiOS_3.0.2/ext/stdperiph_stm32f4/inc/stm32f4xx_tim.h"
 200              		.file 19 "mcpwm_foc.h"
 201              		.file 20 "ChibiOS_3.0.2/os/ext/CMSIS/include/core_cm4.h"
 202              		.section	.debug_info,"",%progbits
 203              	.Ldebug_info0:
 204 0000 5D0B0000 		.4byte	0xb5d
 205 0004 0400     		.2byte	0x4
 206 0006 00000000 		.4byte	.Ldebug_abbrev0
 207 000a 04       		.byte	0x4
 208 000b 01       		.uleb128 0x1
 209 000c 62010000 		.4byte	.LASF152
 210 0010 01       		.byte	0x1
 211 0011 C1060000 		.4byte	.LASF153
 212 0015 9E020000 		.4byte	.LASF154
 213 0019 00000000 		.4byte	.Ldebug_ranges0+0
 214 001d 00000000 		.4byte	0
 215 0021 00000000 		.4byte	.Ldebug_line0
 216 0025 02       		.uleb128 0x2
 217 0026 04       		.byte	0x4
 218 0027 05       		.byte	0x5
 219 0028 696E7400 		.ascii	"int\000"
 220 002c 03       		.uleb128 0x3
 221 002d 04       		.byte	0x4
 222 002e 07       		.byte	0x7
 223 002f FC020000 		.4byte	.LASF0
 224 0033 03       		.uleb128 0x3
ARM GAS  /tmp/ccwifD7O.s 			page 5


 225 0034 01       		.byte	0x1
 226 0035 06       		.byte	0x6
 227 0036 E0000000 		.4byte	.LASF1
 228 003a 04       		.uleb128 0x4
 229 003b 28000000 		.4byte	.LASF4
 230 003f 02       		.byte	0x2
 231 0040 1D       		.byte	0x1d
 232 0041 45000000 		.4byte	0x45
 233 0045 03       		.uleb128 0x3
 234 0046 01       		.byte	0x1
 235 0047 08       		.byte	0x8
 236 0048 0D050000 		.4byte	.LASF2
 237 004c 03       		.uleb128 0x3
 238 004d 02       		.byte	0x2
 239 004e 05       		.byte	0x5
 240 004f 25050000 		.4byte	.LASF3
 241 0053 04       		.uleb128 0x4
 242 0054 DE050000 		.4byte	.LASF5
 243 0058 02       		.byte	0x2
 244 0059 2B       		.byte	0x2b
 245 005a 5E000000 		.4byte	0x5e
 246 005e 03       		.uleb128 0x3
 247 005f 02       		.byte	0x2
 248 0060 07       		.byte	0x7
 249 0061 3E030000 		.4byte	.LASF6
 250 0065 04       		.uleb128 0x4
 251 0066 B0030000 		.4byte	.LASF7
 252 006a 02       		.byte	0x2
 253 006b 3F       		.byte	0x3f
 254 006c 70000000 		.4byte	0x70
 255 0070 03       		.uleb128 0x3
 256 0071 04       		.byte	0x4
 257 0072 05       		.byte	0x5
 258 0073 31010000 		.4byte	.LASF8
 259 0077 04       		.uleb128 0x4
 260 0078 1C060000 		.4byte	.LASF9
 261 007c 02       		.byte	0x2
 262 007d 41       		.byte	0x41
 263 007e 82000000 		.4byte	0x82
 264 0082 03       		.uleb128 0x3
 265 0083 04       		.byte	0x4
 266 0084 07       		.byte	0x7
 267 0085 C2050000 		.4byte	.LASF10
 268 0089 03       		.uleb128 0x3
 269 008a 08       		.byte	0x8
 270 008b 05       		.byte	0x5
 271 008c D2000000 		.4byte	.LASF11
 272 0090 04       		.uleb128 0x4
 273 0091 9B040000 		.4byte	.LASF12
 274 0095 02       		.byte	0x2
 275 0096 5B       		.byte	0x5b
 276 0097 9B000000 		.4byte	0x9b
 277 009b 03       		.uleb128 0x3
 278 009c 08       		.byte	0x8
 279 009d 07       		.byte	0x7
 280 009e 57000000 		.4byte	.LASF13
 281 00a2 04       		.uleb128 0x4
ARM GAS  /tmp/ccwifD7O.s 			page 6


 282 00a3 B9060000 		.4byte	.LASF14
 283 00a7 03       		.byte	0x3
 284 00a8 2A       		.byte	0x2a
 285 00a9 3A000000 		.4byte	0x3a
 286 00ad 04       		.uleb128 0x4
 287 00ae 59010000 		.4byte	.LASF15
 288 00b2 03       		.byte	0x3
 289 00b3 36       		.byte	0x36
 290 00b4 53000000 		.4byte	0x53
 291 00b8 04       		.uleb128 0x4
 292 00b9 05050000 		.4byte	.LASF16
 293 00bd 03       		.byte	0x3
 294 00be 41       		.byte	0x41
 295 00bf 65000000 		.4byte	0x65
 296 00c3 04       		.uleb128 0x4
 297 00c4 8F050000 		.4byte	.LASF17
 298 00c8 03       		.byte	0x3
 299 00c9 42       		.byte	0x42
 300 00ca 77000000 		.4byte	0x77
 301 00ce 04       		.uleb128 0x4
 302 00cf 1F000000 		.4byte	.LASF18
 303 00d3 03       		.byte	0x3
 304 00d4 4E       		.byte	0x4e
 305 00d5 90000000 		.4byte	0x90
 306 00d9 05       		.uleb128 0x5
 307 00da B8000000 		.4byte	0xb8
 308 00de 05       		.uleb128 0x5
 309 00df C3000000 		.4byte	0xc3
 310 00e3 04       		.uleb128 0x4
 311 00e4 DD030000 		.4byte	.LASF19
 312 00e8 04       		.byte	0x4
 313 00e9 45       		.byte	0x45
 314 00ea C3000000 		.4byte	0xc3
 315 00ee 04       		.uleb128 0x4
 316 00ef 8E030000 		.4byte	.LASF20
 317 00f3 04       		.byte	0x4
 318 00f4 48       		.byte	0x48
 319 00f5 A2000000 		.4byte	0xa2
 320 00f9 04       		.uleb128 0x4
 321 00fa 50010000 		.4byte	.LASF21
 322 00fe 04       		.byte	0x4
 323 00ff 49       		.byte	0x49
 324 0100 A2000000 		.4byte	0xa2
 325 0104 04       		.uleb128 0x4
 326 0105 C2040000 		.4byte	.LASF22
 327 0109 04       		.byte	0x4
 328 010a 4A       		.byte	0x4a
 329 010b A2000000 		.4byte	0xa2
 330 010f 04       		.uleb128 0x4
 331 0110 14010000 		.4byte	.LASF23
 332 0114 04       		.byte	0x4
 333 0115 4B       		.byte	0x4b
 334 0116 A2000000 		.4byte	0xa2
 335 011a 04       		.uleb128 0x4
 336 011b E7040000 		.4byte	.LASF24
 337 011f 04       		.byte	0x4
 338 0120 4C       		.byte	0x4c
ARM GAS  /tmp/ccwifD7O.s 			page 7


 339 0121 C3000000 		.4byte	0xc3
 340 0125 04       		.uleb128 0x4
 341 0126 7C030000 		.4byte	.LASF25
 342 012a 04       		.byte	0x4
 343 012b 4D       		.byte	0x4d
 344 012c B8000000 		.4byte	0xb8
 345 0130 04       		.uleb128 0x4
 346 0131 A4030000 		.4byte	.LASF26
 347 0135 04       		.byte	0x4
 348 0136 4F       		.byte	0x4f
 349 0137 C3000000 		.4byte	0xc3
 350 013b 04       		.uleb128 0x4
 351 013c 23040000 		.4byte	.LASF27
 352 0140 04       		.byte	0x4
 353 0141 51       		.byte	0x51
 354 0142 B8000000 		.4byte	0xb8
 355 0146 04       		.uleb128 0x4
 356 0147 FE050000 		.4byte	.LASF28
 357 014b 05       		.byte	0x5
 358 014c 33       		.byte	0x33
 359 014d C3000000 		.4byte	0xc3
 360 0151 04       		.uleb128 0x4
 361 0152 E9050000 		.4byte	.LASF29
 362 0156 05       		.byte	0x5
 363 0157 3F       		.byte	0x3f
 364 0158 5C010000 		.4byte	0x15c
 365 015c 06       		.uleb128 0x6
 366 015d 51030000 		.4byte	.LASF51
 367 0161 48       		.byte	0x48
 368 0162 06       		.byte	0x6
 369 0163 C2       		.byte	0xc2
 370 0164 61020000 		.4byte	0x261
 371 0168 07       		.uleb128 0x7
 372 0169 4F050000 		.4byte	.LASF30
 373 016d 06       		.byte	0x6
 374 016e C3       		.byte	0xc3
 375 016f 6C020000 		.4byte	0x26c
 376 0173 00       		.byte	0
 377 0174 07       		.uleb128 0x7
 378 0175 DA040000 		.4byte	.LASF31
 379 0179 06       		.byte	0x6
 380 017a C5       		.byte	0xc5
 381 017b 6C020000 		.4byte	0x26c
 382 017f 04       		.byte	0x4
 383 0180 07       		.uleb128 0x7
 384 0181 B2000000 		.4byte	.LASF32
 385 0185 06       		.byte	0x6
 386 0186 C7       		.byte	0xc7
 387 0187 1A010000 		.4byte	0x11a
 388 018b 08       		.byte	0x8
 389 018c 07       		.uleb128 0x7
 390 018d 19070000 		.4byte	.LASF33
 391 0191 06       		.byte	0x6
 392 0192 C8       		.byte	0xc8
 393 0193 E3060000 		.4byte	0x6e3
 394 0197 0C       		.byte	0xc
 395 0198 07       		.uleb128 0x7
ARM GAS  /tmp/ccwifD7O.s 			page 8


 396 0199 6C020000 		.4byte	.LASF34
 397 019d 06       		.byte	0x6
 398 019e CA       		.byte	0xca
 399 019f 6C020000 		.4byte	0x26c
 400 01a3 10       		.byte	0x10
 401 01a4 07       		.uleb128 0x7
 402 01a5 44040000 		.4byte	.LASF35
 403 01a9 06       		.byte	0x6
 404 01aa CB       		.byte	0xcb
 405 01ab 6C020000 		.4byte	0x26c
 406 01af 14       		.byte	0x14
 407 01b0 07       		.uleb128 0x7
 408 01b1 EC060000 		.4byte	.LASF36
 409 01b5 06       		.byte	0x6
 410 01b6 D2       		.byte	0xd2
 411 01b7 28090000 		.4byte	0x928
 412 01bb 18       		.byte	0x18
 413 01bc 07       		.uleb128 0x7
 414 01bd 2F050000 		.4byte	.LASF37
 415 01c1 06       		.byte	0x6
 416 01c2 DD       		.byte	0xdd
 417 01c3 F9000000 		.4byte	0xf9
 418 01c7 1C       		.byte	0x1c
 419 01c8 07       		.uleb128 0x7
 420 01c9 56050000 		.4byte	.LASF38
 421 01cd 06       		.byte	0x6
 422 01ce E1       		.byte	0xe1
 423 01cf EE000000 		.4byte	0xee
 424 01d3 1D       		.byte	0x1d
 425 01d4 07       		.uleb128 0x7
 426 01d5 6E040000 		.4byte	.LASF39
 427 01d9 06       		.byte	0x6
 428 01da E6       		.byte	0xe6
 429 01db 04010000 		.4byte	0x104
 430 01df 1E       		.byte	0x1e
 431 01e0 07       		.uleb128 0x7
 432 01e1 37050000 		.4byte	.LASF40
 433 01e5 06       		.byte	0x6
 434 01e6 EC       		.byte	0xec
 435 01e7 0F010000 		.4byte	0x10f
 436 01eb 1F       		.byte	0x1f
 437 01ec 07       		.uleb128 0x7
 438 01ed 38060000 		.4byte	.LASF41
 439 01f1 06       		.byte	0x6
 440 01f2 F3       		.byte	0xf3
 441 01f3 3A090000 		.4byte	0x93a
 442 01f7 20       		.byte	0x20
 443 01f8 08       		.uleb128 0x8
 444 01f9 705F7500 		.ascii	"p_u\000"
 445 01fd 06       		.byte	0x6
 446 01fe 3101     		.2byte	0x131
 447 0200 63080000 		.4byte	0x863
 448 0204 24       		.byte	0x24
 449 0205 09       		.uleb128 0x9
 450 0206 1F070000 		.4byte	.LASF42
 451 020a 06       		.byte	0x6
 452 020b 3601     		.2byte	0x136
ARM GAS  /tmp/ccwifD7O.s 			page 9


 453 020d 72020000 		.4byte	0x272
 454 0211 28       		.byte	0x28
 455 0212 09       		.uleb128 0x9
 456 0213 50060000 		.4byte	.LASF43
 457 0217 06       		.byte	0x6
 458 0218 3C01     		.2byte	0x13c
 459 021a 96020000 		.4byte	0x296
 460 021e 2C       		.byte	0x2c
 461 021f 09       		.uleb128 0x9
 462 0220 02070000 		.4byte	.LASF44
 463 0224 06       		.byte	0x6
 464 0225 4001     		.2byte	0x140
 465 0227 25010000 		.4byte	0x125
 466 022b 34       		.byte	0x34
 467 022c 09       		.uleb128 0x9
 468 022d 84050000 		.4byte	.LASF45
 469 0231 06       		.byte	0x6
 470 0232 4601     		.2byte	0x146
 471 0234 30010000 		.4byte	0x130
 472 0238 38       		.byte	0x38
 473 0239 09       		.uleb128 0x9
 474 023a 1B050000 		.4byte	.LASF46
 475 023e 06       		.byte	0x6
 476 023f 4D01     		.2byte	0x14d
 477 0241 22090000 		.4byte	0x922
 478 0245 3C       		.byte	0x3c
 479 0246 09       		.uleb128 0x9
 480 0247 08060000 		.4byte	.LASF47
 481 024b 06       		.byte	0x6
 482 024c 5101     		.2byte	0x151
 483 024e 1A010000 		.4byte	0x11a
 484 0252 40       		.byte	0x40
 485 0253 09       		.uleb128 0x9
 486 0254 EC000000 		.4byte	.LASF48
 487 0258 06       		.byte	0x6
 488 0259 5801     		.2byte	0x158
 489 025b 49030000 		.4byte	0x349
 490 025f 44       		.byte	0x44
 491 0260 00       		.byte	0
 492 0261 04       		.uleb128 0x4
 493 0262 E5030000 		.4byte	.LASF49
 494 0266 05       		.byte	0x5
 495 0267 44       		.byte	0x44
 496 0268 6C020000 		.4byte	0x26c
 497 026c 0A       		.uleb128 0xa
 498 026d 04       		.byte	0x4
 499 026e 51010000 		.4byte	0x151
 500 0272 04       		.uleb128 0x4
 501 0273 F3060000 		.4byte	.LASF50
 502 0277 05       		.byte	0x5
 503 0278 49       		.byte	0x49
 504 0279 7D020000 		.4byte	0x27d
 505 027d 06       		.uleb128 0x6
 506 027e B2050000 		.4byte	.LASF52
 507 0282 04       		.byte	0x4
 508 0283 06       		.byte	0x6
 509 0284 B0       		.byte	0xb0
ARM GAS  /tmp/ccwifD7O.s 			page 10


 510 0285 96020000 		.4byte	0x296
 511 0289 07       		.uleb128 0x7
 512 028a 4F050000 		.4byte	.LASF30
 513 028e 06       		.byte	0x6
 514 028f B1       		.byte	0xb1
 515 0290 6C020000 		.4byte	0x26c
 516 0294 00       		.byte	0
 517 0295 00       		.byte	0
 518 0296 04       		.uleb128 0x4
 519 0297 5E050000 		.4byte	.LASF53
 520 029b 05       		.byte	0x5
 521 029c 50       		.byte	0x50
 522 029d A1020000 		.4byte	0x2a1
 523 02a1 06       		.uleb128 0x6
 524 02a2 A1000000 		.4byte	.LASF54
 525 02a6 08       		.byte	0x8
 526 02a7 06       		.byte	0x6
 527 02a8 B7       		.byte	0xb7
 528 02a9 C6020000 		.4byte	0x2c6
 529 02ad 07       		.uleb128 0x7
 530 02ae 4F050000 		.4byte	.LASF30
 531 02b2 06       		.byte	0x6
 532 02b3 B8       		.byte	0xb8
 533 02b4 6C020000 		.4byte	0x26c
 534 02b8 00       		.byte	0
 535 02b9 07       		.uleb128 0x7
 536 02ba DA040000 		.4byte	.LASF31
 537 02be 06       		.byte	0x6
 538 02bf B9       		.byte	0xb9
 539 02c0 6C020000 		.4byte	0x26c
 540 02c4 04       		.byte	0x4
 541 02c5 00       		.byte	0
 542 02c6 04       		.uleb128 0x4
 543 02c7 00000000 		.4byte	.LASF55
 544 02cb 05       		.byte	0x5
 545 02cc 57       		.byte	0x57
 546 02cd D1020000 		.4byte	0x2d1
 547 02d1 0B       		.uleb128 0xb
 548 02d2 96030000 		.4byte	.LASF56
 549 02d6 1C       		.byte	0x1c
 550 02d7 06       		.byte	0x6
 551 02d8 9001     		.2byte	0x190
 552 02da 2D030000 		.4byte	0x32d
 553 02de 09       		.uleb128 0x9
 554 02df 9F050000 		.4byte	.LASF57
 555 02e3 06       		.byte	0x6
 556 02e4 9101     		.2byte	0x191
 557 02e6 96020000 		.4byte	0x296
 558 02ea 00       		.byte	0
 559 02eb 09       		.uleb128 0x9
 560 02ec 41050000 		.4byte	.LASF58
 561 02f0 06       		.byte	0x6
 562 02f1 9201     		.2byte	0x192
 563 02f3 1A010000 		.4byte	0x11a
 564 02f7 08       		.byte	0x8
 565 02f8 09       		.uleb128 0x9
 566 02f9 4C040000 		.4byte	.LASF59
ARM GAS  /tmp/ccwifD7O.s 			page 11


 567 02fd 06       		.byte	0x6
 568 02fe 9401     		.2byte	0x194
 569 0300 E3060000 		.4byte	0x6e3
 570 0304 0C       		.byte	0xc
 571 0305 09       		.uleb128 0x9
 572 0306 85020000 		.4byte	.LASF60
 573 030a 06       		.byte	0x6
 574 030b 9701     		.2byte	0x197
 575 030d 6C020000 		.4byte	0x26c
 576 0311 10       		.byte	0x10
 577 0312 09       		.uleb128 0x9
 578 0313 7F040000 		.4byte	.LASF61
 579 0317 06       		.byte	0x6
 580 0318 9801     		.2byte	0x198
 581 031a 6C020000 		.4byte	0x26c
 582 031e 14       		.byte	0x14
 583 031f 09       		.uleb128 0x9
 584 0320 75040000 		.4byte	.LASF62
 585 0324 06       		.byte	0x6
 586 0325 9B01     		.2byte	0x19b
 587 0327 6C020000 		.4byte	0x26c
 588 032b 18       		.byte	0x18
 589 032c 00       		.byte	0
 590 032d 04       		.uleb128 0x4
 591 032e 13060000 		.4byte	.LASF63
 592 0332 05       		.byte	0x5
 593 0333 5C       		.byte	0x5c
 594 0334 38030000 		.4byte	0x338
 595 0338 0A       		.uleb128 0xa
 596 0339 04       		.byte	0x4
 597 033a 3E030000 		.4byte	0x33e
 598 033e 0C       		.uleb128 0xc
 599 033f 49030000 		.4byte	0x349
 600 0343 0D       		.uleb128 0xd
 601 0344 49030000 		.4byte	0x349
 602 0348 00       		.byte	0
 603 0349 0E       		.uleb128 0xe
 604 034a 04       		.byte	0x4
 605 034b 04       		.uleb128 0x4
 606 034c CA040000 		.4byte	.LASF64
 607 0350 05       		.byte	0x5
 608 0351 61       		.byte	0x61
 609 0352 56030000 		.4byte	0x356
 610 0356 0B       		.uleb128 0xb
 611 0357 3F060000 		.4byte	.LASF65
 612 035b 14       		.byte	0x14
 613 035c 06       		.byte	0x6
 614 035d 6B01     		.2byte	0x16b
 615 035f A5030000 		.4byte	0x3a5
 616 0363 09       		.uleb128 0x9
 617 0364 09030000 		.4byte	.LASF66
 618 0368 06       		.byte	0x6
 619 0369 6C01     		.2byte	0x16c
 620 036b 3F090000 		.4byte	0x93f
 621 036f 00       		.byte	0
 622 0370 09       		.uleb128 0x9
 623 0371 96020000 		.4byte	.LASF67
ARM GAS  /tmp/ccwifD7O.s 			page 12


 624 0375 06       		.byte	0x6
 625 0376 6D01     		.2byte	0x16d
 626 0378 3F090000 		.4byte	0x93f
 627 037c 04       		.byte	0x4
 628 037d 09       		.uleb128 0x9
 629 037e 18030000 		.4byte	.LASF68
 630 0382 06       		.byte	0x6
 631 0383 6E01     		.2byte	0x16e
 632 0385 46010000 		.4byte	0x146
 633 0389 08       		.byte	0x8
 634 038a 09       		.uleb128 0x9
 635 038b 1B040000 		.4byte	.LASF69
 636 038f 06       		.byte	0x6
 637 0390 6F01     		.2byte	0x16f
 638 0392 2D030000 		.4byte	0x32d
 639 0396 0C       		.byte	0xc
 640 0397 09       		.uleb128 0x9
 641 0398 5B060000 		.4byte	.LASF70
 642 039c 06       		.byte	0x6
 643 039d 7101     		.2byte	0x171
 644 039f 49030000 		.4byte	0x349
 645 03a3 10       		.byte	0x10
 646 03a4 00       		.byte	0
 647 03a5 04       		.uleb128 0x4
 648 03a6 79000000 		.4byte	.LASF71
 649 03aa 05       		.byte	0x5
 650 03ab 66       		.byte	0x66
 651 03ac B0030000 		.4byte	0x3b0
 652 03b0 0B       		.uleb128 0xb
 653 03b1 F8030000 		.4byte	.LASF72
 654 03b5 10       		.byte	0x10
 655 03b6 06       		.byte	0x6
 656 03b7 7B01     		.2byte	0x17b
 657 03b9 F2030000 		.4byte	0x3f2
 658 03bd 09       		.uleb128 0x9
 659 03be 09030000 		.4byte	.LASF66
 660 03c2 06       		.byte	0x6
 661 03c3 7C01     		.2byte	0x17c
 662 03c5 3F090000 		.4byte	0x93f
 663 03c9 00       		.byte	0
 664 03ca 09       		.uleb128 0x9
 665 03cb 96020000 		.4byte	.LASF67
 666 03cf 06       		.byte	0x6
 667 03d0 7E01     		.2byte	0x17e
 668 03d2 3F090000 		.4byte	0x93f
 669 03d6 04       		.byte	0x4
 670 03d7 09       		.uleb128 0x9
 671 03d8 18030000 		.4byte	.LASF68
 672 03dc 06       		.byte	0x6
 673 03dd 8001     		.2byte	0x180
 674 03df 46010000 		.4byte	0x146
 675 03e3 08       		.byte	0x8
 676 03e4 09       		.uleb128 0x9
 677 03e5 A7050000 		.4byte	.LASF73
 678 03e9 06       		.byte	0x6
 679 03ea 8201     		.2byte	0x182
 680 03ec 3A090000 		.4byte	0x93a
ARM GAS  /tmp/ccwifD7O.s 			page 13


 681 03f0 0C       		.byte	0xc
 682 03f1 00       		.byte	0
 683 03f2 04       		.uleb128 0x4
 684 03f3 21030000 		.4byte	.LASF74
 685 03f7 05       		.byte	0x5
 686 03f8 6B       		.byte	0x6b
 687 03f9 FD030000 		.4byte	0x3fd
 688 03fd 0B       		.uleb128 0xb
 689 03fe EF040000 		.4byte	.LASF75
 690 0402 04       		.byte	0x4
 691 0403 06       		.byte	0x6
 692 0404 A201     		.2byte	0x1a2
 693 0406 18040000 		.4byte	0x418
 694 040a 09       		.uleb128 0x9
 695 040b 27060000 		.4byte	.LASF76
 696 040f 06       		.byte	0x6
 697 0410 AA01     		.2byte	0x1aa
 698 0412 45090000 		.4byte	0x945
 699 0416 00       		.byte	0
 700 0417 00       		.byte	0
 701 0418 04       		.uleb128 0x4
 702 0419 82030000 		.4byte	.LASF77
 703 041d 05       		.byte	0x5
 704 041e 70       		.byte	0x70
 705 041f 23040000 		.4byte	0x423
 706 0423 0F       		.uleb128 0xf
 707 0424 27010000 		.4byte	.LASF78
 708 0428 5802     		.2byte	0x258
 709 042a 06       		.byte	0x6
 710 042b C201     		.2byte	0x1c2
 711 042d 7F040000 		.4byte	0x47f
 712 0431 09       		.uleb128 0x9
 713 0432 B3060000 		.4byte	.LASF79
 714 0436 06       		.byte	0x6
 715 0437 C601     		.2byte	0x1c6
 716 0439 C6020000 		.4byte	0x2c6
 717 043d 00       		.byte	0
 718 043e 09       		.uleb128 0x9
 719 043f 3E000000 		.4byte	.LASF80
 720 0443 06       		.byte	0x6
 721 0444 CA01     		.2byte	0x1ca
 722 0446 A5030000 		.4byte	0x3a5
 723 044a 1C       		.byte	0x1c
 724 044b 08       		.uleb128 0x8
 725 044c 64626700 		.ascii	"dbg\000"
 726 0450 06       		.byte	0x6
 727 0451 CE01     		.2byte	0x1ce
 728 0453 F2030000 		.4byte	0x3f2
 729 0457 2C       		.byte	0x2c
 730 0458 09       		.uleb128 0x9
 731 0459 6E000000 		.4byte	.LASF81
 732 045d 06       		.byte	0x6
 733 045e D201     		.2byte	0x1d2
 734 0460 51010000 		.4byte	0x151
 735 0464 30       		.byte	0x30
 736 0465 08       		.uleb128 0x8
 737 0466 746D00   		.ascii	"tm\000"
ARM GAS  /tmp/ccwifD7O.s 			page 14


 738 0469 06       		.byte	0x6
 739 046a D701     		.2byte	0x1d7
 740 046c 58080000 		.4byte	0x858
 741 0470 78       		.byte	0x78
 742 0471 09       		.uleb128 0x9
 743 0472 D6020000 		.4byte	.LASF82
 744 0476 06       		.byte	0x6
 745 0477 E301     		.2byte	0x1e3
 746 0479 4A090000 		.4byte	0x94a
 747 047d 80       		.byte	0x80
 748 047e 00       		.byte	0
 749 047f 03       		.uleb128 0x3
 750 0480 04       		.byte	0x4
 751 0481 07       		.byte	0x7
 752 0482 D0060000 		.4byte	.LASF83
 753 0486 10       		.uleb128 0x10
 754 0487 50       		.byte	0x50
 755 0488 07       		.byte	0x7
 756 0489 C4       		.byte	0xc4
 757 048a 7D050000 		.4byte	0x57d
 758 048e 11       		.uleb128 0x11
 759 048f 535200   		.ascii	"SR\000"
 760 0492 07       		.byte	0x7
 761 0493 C6       		.byte	0xc6
 762 0494 DE000000 		.4byte	0xde
 763 0498 00       		.byte	0
 764 0499 11       		.uleb128 0x11
 765 049a 43523100 		.ascii	"CR1\000"
 766 049e 07       		.byte	0x7
 767 049f C7       		.byte	0xc7
 768 04a0 DE000000 		.4byte	0xde
 769 04a4 04       		.byte	0x4
 770 04a5 11       		.uleb128 0x11
 771 04a6 43523200 		.ascii	"CR2\000"
 772 04aa 07       		.byte	0x7
 773 04ab C8       		.byte	0xc8
 774 04ac DE000000 		.4byte	0xde
 775 04b0 08       		.byte	0x8
 776 04b1 07       		.uleb128 0x7
 777 04b2 52040000 		.4byte	.LASF84
 778 04b6 07       		.byte	0x7
 779 04b7 C9       		.byte	0xc9
 780 04b8 DE000000 		.4byte	0xde
 781 04bc 0C       		.byte	0xc
 782 04bd 07       		.uleb128 0x7
 783 04be 58040000 		.4byte	.LASF85
 784 04c2 07       		.byte	0x7
 785 04c3 CA       		.byte	0xca
 786 04c4 DE000000 		.4byte	0xde
 787 04c8 10       		.byte	0x10
 788 04c9 07       		.uleb128 0x7
 789 04ca C5030000 		.4byte	.LASF86
 790 04ce 07       		.byte	0x7
 791 04cf CB       		.byte	0xcb
 792 04d0 DE000000 		.4byte	0xde
 793 04d4 14       		.byte	0x14
 794 04d5 07       		.uleb128 0x7
ARM GAS  /tmp/ccwifD7O.s 			page 15


 795 04d6 CB030000 		.4byte	.LASF87
 796 04da 07       		.byte	0x7
 797 04db CC       		.byte	0xcc
 798 04dc DE000000 		.4byte	0xde
 799 04e0 18       		.byte	0x18
 800 04e1 07       		.uleb128 0x7
 801 04e2 D1030000 		.4byte	.LASF88
 802 04e6 07       		.byte	0x7
 803 04e7 CD       		.byte	0xcd
 804 04e8 DE000000 		.4byte	0xde
 805 04ec 1C       		.byte	0x1c
 806 04ed 07       		.uleb128 0x7
 807 04ee D7030000 		.4byte	.LASF89
 808 04f2 07       		.byte	0x7
 809 04f3 CE       		.byte	0xce
 810 04f4 DE000000 		.4byte	0xde
 811 04f8 20       		.byte	0x20
 812 04f9 11       		.uleb128 0x11
 813 04fa 48545200 		.ascii	"HTR\000"
 814 04fe 07       		.byte	0x7
 815 04ff CF       		.byte	0xcf
 816 0500 DE000000 		.4byte	0xde
 817 0504 24       		.byte	0x24
 818 0505 11       		.uleb128 0x11
 819 0506 4C545200 		.ascii	"LTR\000"
 820 050a 07       		.byte	0x7
 821 050b D0       		.byte	0xd0
 822 050c DE000000 		.4byte	0xde
 823 0510 28       		.byte	0x28
 824 0511 07       		.uleb128 0x7
 825 0512 8C040000 		.4byte	.LASF90
 826 0516 07       		.byte	0x7
 827 0517 D1       		.byte	0xd1
 828 0518 DE000000 		.4byte	0xde
 829 051c 2C       		.byte	0x2c
 830 051d 07       		.uleb128 0x7
 831 051e 91040000 		.4byte	.LASF91
 832 0522 07       		.byte	0x7
 833 0523 D2       		.byte	0xd2
 834 0524 DE000000 		.4byte	0xde
 835 0528 30       		.byte	0x30
 836 0529 07       		.uleb128 0x7
 837 052a 96040000 		.4byte	.LASF92
 838 052e 07       		.byte	0x7
 839 052f D3       		.byte	0xd3
 840 0530 DE000000 		.4byte	0xde
 841 0534 34       		.byte	0x34
 842 0535 07       		.uleb128 0x7
 843 0536 B9000000 		.4byte	.LASF93
 844 053a 07       		.byte	0x7
 845 053b D4       		.byte	0xd4
 846 053c DE000000 		.4byte	0xde
 847 0540 38       		.byte	0x38
 848 0541 07       		.uleb128 0x7
 849 0542 3A040000 		.4byte	.LASF94
 850 0546 07       		.byte	0x7
 851 0547 D5       		.byte	0xd5
ARM GAS  /tmp/ccwifD7O.s 			page 16


 852 0548 DE000000 		.4byte	0xde
 853 054c 3C       		.byte	0x3c
 854 054d 07       		.uleb128 0x7
 855 054e 3F040000 		.4byte	.LASF95
 856 0552 07       		.byte	0x7
 857 0553 D6       		.byte	0xd6
 858 0554 DE000000 		.4byte	0xde
 859 0558 40       		.byte	0x40
 860 0559 07       		.uleb128 0x7
 861 055a D9060000 		.4byte	.LASF96
 862 055e 07       		.byte	0x7
 863 055f D7       		.byte	0xd7
 864 0560 DE000000 		.4byte	0xde
 865 0564 44       		.byte	0x44
 866 0565 07       		.uleb128 0x7
 867 0566 DE060000 		.4byte	.LASF97
 868 056a 07       		.byte	0x7
 869 056b D8       		.byte	0xd8
 870 056c DE000000 		.4byte	0xde
 871 0570 48       		.byte	0x48
 872 0571 11       		.uleb128 0x11
 873 0572 445200   		.ascii	"DR\000"
 874 0575 07       		.byte	0x7
 875 0576 D9       		.byte	0xd9
 876 0577 DE000000 		.4byte	0xde
 877 057b 4C       		.byte	0x4c
 878 057c 00       		.byte	0
 879 057d 04       		.uleb128 0x4
 880 057e 0F040000 		.4byte	.LASF98
 881 0582 07       		.byte	0x7
 882 0583 DA       		.byte	0xda
 883 0584 86040000 		.4byte	0x486
 884 0588 12       		.uleb128 0x12
 885 0589 54       		.byte	0x54
 886 058a 07       		.byte	0x7
 887 058b EC02     		.2byte	0x2ec
 888 058d A1060000 		.4byte	0x6a1
 889 0591 08       		.uleb128 0x8
 890 0592 43523100 		.ascii	"CR1\000"
 891 0596 07       		.byte	0x7
 892 0597 EE02     		.2byte	0x2ee
 893 0599 DE000000 		.4byte	0xde
 894 059d 00       		.byte	0
 895 059e 08       		.uleb128 0x8
 896 059f 43523200 		.ascii	"CR2\000"
 897 05a3 07       		.byte	0x7
 898 05a4 EF02     		.2byte	0x2ef
 899 05a6 DE000000 		.4byte	0xde
 900 05aa 04       		.byte	0x4
 901 05ab 09       		.uleb128 0x9
 902 05ac D9050000 		.4byte	.LASF99
 903 05b0 07       		.byte	0x7
 904 05b1 F002     		.2byte	0x2f0
 905 05b3 DE000000 		.4byte	0xde
 906 05b7 08       		.byte	0x8
 907 05b8 09       		.uleb128 0x9
 908 05b9 0D000000 		.4byte	.LASF100
ARM GAS  /tmp/ccwifD7O.s 			page 17


 909 05bd 07       		.byte	0x7
 910 05be F102     		.2byte	0x2f1
 911 05c0 DE000000 		.4byte	0xde
 912 05c4 0C       		.byte	0xc
 913 05c5 08       		.uleb128 0x8
 914 05c6 535200   		.ascii	"SR\000"
 915 05c9 07       		.byte	0x7
 916 05ca F202     		.2byte	0x2f2
 917 05cc DE000000 		.4byte	0xde
 918 05d0 10       		.byte	0x10
 919 05d1 08       		.uleb128 0x8
 920 05d2 45475200 		.ascii	"EGR\000"
 921 05d6 07       		.byte	0x7
 922 05d7 F302     		.2byte	0x2f3
 923 05d9 DE000000 		.4byte	0xde
 924 05dd 14       		.byte	0x14
 925 05de 09       		.uleb128 0x9
 926 05df BE000000 		.4byte	.LASF101
 927 05e3 07       		.byte	0x7
 928 05e4 F402     		.2byte	0x2f4
 929 05e6 DE000000 		.4byte	0xde
 930 05ea 18       		.byte	0x18
 931 05eb 09       		.uleb128 0x9
 932 05ec 45000000 		.4byte	.LASF102
 933 05f0 07       		.byte	0x7
 934 05f1 F502     		.2byte	0x2f5
 935 05f3 DE000000 		.4byte	0xde
 936 05f7 1C       		.byte	0x1c
 937 05f8 09       		.uleb128 0x9
 938 05f9 F2050000 		.4byte	.LASF103
 939 05fd 07       		.byte	0x7
 940 05fe F602     		.2byte	0x2f6
 941 0600 DE000000 		.4byte	0xde
 942 0604 20       		.byte	0x20
 943 0605 08       		.uleb128 0x8
 944 0606 434E5400 		.ascii	"CNT\000"
 945 060a 07       		.byte	0x7
 946 060b F702     		.2byte	0x2f7
 947 060d DE000000 		.4byte	0xde
 948 0611 24       		.byte	0x24
 949 0612 08       		.uleb128 0x8
 950 0613 50534300 		.ascii	"PSC\000"
 951 0617 07       		.byte	0x7
 952 0618 F802     		.2byte	0x2f8
 953 061a DE000000 		.4byte	0xde
 954 061e 28       		.byte	0x28
 955 061f 08       		.uleb128 0x8
 956 0620 41525200 		.ascii	"ARR\000"
 957 0624 07       		.byte	0x7
 958 0625 F902     		.2byte	0x2f9
 959 0627 DE000000 		.4byte	0xde
 960 062b 2C       		.byte	0x2c
 961 062c 08       		.uleb128 0x8
 962 062d 52435200 		.ascii	"RCR\000"
 963 0631 07       		.byte	0x7
 964 0632 FA02     		.2byte	0x2fa
 965 0634 DE000000 		.4byte	0xde
ARM GAS  /tmp/ccwifD7O.s 			page 18


 966 0638 30       		.byte	0x30
 967 0639 09       		.uleb128 0x9
 968 063a 83060000 		.4byte	.LASF104
 969 063e 07       		.byte	0x7
 970 063f FB02     		.2byte	0x2fb
 971 0641 DE000000 		.4byte	0xde
 972 0645 34       		.byte	0x34
 973 0646 09       		.uleb128 0x9
 974 0647 88060000 		.4byte	.LASF105
 975 064b 07       		.byte	0x7
 976 064c FC02     		.2byte	0x2fc
 977 064e DE000000 		.4byte	0xde
 978 0652 38       		.byte	0x38
 979 0653 09       		.uleb128 0x9
 980 0654 8D060000 		.4byte	.LASF106
 981 0658 07       		.byte	0x7
 982 0659 FD02     		.2byte	0x2fd
 983 065b DE000000 		.4byte	0xde
 984 065f 3C       		.byte	0x3c
 985 0660 09       		.uleb128 0x9
 986 0661 92060000 		.4byte	.LASF107
 987 0665 07       		.byte	0x7
 988 0666 FE02     		.2byte	0x2fe
 989 0668 DE000000 		.4byte	0xde
 990 066c 40       		.byte	0x40
 991 066d 09       		.uleb128 0x9
 992 066e 9C000000 		.4byte	.LASF108
 993 0672 07       		.byte	0x7
 994 0673 FF02     		.2byte	0x2ff
 995 0675 DE000000 		.4byte	0xde
 996 0679 44       		.byte	0x44
 997 067a 08       		.uleb128 0x8
 998 067b 44435200 		.ascii	"DCR\000"
 999 067f 07       		.byte	0x7
 1000 0680 0003     		.2byte	0x300
 1001 0682 DE000000 		.4byte	0xde
 1002 0686 48       		.byte	0x48
 1003 0687 09       		.uleb128 0x9
 1004 0688 87040000 		.4byte	.LASF109
 1005 068c 07       		.byte	0x7
 1006 068d 0103     		.2byte	0x301
 1007 068f DE000000 		.4byte	0xde
 1008 0693 4C       		.byte	0x4c
 1009 0694 08       		.uleb128 0x8
 1010 0695 4F5200   		.ascii	"OR\000"
 1011 0698 07       		.byte	0x7
 1012 0699 0203     		.2byte	0x302
 1013 069b DE000000 		.4byte	0xde
 1014 069f 50       		.byte	0x50
 1015 06a0 00       		.byte	0
 1016 06a1 13       		.uleb128 0x13
 1017 06a2 4B000000 		.4byte	.LASF110
 1018 06a6 07       		.byte	0x7
 1019 06a7 0303     		.2byte	0x303
 1020 06a9 88050000 		.4byte	0x588
 1021 06ad 14       		.uleb128 0x14
 1022 06ae 01       		.byte	0x1
ARM GAS  /tmp/ccwifD7O.s 			page 19


 1023 06af 08       		.byte	0x8
 1024 06b0 A2       		.byte	0xa2
 1025 06b1 C2060000 		.4byte	0x6c2
 1026 06b5 15       		.uleb128 0x15
 1027 06b6 E1040000 		.4byte	.LASF111
 1028 06ba 00       		.sleb128 0
 1029 06bb 16       		.uleb128 0x16
 1030 06bc 53455400 		.ascii	"SET\000"
 1031 06c0 01       		.sleb128 1
 1032 06c1 00       		.byte	0
 1033 06c2 04       		.uleb128 0x4
 1034 06c3 CD020000 		.4byte	.LASF112
 1035 06c7 08       		.byte	0x8
 1036 06c8 A5       		.byte	0xa5
 1037 06c9 AD060000 		.4byte	0x6ad
 1038 06cd 04       		.uleb128 0x4
 1039 06ce 8D020000 		.4byte	.LASF113
 1040 06d2 09       		.byte	0x9
 1041 06d3 65       		.byte	0x65
 1042 06d4 49030000 		.4byte	0x349
 1043 06d8 04       		.uleb128 0x4
 1044 06d9 BA030000 		.4byte	.LASF114
 1045 06dd 09       		.byte	0x9
 1046 06de 6D       		.byte	0x6d
 1047 06df CE000000 		.4byte	0xce
 1048 06e3 06       		.uleb128 0x6
 1049 06e4 36030000 		.4byte	.LASF115
 1050 06e8 04       		.byte	0x4
 1051 06e9 09       		.byte	0x9
 1052 06ea 89       		.byte	0x89
 1053 06eb FC060000 		.4byte	0x6fc
 1054 06ef 11       		.uleb128 0x11
 1055 06f0 72313300 		.ascii	"r13\000"
 1056 06f4 09       		.byte	0x9
 1057 06f5 8A       		.byte	0x8a
 1058 06f6 3D080000 		.4byte	0x83d
 1059 06fa 00       		.byte	0
 1060 06fb 00       		.byte	0
 1061 06fc 06       		.uleb128 0x6
 1062 06fd 32000000 		.4byte	.LASF116
 1063 0701 64       		.byte	0x64
 1064 0702 0A       		.byte	0xa
 1065 0703 F4       		.byte	0xf4
 1066 0704 3D080000 		.4byte	0x83d
 1067 0708 11       		.uleb128 0x11
 1068 0709 73313600 		.ascii	"s16\000"
 1069 070d 0A       		.byte	0xa
 1070 070e F6       		.byte	0xf6
 1071 070f CD060000 		.4byte	0x6cd
 1072 0713 00       		.byte	0
 1073 0714 11       		.uleb128 0x11
 1074 0715 73313700 		.ascii	"s17\000"
 1075 0719 0A       		.byte	0xa
 1076 071a F7       		.byte	0xf7
 1077 071b CD060000 		.4byte	0x6cd
 1078 071f 04       		.byte	0x4
 1079 0720 11       		.uleb128 0x11
ARM GAS  /tmp/ccwifD7O.s 			page 20


 1080 0721 73313800 		.ascii	"s18\000"
 1081 0725 0A       		.byte	0xa
 1082 0726 F8       		.byte	0xf8
 1083 0727 CD060000 		.4byte	0x6cd
 1084 072b 08       		.byte	0x8
 1085 072c 11       		.uleb128 0x11
 1086 072d 73313900 		.ascii	"s19\000"
 1087 0731 0A       		.byte	0xa
 1088 0732 F9       		.byte	0xf9
 1089 0733 CD060000 		.4byte	0x6cd
 1090 0737 0C       		.byte	0xc
 1091 0738 11       		.uleb128 0x11
 1092 0739 73323000 		.ascii	"s20\000"
 1093 073d 0A       		.byte	0xa
 1094 073e FA       		.byte	0xfa
 1095 073f CD060000 		.4byte	0x6cd
 1096 0743 10       		.byte	0x10
 1097 0744 11       		.uleb128 0x11
 1098 0745 73323100 		.ascii	"s21\000"
 1099 0749 0A       		.byte	0xa
 1100 074a FB       		.byte	0xfb
 1101 074b CD060000 		.4byte	0x6cd
 1102 074f 14       		.byte	0x14
 1103 0750 11       		.uleb128 0x11
 1104 0751 73323200 		.ascii	"s22\000"
 1105 0755 0A       		.byte	0xa
 1106 0756 FC       		.byte	0xfc
 1107 0757 CD060000 		.4byte	0x6cd
 1108 075b 18       		.byte	0x18
 1109 075c 11       		.uleb128 0x11
 1110 075d 73323300 		.ascii	"s23\000"
 1111 0761 0A       		.byte	0xa
 1112 0762 FD       		.byte	0xfd
 1113 0763 CD060000 		.4byte	0x6cd
 1114 0767 1C       		.byte	0x1c
 1115 0768 11       		.uleb128 0x11
 1116 0769 73323400 		.ascii	"s24\000"
 1117 076d 0A       		.byte	0xa
 1118 076e FE       		.byte	0xfe
 1119 076f CD060000 		.4byte	0x6cd
 1120 0773 20       		.byte	0x20
 1121 0774 11       		.uleb128 0x11
 1122 0775 73323500 		.ascii	"s25\000"
 1123 0779 0A       		.byte	0xa
 1124 077a FF       		.byte	0xff
 1125 077b CD060000 		.4byte	0x6cd
 1126 077f 24       		.byte	0x24
 1127 0780 08       		.uleb128 0x8
 1128 0781 73323600 		.ascii	"s26\000"
 1129 0785 0A       		.byte	0xa
 1130 0786 0001     		.2byte	0x100
 1131 0788 CD060000 		.4byte	0x6cd
 1132 078c 28       		.byte	0x28
 1133 078d 08       		.uleb128 0x8
 1134 078e 73323700 		.ascii	"s27\000"
 1135 0792 0A       		.byte	0xa
 1136 0793 0101     		.2byte	0x101
ARM GAS  /tmp/ccwifD7O.s 			page 21


 1137 0795 CD060000 		.4byte	0x6cd
 1138 0799 2C       		.byte	0x2c
 1139 079a 08       		.uleb128 0x8
 1140 079b 73323800 		.ascii	"s28\000"
 1141 079f 0A       		.byte	0xa
 1142 07a0 0201     		.2byte	0x102
 1143 07a2 CD060000 		.4byte	0x6cd
 1144 07a6 30       		.byte	0x30
 1145 07a7 08       		.uleb128 0x8
 1146 07a8 73323900 		.ascii	"s29\000"
 1147 07ac 0A       		.byte	0xa
 1148 07ad 0301     		.2byte	0x103
 1149 07af CD060000 		.4byte	0x6cd
 1150 07b3 34       		.byte	0x34
 1151 07b4 08       		.uleb128 0x8
 1152 07b5 73333000 		.ascii	"s30\000"
 1153 07b9 0A       		.byte	0xa
 1154 07ba 0401     		.2byte	0x104
 1155 07bc CD060000 		.4byte	0x6cd
 1156 07c0 38       		.byte	0x38
 1157 07c1 08       		.uleb128 0x8
 1158 07c2 73333100 		.ascii	"s31\000"
 1159 07c6 0A       		.byte	0xa
 1160 07c7 0501     		.2byte	0x105
 1161 07c9 CD060000 		.4byte	0x6cd
 1162 07cd 3C       		.byte	0x3c
 1163 07ce 08       		.uleb128 0x8
 1164 07cf 723400   		.ascii	"r4\000"
 1165 07d2 0A       		.byte	0xa
 1166 07d3 0701     		.2byte	0x107
 1167 07d5 CD060000 		.4byte	0x6cd
 1168 07d9 40       		.byte	0x40
 1169 07da 08       		.uleb128 0x8
 1170 07db 723500   		.ascii	"r5\000"
 1171 07de 0A       		.byte	0xa
 1172 07df 0801     		.2byte	0x108
 1173 07e1 CD060000 		.4byte	0x6cd
 1174 07e5 44       		.byte	0x44
 1175 07e6 08       		.uleb128 0x8
 1176 07e7 723600   		.ascii	"r6\000"
 1177 07ea 0A       		.byte	0xa
 1178 07eb 0901     		.2byte	0x109
 1179 07ed CD060000 		.4byte	0x6cd
 1180 07f1 48       		.byte	0x48
 1181 07f2 08       		.uleb128 0x8
 1182 07f3 723700   		.ascii	"r7\000"
 1183 07f6 0A       		.byte	0xa
 1184 07f7 0A01     		.2byte	0x10a
 1185 07f9 CD060000 		.4byte	0x6cd
 1186 07fd 4C       		.byte	0x4c
 1187 07fe 08       		.uleb128 0x8
 1188 07ff 723800   		.ascii	"r8\000"
 1189 0802 0A       		.byte	0xa
 1190 0803 0B01     		.2byte	0x10b
 1191 0805 CD060000 		.4byte	0x6cd
 1192 0809 50       		.byte	0x50
 1193 080a 08       		.uleb128 0x8
ARM GAS  /tmp/ccwifD7O.s 			page 22


 1194 080b 723900   		.ascii	"r9\000"
 1195 080e 0A       		.byte	0xa
 1196 080f 0C01     		.2byte	0x10c
 1197 0811 CD060000 		.4byte	0x6cd
 1198 0815 54       		.byte	0x54
 1199 0816 08       		.uleb128 0x8
 1200 0817 72313000 		.ascii	"r10\000"
 1201 081b 0A       		.byte	0xa
 1202 081c 0D01     		.2byte	0x10d
 1203 081e CD060000 		.4byte	0x6cd
 1204 0822 58       		.byte	0x58
 1205 0823 08       		.uleb128 0x8
 1206 0824 72313100 		.ascii	"r11\000"
 1207 0828 0A       		.byte	0xa
 1208 0829 0E01     		.2byte	0x10e
 1209 082b CD060000 		.4byte	0x6cd
 1210 082f 5C       		.byte	0x5c
 1211 0830 08       		.uleb128 0x8
 1212 0831 6C7200   		.ascii	"lr\000"
 1213 0834 0A       		.byte	0xa
 1214 0835 0F01     		.2byte	0x10f
 1215 0837 CD060000 		.4byte	0x6cd
 1216 083b 60       		.byte	0x60
 1217 083c 00       		.byte	0
 1218 083d 0A       		.uleb128 0xa
 1219 083e 04       		.byte	0x4
 1220 083f FC060000 		.4byte	0x6fc
 1221 0843 10       		.uleb128 0x10
 1222 0844 04       		.byte	0x4
 1223 0845 0B       		.byte	0xb
 1224 0846 38       		.byte	0x38
 1225 0847 58080000 		.4byte	0x858
 1226 084b 07       		.uleb128 0x7
 1227 084c 31060000 		.4byte	.LASF117
 1228 0850 0B       		.byte	0xb
 1229 0851 3C       		.byte	0x3c
 1230 0852 E3000000 		.4byte	0xe3
 1231 0856 00       		.byte	0
 1232 0857 00       		.byte	0
 1233 0858 04       		.uleb128 0x4
 1234 0859 29040000 		.4byte	.LASF118
 1235 085d 0B       		.byte	0xb
 1236 085e 3D       		.byte	0x3d
 1237 085f 43080000 		.4byte	0x843
 1238 0863 17       		.uleb128 0x17
 1239 0864 04       		.byte	0x4
 1240 0865 06       		.byte	0x6
 1241 0866 FA       		.byte	0xfa
 1242 0867 C0080000 		.4byte	0x8c0
 1243 086b 18       		.uleb128 0x18
 1244 086c 18000000 		.4byte	.LASF119
 1245 0870 06       		.byte	0x6
 1246 0871 0101     		.2byte	0x101
 1247 0873 25010000 		.4byte	0x125
 1248 0877 18       		.uleb128 0x18
 1249 0878 7C020000 		.4byte	.LASF120
 1250 087c 06       		.byte	0x6
ARM GAS  /tmp/ccwifD7O.s 			page 23


 1251 087d 0801     		.2byte	0x108
 1252 087f 25010000 		.4byte	0x125
 1253 0883 18       		.uleb128 0x18
 1254 0884 0D010000 		.4byte	.LASF121
 1255 0888 06       		.byte	0x6
 1256 0889 0F01     		.2byte	0x10f
 1257 088b 49030000 		.4byte	0x349
 1258 088f 18       		.uleb128 0x18
 1259 0890 12000000 		.4byte	.LASF122
 1260 0894 06       		.byte	0x6
 1261 0895 1601     		.2byte	0x116
 1262 0897 C0080000 		.4byte	0x8c0
 1263 089b 18       		.uleb128 0x18
 1264 089c 11030000 		.4byte	.LASF123
 1265 08a0 06       		.byte	0x6
 1266 08a1 1E01     		.2byte	0x11e
 1267 08a3 EB080000 		.4byte	0x8eb
 1268 08a7 18       		.uleb128 0x18
 1269 08a8 98050000 		.4byte	.LASF124
 1270 08ac 06       		.byte	0x6
 1271 08ad 2701     		.2byte	0x127
 1272 08af 22090000 		.4byte	0x922
 1273 08b3 18       		.uleb128 0x18
 1274 08b4 48050000 		.4byte	.LASF125
 1275 08b8 06       		.byte	0x6
 1276 08b9 2F01     		.2byte	0x12f
 1277 08bb 30010000 		.4byte	0x130
 1278 08bf 00       		.byte	0
 1279 08c0 0A       		.uleb128 0xa
 1280 08c1 04       		.byte	0x4
 1281 08c2 61020000 		.4byte	0x261
 1282 08c6 06       		.uleb128 0x6
 1283 08c7 77050000 		.4byte	.LASF126
 1284 08cb 0C       		.byte	0xc
 1285 08cc 0C       		.byte	0xc
 1286 08cd 34       		.byte	0x34
 1287 08ce EB080000 		.4byte	0x8eb
 1288 08d2 07       		.uleb128 0x7
 1289 08d3 74020000 		.4byte	.LASF127
 1290 08d7 0C       		.byte	0xc
 1291 08d8 35       		.byte	0x35
 1292 08d9 96020000 		.4byte	0x296
 1293 08dd 00       		.byte	0
 1294 08de 07       		.uleb128 0x7
 1295 08df 30030000 		.4byte	.LASF128
 1296 08e3 0C       		.byte	0xc
 1297 08e4 37       		.byte	0x37
 1298 08e5 3B010000 		.4byte	0x13b
 1299 08e9 08       		.byte	0x8
 1300 08ea 00       		.byte	0
 1301 08eb 0A       		.uleb128 0xa
 1302 08ec 04       		.byte	0x4
 1303 08ed C6080000 		.4byte	0x8c6
 1304 08f1 06       		.uleb128 0x6
 1305 08f2 E3060000 		.4byte	.LASF129
 1306 08f6 10       		.byte	0x10
 1307 08f7 0D       		.byte	0xd
ARM GAS  /tmp/ccwifD7O.s 			page 24


 1308 08f8 39       		.byte	0x39
 1309 08f9 22090000 		.4byte	0x922
 1310 08fd 07       		.uleb128 0x7
 1311 08fe F4000000 		.4byte	.LASF130
 1312 0902 0D       		.byte	0xd
 1313 0903 3A       		.byte	0x3a
 1314 0904 96020000 		.4byte	0x296
 1315 0908 00       		.byte	0
 1316 0909 07       		.uleb128 0x7
 1317 090a 11070000 		.4byte	.LASF131
 1318 090e 0D       		.byte	0xd
 1319 090f 3C       		.byte	0x3c
 1320 0910 6C020000 		.4byte	0x26c
 1321 0914 08       		.byte	0x8
 1322 0915 07       		.uleb128 0x7
 1323 0916 F7050000 		.4byte	.LASF132
 1324 091a 0D       		.byte	0xd
 1325 091b 3E       		.byte	0x3e
 1326 091c 65090000 		.4byte	0x965
 1327 0920 0C       		.byte	0xc
 1328 0921 00       		.byte	0
 1329 0922 0A       		.uleb128 0xa
 1330 0923 04       		.byte	0x4
 1331 0924 F1080000 		.4byte	0x8f1
 1332 0928 0A       		.uleb128 0xa
 1333 0929 04       		.byte	0x4
 1334 092a 2E090000 		.4byte	0x92e
 1335 092e 19       		.uleb128 0x19
 1336 092f 33090000 		.4byte	0x933
 1337 0933 03       		.uleb128 0x3
 1338 0934 01       		.byte	0x1
 1339 0935 08       		.byte	0x8
 1340 0936 D4050000 		.4byte	.LASF133
 1341 093a 05       		.uleb128 0x5
 1342 093b 46010000 		.4byte	0x146
 1343 093f 0A       		.uleb128 0xa
 1344 0940 04       		.byte	0x4
 1345 0941 4B030000 		.4byte	0x34b
 1346 0945 05       		.uleb128 0x5
 1347 0946 28090000 		.4byte	0x928
 1348 094a 1A       		.uleb128 0x1a
 1349 094b D8060000 		.4byte	0x6d8
 1350 094f 5A090000 		.4byte	0x95a
 1351 0953 1B       		.uleb128 0x1b
 1352 0954 7F040000 		.4byte	0x47f
 1353 0958 3A       		.byte	0x3a
 1354 0959 00       		.byte	0
 1355 095a 04       		.uleb128 0x4
 1356 095b C5020000 		.4byte	.LASF134
 1357 095f 0D       		.byte	0xd
 1358 0960 34       		.byte	0x34
 1359 0961 F1080000 		.4byte	0x8f1
 1360 0965 0A       		.uleb128 0xa
 1361 0966 04       		.byte	0x4
 1362 0967 5A090000 		.4byte	0x95a
 1363 096b 03       		.uleb128 0x3
 1364 096c 04       		.byte	0x4
ARM GAS  /tmp/ccwifD7O.s 			page 25


 1365 096d 04       		.byte	0x4
 1366 096e BC040000 		.4byte	.LASF135
 1367 0972 03       		.uleb128 0x3
 1368 0973 01       		.byte	0x1
 1369 0974 02       		.byte	0x2
 1370 0975 FF040000 		.4byte	.LASF136
 1371 0979 1C       		.uleb128 0x1c
 1372 097a 97060000 		.4byte	.LASF137
 1373 097e 01       		.byte	0x1
 1374 097f 27       		.byte	0x27
 1375 0980 00000000 		.4byte	.LFB256
 1376 0984 1C000000 		.4byte	.LFE256-.LFB256
 1377 0988 01       		.uleb128 0x1
 1378 0989 9C       		.byte	0x9c
 1379 098a BF090000 		.4byte	0x9bf
 1380 098e 1D       		.uleb128 0x1d
 1381 098f 0C000000 		.4byte	.LVL0
 1382 0993 C10A0000 		.4byte	0xac1
 1383 0997 AC090000 		.4byte	0x9ac
 1384 099b 1E       		.uleb128 0x1e
 1385 099c 01       		.uleb128 0x1
 1386 099d 51       		.byte	0x51
 1387 099e 03       		.uleb128 0x3
 1388 099f 0A       		.byte	0xa
 1389 09a0 0704     		.2byte	0x407
 1390 09a2 1E       		.uleb128 0x1e
 1391 09a3 01       		.uleb128 0x1
 1392 09a4 50       		.byte	0x50
 1393 09a5 05       		.uleb128 0x5
 1394 09a6 0C       		.byte	0xc
 1395 09a7 00200140 		.4byte	0x40012000
 1396 09ab 00       		.byte	0
 1397 09ac 1F       		.uleb128 0x1f
 1398 09ad 10000000 		.4byte	.LVL1
 1399 09b1 DE0A0000 		.4byte	0xade
 1400 09b5 20       		.uleb128 0x20
 1401 09b6 18000000 		.4byte	.LVL2
 1402 09ba E50A0000 		.4byte	0xae5
 1403 09be 00       		.byte	0
 1404 09bf 1C       		.uleb128 0x1c
 1405 09c0 08070000 		.4byte	.LASF138
 1406 09c4 01       		.byte	0x1
 1407 09c5 2E       		.byte	0x2e
 1408 09c6 00000000 		.4byte	.LFB257
 1409 09ca 1E000000 		.4byte	.LFE257-.LFB257
 1410 09ce 01       		.uleb128 0x1
 1411 09cf 9C       		.byte	0x9c
 1412 09d0 040A0000 		.4byte	0xa04
 1413 09d4 1D       		.uleb128 0x1d
 1414 09d5 0A000000 		.4byte	.LVL3
 1415 09d9 ED0A0000 		.4byte	0xaed
 1416 09dd E9090000 		.4byte	0x9e9
 1417 09e1 1E       		.uleb128 0x1e
 1418 09e2 01       		.uleb128 0x1
 1419 09e3 50       		.byte	0x50
 1420 09e4 03       		.uleb128 0x3
 1421 09e5 0A       		.byte	0xa
ARM GAS  /tmp/ccwifD7O.s 			page 26


 1422 09e6 0008     		.2byte	0x800
 1423 09e8 00       		.byte	0
 1424 09e9 1F       		.uleb128 0x1f
 1425 09ea 12000000 		.4byte	.LVL4
 1426 09ee 020B0000 		.4byte	0xb02
 1427 09f2 21       		.uleb128 0x21
 1428 09f3 1E000000 		.4byte	.LVL5
 1429 09f7 090B0000 		.4byte	0xb09
 1430 09fb 1E       		.uleb128 0x1e
 1431 09fc 01       		.uleb128 0x1
 1432 09fd 50       		.byte	0x50
 1433 09fe 03       		.uleb128 0x3
 1434 09ff 0A       		.byte	0xa
 1435 0a00 0008     		.2byte	0x800
 1436 0a02 00       		.byte	0
 1437 0a03 00       		.byte	0
 1438 0a04 1C       		.uleb128 0x1c
 1439 0a05 1E010000 		.4byte	.LASF139
 1440 0a09 01       		.byte	0x1
 1441 0a0a 37       		.byte	0x37
 1442 0a0b 00000000 		.4byte	.LFB258
 1443 0a0f 24000000 		.4byte	.LFE258-.LFB258
 1444 0a13 01       		.uleb128 0x1
 1445 0a14 9C       		.byte	0x9c
 1446 0a15 570A0000 		.4byte	0xa57
 1447 0a19 1D       		.uleb128 0x1d
 1448 0a1a 0A000000 		.4byte	.LVL6
 1449 0a1e 1A0B0000 		.4byte	0xb1a
 1450 0a22 350A0000 		.4byte	0xa35
 1451 0a26 1E       		.uleb128 0x1e
 1452 0a27 01       		.uleb128 0x1
 1453 0a28 51       		.byte	0x51
 1454 0a29 01       		.uleb128 0x1
 1455 0a2a 31       		.byte	0x31
 1456 0a2b 1E       		.uleb128 0x1e
 1457 0a2c 01       		.uleb128 0x1
 1458 0a2d 50       		.byte	0x50
 1459 0a2e 05       		.uleb128 0x5
 1460 0a2f 0C       		.byte	0xc
 1461 0a30 00080040 		.4byte	0x40000800
 1462 0a34 00       		.byte	0
 1463 0a35 1F       		.uleb128 0x1f
 1464 0a36 12000000 		.4byte	.LVL7
 1465 0a3a 3B0B0000 		.4byte	0xb3b
 1466 0a3e 21       		.uleb128 0x21
 1467 0a3f 1E000000 		.4byte	.LVL8
 1468 0a43 420B0000 		.4byte	0xb42
 1469 0a47 1E       		.uleb128 0x1e
 1470 0a48 01       		.uleb128 0x1
 1471 0a49 51       		.byte	0x51
 1472 0a4a 01       		.uleb128 0x1
 1473 0a4b 31       		.byte	0x31
 1474 0a4c 1E       		.uleb128 0x1e
 1475 0a4d 01       		.uleb128 0x1
 1476 0a4e 50       		.byte	0x50
 1477 0a4f 05       		.uleb128 0x5
 1478 0a50 0C       		.byte	0xc
ARM GAS  /tmp/ccwifD7O.s 			page 27


 1479 0a51 00080040 		.4byte	0x40000800
 1480 0a55 00       		.byte	0
 1481 0a56 00       		.byte	0
 1482 0a57 1C       		.uleb128 0x1c
 1483 0a58 6E050000 		.4byte	.LASF140
 1484 0a5c 01       		.byte	0x1
 1485 0a5d 40       		.byte	0x40
 1486 0a5e 00000000 		.4byte	.LFB259
 1487 0a62 24000000 		.4byte	.LFE259-.LFB259
 1488 0a66 01       		.uleb128 0x1
 1489 0a67 9C       		.byte	0x9c
 1490 0a68 AA0A0000 		.4byte	0xaaa
 1491 0a6c 1D       		.uleb128 0x1d
 1492 0a6d 0A000000 		.4byte	.LVL9
 1493 0a71 1A0B0000 		.4byte	0xb1a
 1494 0a75 880A0000 		.4byte	0xa88
 1495 0a79 1E       		.uleb128 0x1e
 1496 0a7a 01       		.uleb128 0x1
 1497 0a7b 51       		.byte	0x51
 1498 0a7c 01       		.uleb128 0x1
 1499 0a7d 32       		.byte	0x32
 1500 0a7e 1E       		.uleb128 0x1e
 1501 0a7f 01       		.uleb128 0x1
 1502 0a80 50       		.byte	0x50
 1503 0a81 05       		.uleb128 0x5
 1504 0a82 0C       		.byte	0xc
 1505 0a83 00040140 		.4byte	0x40010400
 1506 0a87 00       		.byte	0
 1507 0a88 1F       		.uleb128 0x1f
 1508 0a89 12000000 		.4byte	.LVL10
 1509 0a8d 590B0000 		.4byte	0xb59
 1510 0a91 21       		.uleb128 0x21
 1511 0a92 1E000000 		.4byte	.LVL11
 1512 0a96 420B0000 		.4byte	0xb42
 1513 0a9a 1E       		.uleb128 0x1e
 1514 0a9b 01       		.uleb128 0x1
 1515 0a9c 51       		.byte	0x51
 1516 0a9d 01       		.uleb128 0x1
 1517 0a9e 32       		.byte	0x32
 1518 0a9f 1E       		.uleb128 0x1e
 1519 0aa0 01       		.uleb128 0x1
 1520 0aa1 50       		.byte	0x50
 1521 0aa2 05       		.uleb128 0x5
 1522 0aa3 0C       		.byte	0xc
 1523 0aa4 00040140 		.4byte	0x40010400
 1524 0aa8 00       		.byte	0
 1525 0aa9 00       		.byte	0
 1526 0aaa 22       		.uleb128 0x22
 1527 0aab 8F000000 		.4byte	.LASF141
 1528 0aaf 14       		.byte	0x14
 1529 0ab0 A706     		.2byte	0x6a7
 1530 0ab2 D9000000 		.4byte	0xd9
 1531 0ab6 23       		.uleb128 0x23
 1532 0ab7 636800   		.ascii	"ch\000"
 1533 0aba 06       		.byte	0x6
 1534 0abb 0902     		.2byte	0x209
 1535 0abd 18040000 		.4byte	0x418
ARM GAS  /tmp/ccwifD7O.s 			page 28


 1536 0ac1 24       		.uleb128 0x24
 1537 0ac2 A6040000 		.4byte	.LASF145
 1538 0ac6 10       		.byte	0x10
 1539 0ac7 8002     		.2byte	0x280
 1540 0ac9 D80A0000 		.4byte	0xad8
 1541 0acd 0D       		.uleb128 0xd
 1542 0ace D80A0000 		.4byte	0xad8
 1543 0ad2 0D       		.uleb128 0xd
 1544 0ad3 AD000000 		.4byte	0xad
 1545 0ad7 00       		.byte	0
 1546 0ad8 0A       		.uleb128 0xa
 1547 0ad9 04       		.byte	0x4
 1548 0ada 7D050000 		.4byte	0x57d
 1549 0ade 25       		.uleb128 0x25
 1550 0adf 62060000 		.4byte	.LASF142
 1551 0ae3 0E       		.byte	0xe
 1552 0ae4 52       		.byte	0x52
 1553 0ae5 26       		.uleb128 0x26
 1554 0ae6 A0060000 		.4byte	.LASF143
 1555 0aea 0A       		.byte	0xa
 1556 0aeb 6601     		.2byte	0x166
 1557 0aed 27       		.uleb128 0x27
 1558 0aee FC000000 		.4byte	.LASF147
 1559 0af2 11       		.byte	0x11
 1560 0af3 A8       		.byte	0xa8
 1561 0af4 C2060000 		.4byte	0x6c2
 1562 0af8 020B0000 		.4byte	0xb02
 1563 0afc 0D       		.uleb128 0xd
 1564 0afd C3000000 		.4byte	0xc3
 1565 0b01 00       		.byte	0
 1566 0b02 25       		.uleb128 0x25
 1567 0b03 C4000000 		.4byte	.LASF144
 1568 0b07 0F       		.byte	0xf
 1569 0b08 20       		.byte	0x20
 1570 0b09 28       		.uleb128 0x28
 1571 0b0a E5020000 		.4byte	.LASF146
 1572 0b0e 11       		.byte	0x11
 1573 0b0f A9       		.byte	0xa9
 1574 0b10 1A0B0000 		.4byte	0xb1a
 1575 0b14 0D       		.uleb128 0xd
 1576 0b15 C3000000 		.4byte	0xc3
 1577 0b19 00       		.byte	0
 1578 0b1a 29       		.uleb128 0x29
 1579 0b1b 5E040000 		.4byte	.LASF148
 1580 0b1f 12       		.byte	0x12
 1581 0b20 5004     		.2byte	0x450
 1582 0b22 C2060000 		.4byte	0x6c2
 1583 0b26 350B0000 		.4byte	0xb35
 1584 0b2a 0D       		.uleb128 0xd
 1585 0b2b 350B0000 		.4byte	0xb35
 1586 0b2f 0D       		.uleb128 0xd
 1587 0b30 AD000000 		.4byte	0xad
 1588 0b34 00       		.byte	0
 1589 0b35 0A       		.uleb128 0xa
 1590 0b36 04       		.byte	0x4
 1591 0b37 A1060000 		.4byte	0x6a1
 1592 0b3b 25       		.uleb128 0x25
ARM GAS  /tmp/ccwifD7O.s 			page 29


 1593 0b3c 5C020000 		.4byte	.LASF149
 1594 0b40 0F       		.byte	0xf
 1595 0b41 21       		.byte	0x21
 1596 0b42 24       		.uleb128 0x24
 1597 0b43 3A010000 		.4byte	.LASF150
 1598 0b47 12       		.byte	0x12
 1599 0b48 5104     		.2byte	0x451
 1600 0b4a 590B0000 		.4byte	0xb59
 1601 0b4e 0D       		.uleb128 0xd
 1602 0b4f 350B0000 		.4byte	0xb35
 1603 0b53 0D       		.uleb128 0xd
 1604 0b54 AD000000 		.4byte	0xad
 1605 0b58 00       		.byte	0
 1606 0b59 25       		.uleb128 0x25
 1607 0b5a 5B030000 		.4byte	.LASF151
 1608 0b5e 13       		.byte	0x13
 1609 0b5f 4D       		.byte	0x4d
 1610 0b60 00       		.byte	0
 1611              		.section	.debug_abbrev,"",%progbits
 1612              	.Ldebug_abbrev0:
 1613 0000 01       		.uleb128 0x1
 1614 0001 11       		.uleb128 0x11
 1615 0002 01       		.byte	0x1
 1616 0003 25       		.uleb128 0x25
 1617 0004 0E       		.uleb128 0xe
 1618 0005 13       		.uleb128 0x13
 1619 0006 0B       		.uleb128 0xb
 1620 0007 03       		.uleb128 0x3
 1621 0008 0E       		.uleb128 0xe
 1622 0009 1B       		.uleb128 0x1b
 1623 000a 0E       		.uleb128 0xe
 1624 000b 55       		.uleb128 0x55
 1625 000c 17       		.uleb128 0x17
 1626 000d 11       		.uleb128 0x11
 1627 000e 01       		.uleb128 0x1
 1628 000f 10       		.uleb128 0x10
 1629 0010 17       		.uleb128 0x17
 1630 0011 00       		.byte	0
 1631 0012 00       		.byte	0
 1632 0013 02       		.uleb128 0x2
 1633 0014 24       		.uleb128 0x24
 1634 0015 00       		.byte	0
 1635 0016 0B       		.uleb128 0xb
 1636 0017 0B       		.uleb128 0xb
 1637 0018 3E       		.uleb128 0x3e
 1638 0019 0B       		.uleb128 0xb
 1639 001a 03       		.uleb128 0x3
 1640 001b 08       		.uleb128 0x8
 1641 001c 00       		.byte	0
 1642 001d 00       		.byte	0
 1643 001e 03       		.uleb128 0x3
 1644 001f 24       		.uleb128 0x24
 1645 0020 00       		.byte	0
 1646 0021 0B       		.uleb128 0xb
 1647 0022 0B       		.uleb128 0xb
 1648 0023 3E       		.uleb128 0x3e
 1649 0024 0B       		.uleb128 0xb
ARM GAS  /tmp/ccwifD7O.s 			page 30


 1650 0025 03       		.uleb128 0x3
 1651 0026 0E       		.uleb128 0xe
 1652 0027 00       		.byte	0
 1653 0028 00       		.byte	0
 1654 0029 04       		.uleb128 0x4
 1655 002a 16       		.uleb128 0x16
 1656 002b 00       		.byte	0
 1657 002c 03       		.uleb128 0x3
 1658 002d 0E       		.uleb128 0xe
 1659 002e 3A       		.uleb128 0x3a
 1660 002f 0B       		.uleb128 0xb
 1661 0030 3B       		.uleb128 0x3b
 1662 0031 0B       		.uleb128 0xb
 1663 0032 49       		.uleb128 0x49
 1664 0033 13       		.uleb128 0x13
 1665 0034 00       		.byte	0
 1666 0035 00       		.byte	0
 1667 0036 05       		.uleb128 0x5
 1668 0037 35       		.uleb128 0x35
 1669 0038 00       		.byte	0
 1670 0039 49       		.uleb128 0x49
 1671 003a 13       		.uleb128 0x13
 1672 003b 00       		.byte	0
 1673 003c 00       		.byte	0
 1674 003d 06       		.uleb128 0x6
 1675 003e 13       		.uleb128 0x13
 1676 003f 01       		.byte	0x1
 1677 0040 03       		.uleb128 0x3
 1678 0041 0E       		.uleb128 0xe
 1679 0042 0B       		.uleb128 0xb
 1680 0043 0B       		.uleb128 0xb
 1681 0044 3A       		.uleb128 0x3a
 1682 0045 0B       		.uleb128 0xb
 1683 0046 3B       		.uleb128 0x3b
 1684 0047 0B       		.uleb128 0xb
 1685 0048 01       		.uleb128 0x1
 1686 0049 13       		.uleb128 0x13
 1687 004a 00       		.byte	0
 1688 004b 00       		.byte	0
 1689 004c 07       		.uleb128 0x7
 1690 004d 0D       		.uleb128 0xd
 1691 004e 00       		.byte	0
 1692 004f 03       		.uleb128 0x3
 1693 0050 0E       		.uleb128 0xe
 1694 0051 3A       		.uleb128 0x3a
 1695 0052 0B       		.uleb128 0xb
 1696 0053 3B       		.uleb128 0x3b
 1697 0054 0B       		.uleb128 0xb
 1698 0055 49       		.uleb128 0x49
 1699 0056 13       		.uleb128 0x13
 1700 0057 38       		.uleb128 0x38
 1701 0058 0B       		.uleb128 0xb
 1702 0059 00       		.byte	0
 1703 005a 00       		.byte	0
 1704 005b 08       		.uleb128 0x8
 1705 005c 0D       		.uleb128 0xd
 1706 005d 00       		.byte	0
ARM GAS  /tmp/ccwifD7O.s 			page 31


 1707 005e 03       		.uleb128 0x3
 1708 005f 08       		.uleb128 0x8
 1709 0060 3A       		.uleb128 0x3a
 1710 0061 0B       		.uleb128 0xb
 1711 0062 3B       		.uleb128 0x3b
 1712 0063 05       		.uleb128 0x5
 1713 0064 49       		.uleb128 0x49
 1714 0065 13       		.uleb128 0x13
 1715 0066 38       		.uleb128 0x38
 1716 0067 0B       		.uleb128 0xb
 1717 0068 00       		.byte	0
 1718 0069 00       		.byte	0
 1719 006a 09       		.uleb128 0x9
 1720 006b 0D       		.uleb128 0xd
 1721 006c 00       		.byte	0
 1722 006d 03       		.uleb128 0x3
 1723 006e 0E       		.uleb128 0xe
 1724 006f 3A       		.uleb128 0x3a
 1725 0070 0B       		.uleb128 0xb
 1726 0071 3B       		.uleb128 0x3b
 1727 0072 05       		.uleb128 0x5
 1728 0073 49       		.uleb128 0x49
 1729 0074 13       		.uleb128 0x13
 1730 0075 38       		.uleb128 0x38
 1731 0076 0B       		.uleb128 0xb
 1732 0077 00       		.byte	0
 1733 0078 00       		.byte	0
 1734 0079 0A       		.uleb128 0xa
 1735 007a 0F       		.uleb128 0xf
 1736 007b 00       		.byte	0
 1737 007c 0B       		.uleb128 0xb
 1738 007d 0B       		.uleb128 0xb
 1739 007e 49       		.uleb128 0x49
 1740 007f 13       		.uleb128 0x13
 1741 0080 00       		.byte	0
 1742 0081 00       		.byte	0
 1743 0082 0B       		.uleb128 0xb
 1744 0083 13       		.uleb128 0x13
 1745 0084 01       		.byte	0x1
 1746 0085 03       		.uleb128 0x3
 1747 0086 0E       		.uleb128 0xe
 1748 0087 0B       		.uleb128 0xb
 1749 0088 0B       		.uleb128 0xb
 1750 0089 3A       		.uleb128 0x3a
 1751 008a 0B       		.uleb128 0xb
 1752 008b 3B       		.uleb128 0x3b
 1753 008c 05       		.uleb128 0x5
 1754 008d 01       		.uleb128 0x1
 1755 008e 13       		.uleb128 0x13
 1756 008f 00       		.byte	0
 1757 0090 00       		.byte	0
 1758 0091 0C       		.uleb128 0xc
 1759 0092 15       		.uleb128 0x15
 1760 0093 01       		.byte	0x1
 1761 0094 27       		.uleb128 0x27
 1762 0095 19       		.uleb128 0x19
 1763 0096 01       		.uleb128 0x1
ARM GAS  /tmp/ccwifD7O.s 			page 32


 1764 0097 13       		.uleb128 0x13
 1765 0098 00       		.byte	0
 1766 0099 00       		.byte	0
 1767 009a 0D       		.uleb128 0xd
 1768 009b 05       		.uleb128 0x5
 1769 009c 00       		.byte	0
 1770 009d 49       		.uleb128 0x49
 1771 009e 13       		.uleb128 0x13
 1772 009f 00       		.byte	0
 1773 00a0 00       		.byte	0
 1774 00a1 0E       		.uleb128 0xe
 1775 00a2 0F       		.uleb128 0xf
 1776 00a3 00       		.byte	0
 1777 00a4 0B       		.uleb128 0xb
 1778 00a5 0B       		.uleb128 0xb
 1779 00a6 00       		.byte	0
 1780 00a7 00       		.byte	0
 1781 00a8 0F       		.uleb128 0xf
 1782 00a9 13       		.uleb128 0x13
 1783 00aa 01       		.byte	0x1
 1784 00ab 03       		.uleb128 0x3
 1785 00ac 0E       		.uleb128 0xe
 1786 00ad 0B       		.uleb128 0xb
 1787 00ae 05       		.uleb128 0x5
 1788 00af 3A       		.uleb128 0x3a
 1789 00b0 0B       		.uleb128 0xb
 1790 00b1 3B       		.uleb128 0x3b
 1791 00b2 05       		.uleb128 0x5
 1792 00b3 01       		.uleb128 0x1
 1793 00b4 13       		.uleb128 0x13
 1794 00b5 00       		.byte	0
 1795 00b6 00       		.byte	0
 1796 00b7 10       		.uleb128 0x10
 1797 00b8 13       		.uleb128 0x13
 1798 00b9 01       		.byte	0x1
 1799 00ba 0B       		.uleb128 0xb
 1800 00bb 0B       		.uleb128 0xb
 1801 00bc 3A       		.uleb128 0x3a
 1802 00bd 0B       		.uleb128 0xb
 1803 00be 3B       		.uleb128 0x3b
 1804 00bf 0B       		.uleb128 0xb
 1805 00c0 01       		.uleb128 0x1
 1806 00c1 13       		.uleb128 0x13
 1807 00c2 00       		.byte	0
 1808 00c3 00       		.byte	0
 1809 00c4 11       		.uleb128 0x11
 1810 00c5 0D       		.uleb128 0xd
 1811 00c6 00       		.byte	0
 1812 00c7 03       		.uleb128 0x3
 1813 00c8 08       		.uleb128 0x8
 1814 00c9 3A       		.uleb128 0x3a
 1815 00ca 0B       		.uleb128 0xb
 1816 00cb 3B       		.uleb128 0x3b
 1817 00cc 0B       		.uleb128 0xb
 1818 00cd 49       		.uleb128 0x49
 1819 00ce 13       		.uleb128 0x13
 1820 00cf 38       		.uleb128 0x38
ARM GAS  /tmp/ccwifD7O.s 			page 33


 1821 00d0 0B       		.uleb128 0xb
 1822 00d1 00       		.byte	0
 1823 00d2 00       		.byte	0
 1824 00d3 12       		.uleb128 0x12
 1825 00d4 13       		.uleb128 0x13
 1826 00d5 01       		.byte	0x1
 1827 00d6 0B       		.uleb128 0xb
 1828 00d7 0B       		.uleb128 0xb
 1829 00d8 3A       		.uleb128 0x3a
 1830 00d9 0B       		.uleb128 0xb
 1831 00da 3B       		.uleb128 0x3b
 1832 00db 05       		.uleb128 0x5
 1833 00dc 01       		.uleb128 0x1
 1834 00dd 13       		.uleb128 0x13
 1835 00de 00       		.byte	0
 1836 00df 00       		.byte	0
 1837 00e0 13       		.uleb128 0x13
 1838 00e1 16       		.uleb128 0x16
 1839 00e2 00       		.byte	0
 1840 00e3 03       		.uleb128 0x3
 1841 00e4 0E       		.uleb128 0xe
 1842 00e5 3A       		.uleb128 0x3a
 1843 00e6 0B       		.uleb128 0xb
 1844 00e7 3B       		.uleb128 0x3b
 1845 00e8 05       		.uleb128 0x5
 1846 00e9 49       		.uleb128 0x49
 1847 00ea 13       		.uleb128 0x13
 1848 00eb 00       		.byte	0
 1849 00ec 00       		.byte	0
 1850 00ed 14       		.uleb128 0x14
 1851 00ee 04       		.uleb128 0x4
 1852 00ef 01       		.byte	0x1
 1853 00f0 0B       		.uleb128 0xb
 1854 00f1 0B       		.uleb128 0xb
 1855 00f2 3A       		.uleb128 0x3a
 1856 00f3 0B       		.uleb128 0xb
 1857 00f4 3B       		.uleb128 0x3b
 1858 00f5 0B       		.uleb128 0xb
 1859 00f6 01       		.uleb128 0x1
 1860 00f7 13       		.uleb128 0x13
 1861 00f8 00       		.byte	0
 1862 00f9 00       		.byte	0
 1863 00fa 15       		.uleb128 0x15
 1864 00fb 28       		.uleb128 0x28
 1865 00fc 00       		.byte	0
 1866 00fd 03       		.uleb128 0x3
 1867 00fe 0E       		.uleb128 0xe
 1868 00ff 1C       		.uleb128 0x1c
 1869 0100 0D       		.uleb128 0xd
 1870 0101 00       		.byte	0
 1871 0102 00       		.byte	0
 1872 0103 16       		.uleb128 0x16
 1873 0104 28       		.uleb128 0x28
 1874 0105 00       		.byte	0
 1875 0106 03       		.uleb128 0x3
 1876 0107 08       		.uleb128 0x8
 1877 0108 1C       		.uleb128 0x1c
ARM GAS  /tmp/ccwifD7O.s 			page 34


 1878 0109 0D       		.uleb128 0xd
 1879 010a 00       		.byte	0
 1880 010b 00       		.byte	0
 1881 010c 17       		.uleb128 0x17
 1882 010d 17       		.uleb128 0x17
 1883 010e 01       		.byte	0x1
 1884 010f 0B       		.uleb128 0xb
 1885 0110 0B       		.uleb128 0xb
 1886 0111 3A       		.uleb128 0x3a
 1887 0112 0B       		.uleb128 0xb
 1888 0113 3B       		.uleb128 0x3b
 1889 0114 0B       		.uleb128 0xb
 1890 0115 01       		.uleb128 0x1
 1891 0116 13       		.uleb128 0x13
 1892 0117 00       		.byte	0
 1893 0118 00       		.byte	0
 1894 0119 18       		.uleb128 0x18
 1895 011a 0D       		.uleb128 0xd
 1896 011b 00       		.byte	0
 1897 011c 03       		.uleb128 0x3
 1898 011d 0E       		.uleb128 0xe
 1899 011e 3A       		.uleb128 0x3a
 1900 011f 0B       		.uleb128 0xb
 1901 0120 3B       		.uleb128 0x3b
 1902 0121 05       		.uleb128 0x5
 1903 0122 49       		.uleb128 0x49
 1904 0123 13       		.uleb128 0x13
 1905 0124 00       		.byte	0
 1906 0125 00       		.byte	0
 1907 0126 19       		.uleb128 0x19
 1908 0127 26       		.uleb128 0x26
 1909 0128 00       		.byte	0
 1910 0129 49       		.uleb128 0x49
 1911 012a 13       		.uleb128 0x13
 1912 012b 00       		.byte	0
 1913 012c 00       		.byte	0
 1914 012d 1A       		.uleb128 0x1a
 1915 012e 01       		.uleb128 0x1
 1916 012f 01       		.byte	0x1
 1917 0130 49       		.uleb128 0x49
 1918 0131 13       		.uleb128 0x13
 1919 0132 01       		.uleb128 0x1
 1920 0133 13       		.uleb128 0x13
 1921 0134 00       		.byte	0
 1922 0135 00       		.byte	0
 1923 0136 1B       		.uleb128 0x1b
 1924 0137 21       		.uleb128 0x21
 1925 0138 00       		.byte	0
 1926 0139 49       		.uleb128 0x49
 1927 013a 13       		.uleb128 0x13
 1928 013b 2F       		.uleb128 0x2f
 1929 013c 0B       		.uleb128 0xb
 1930 013d 00       		.byte	0
 1931 013e 00       		.byte	0
 1932 013f 1C       		.uleb128 0x1c
 1933 0140 2E       		.uleb128 0x2e
 1934 0141 01       		.byte	0x1
ARM GAS  /tmp/ccwifD7O.s 			page 35


 1935 0142 3F       		.uleb128 0x3f
 1936 0143 19       		.uleb128 0x19
 1937 0144 03       		.uleb128 0x3
 1938 0145 0E       		.uleb128 0xe
 1939 0146 3A       		.uleb128 0x3a
 1940 0147 0B       		.uleb128 0xb
 1941 0148 3B       		.uleb128 0x3b
 1942 0149 0B       		.uleb128 0xb
 1943 014a 27       		.uleb128 0x27
 1944 014b 19       		.uleb128 0x19
 1945 014c 11       		.uleb128 0x11
 1946 014d 01       		.uleb128 0x1
 1947 014e 12       		.uleb128 0x12
 1948 014f 06       		.uleb128 0x6
 1949 0150 40       		.uleb128 0x40
 1950 0151 18       		.uleb128 0x18
 1951 0152 9742     		.uleb128 0x2117
 1952 0154 19       		.uleb128 0x19
 1953 0155 01       		.uleb128 0x1
 1954 0156 13       		.uleb128 0x13
 1955 0157 00       		.byte	0
 1956 0158 00       		.byte	0
 1957 0159 1D       		.uleb128 0x1d
 1958 015a 898201   		.uleb128 0x4109
 1959 015d 01       		.byte	0x1
 1960 015e 11       		.uleb128 0x11
 1961 015f 01       		.uleb128 0x1
 1962 0160 31       		.uleb128 0x31
 1963 0161 13       		.uleb128 0x13
 1964 0162 01       		.uleb128 0x1
 1965 0163 13       		.uleb128 0x13
 1966 0164 00       		.byte	0
 1967 0165 00       		.byte	0
 1968 0166 1E       		.uleb128 0x1e
 1969 0167 8A8201   		.uleb128 0x410a
 1970 016a 00       		.byte	0
 1971 016b 02       		.uleb128 0x2
 1972 016c 18       		.uleb128 0x18
 1973 016d 9142     		.uleb128 0x2111
 1974 016f 18       		.uleb128 0x18
 1975 0170 00       		.byte	0
 1976 0171 00       		.byte	0
 1977 0172 1F       		.uleb128 0x1f
 1978 0173 898201   		.uleb128 0x4109
 1979 0176 00       		.byte	0
 1980 0177 11       		.uleb128 0x11
 1981 0178 01       		.uleb128 0x1
 1982 0179 31       		.uleb128 0x31
 1983 017a 13       		.uleb128 0x13
 1984 017b 00       		.byte	0
 1985 017c 00       		.byte	0
 1986 017d 20       		.uleb128 0x20
 1987 017e 898201   		.uleb128 0x4109
 1988 0181 00       		.byte	0
 1989 0182 11       		.uleb128 0x11
 1990 0183 01       		.uleb128 0x1
 1991 0184 9542     		.uleb128 0x2115
ARM GAS  /tmp/ccwifD7O.s 			page 36


 1992 0186 19       		.uleb128 0x19
 1993 0187 31       		.uleb128 0x31
 1994 0188 13       		.uleb128 0x13
 1995 0189 00       		.byte	0
 1996 018a 00       		.byte	0
 1997 018b 21       		.uleb128 0x21
 1998 018c 898201   		.uleb128 0x4109
 1999 018f 01       		.byte	0x1
 2000 0190 11       		.uleb128 0x11
 2001 0191 01       		.uleb128 0x1
 2002 0192 9542     		.uleb128 0x2115
 2003 0194 19       		.uleb128 0x19
 2004 0195 31       		.uleb128 0x31
 2005 0196 13       		.uleb128 0x13
 2006 0197 00       		.byte	0
 2007 0198 00       		.byte	0
 2008 0199 22       		.uleb128 0x22
 2009 019a 34       		.uleb128 0x34
 2010 019b 00       		.byte	0
 2011 019c 03       		.uleb128 0x3
 2012 019d 0E       		.uleb128 0xe
 2013 019e 3A       		.uleb128 0x3a
 2014 019f 0B       		.uleb128 0xb
 2015 01a0 3B       		.uleb128 0x3b
 2016 01a1 05       		.uleb128 0x5
 2017 01a2 49       		.uleb128 0x49
 2018 01a3 13       		.uleb128 0x13
 2019 01a4 3F       		.uleb128 0x3f
 2020 01a5 19       		.uleb128 0x19
 2021 01a6 3C       		.uleb128 0x3c
 2022 01a7 19       		.uleb128 0x19
 2023 01a8 00       		.byte	0
 2024 01a9 00       		.byte	0
 2025 01aa 23       		.uleb128 0x23
 2026 01ab 34       		.uleb128 0x34
 2027 01ac 00       		.byte	0
 2028 01ad 03       		.uleb128 0x3
 2029 01ae 08       		.uleb128 0x8
 2030 01af 3A       		.uleb128 0x3a
 2031 01b0 0B       		.uleb128 0xb
 2032 01b1 3B       		.uleb128 0x3b
 2033 01b2 05       		.uleb128 0x5
 2034 01b3 49       		.uleb128 0x49
 2035 01b4 13       		.uleb128 0x13
 2036 01b5 3F       		.uleb128 0x3f
 2037 01b6 19       		.uleb128 0x19
 2038 01b7 3C       		.uleb128 0x3c
 2039 01b8 19       		.uleb128 0x19
 2040 01b9 00       		.byte	0
 2041 01ba 00       		.byte	0
 2042 01bb 24       		.uleb128 0x24
 2043 01bc 2E       		.uleb128 0x2e
 2044 01bd 01       		.byte	0x1
 2045 01be 3F       		.uleb128 0x3f
 2046 01bf 19       		.uleb128 0x19
 2047 01c0 03       		.uleb128 0x3
 2048 01c1 0E       		.uleb128 0xe
ARM GAS  /tmp/ccwifD7O.s 			page 37


 2049 01c2 3A       		.uleb128 0x3a
 2050 01c3 0B       		.uleb128 0xb
 2051 01c4 3B       		.uleb128 0x3b
 2052 01c5 05       		.uleb128 0x5
 2053 01c6 27       		.uleb128 0x27
 2054 01c7 19       		.uleb128 0x19
 2055 01c8 3C       		.uleb128 0x3c
 2056 01c9 19       		.uleb128 0x19
 2057 01ca 01       		.uleb128 0x1
 2058 01cb 13       		.uleb128 0x13
 2059 01cc 00       		.byte	0
 2060 01cd 00       		.byte	0
 2061 01ce 25       		.uleb128 0x25
 2062 01cf 2E       		.uleb128 0x2e
 2063 01d0 00       		.byte	0
 2064 01d1 3F       		.uleb128 0x3f
 2065 01d2 19       		.uleb128 0x19
 2066 01d3 03       		.uleb128 0x3
 2067 01d4 0E       		.uleb128 0xe
 2068 01d5 3A       		.uleb128 0x3a
 2069 01d6 0B       		.uleb128 0xb
 2070 01d7 3B       		.uleb128 0x3b
 2071 01d8 0B       		.uleb128 0xb
 2072 01d9 27       		.uleb128 0x27
 2073 01da 19       		.uleb128 0x19
 2074 01db 3C       		.uleb128 0x3c
 2075 01dc 19       		.uleb128 0x19
 2076 01dd 00       		.byte	0
 2077 01de 00       		.byte	0
 2078 01df 26       		.uleb128 0x26
 2079 01e0 2E       		.uleb128 0x2e
 2080 01e1 00       		.byte	0
 2081 01e2 3F       		.uleb128 0x3f
 2082 01e3 19       		.uleb128 0x19
 2083 01e4 03       		.uleb128 0x3
 2084 01e5 0E       		.uleb128 0xe
 2085 01e6 3A       		.uleb128 0x3a
 2086 01e7 0B       		.uleb128 0xb
 2087 01e8 3B       		.uleb128 0x3b
 2088 01e9 05       		.uleb128 0x5
 2089 01ea 27       		.uleb128 0x27
 2090 01eb 19       		.uleb128 0x19
 2091 01ec 3C       		.uleb128 0x3c
 2092 01ed 19       		.uleb128 0x19
 2093 01ee 00       		.byte	0
 2094 01ef 00       		.byte	0
 2095 01f0 27       		.uleb128 0x27
 2096 01f1 2E       		.uleb128 0x2e
 2097 01f2 01       		.byte	0x1
 2098 01f3 3F       		.uleb128 0x3f
 2099 01f4 19       		.uleb128 0x19
 2100 01f5 03       		.uleb128 0x3
 2101 01f6 0E       		.uleb128 0xe
 2102 01f7 3A       		.uleb128 0x3a
 2103 01f8 0B       		.uleb128 0xb
 2104 01f9 3B       		.uleb128 0x3b
 2105 01fa 0B       		.uleb128 0xb
ARM GAS  /tmp/ccwifD7O.s 			page 38


 2106 01fb 27       		.uleb128 0x27
 2107 01fc 19       		.uleb128 0x19
 2108 01fd 49       		.uleb128 0x49
 2109 01fe 13       		.uleb128 0x13
 2110 01ff 3C       		.uleb128 0x3c
 2111 0200 19       		.uleb128 0x19
 2112 0201 01       		.uleb128 0x1
 2113 0202 13       		.uleb128 0x13
 2114 0203 00       		.byte	0
 2115 0204 00       		.byte	0
 2116 0205 28       		.uleb128 0x28
 2117 0206 2E       		.uleb128 0x2e
 2118 0207 01       		.byte	0x1
 2119 0208 3F       		.uleb128 0x3f
 2120 0209 19       		.uleb128 0x19
 2121 020a 03       		.uleb128 0x3
 2122 020b 0E       		.uleb128 0xe
 2123 020c 3A       		.uleb128 0x3a
 2124 020d 0B       		.uleb128 0xb
 2125 020e 3B       		.uleb128 0x3b
 2126 020f 0B       		.uleb128 0xb
 2127 0210 27       		.uleb128 0x27
 2128 0211 19       		.uleb128 0x19
 2129 0212 3C       		.uleb128 0x3c
 2130 0213 19       		.uleb128 0x19
 2131 0214 01       		.uleb128 0x1
 2132 0215 13       		.uleb128 0x13
 2133 0216 00       		.byte	0
 2134 0217 00       		.byte	0
 2135 0218 29       		.uleb128 0x29
 2136 0219 2E       		.uleb128 0x2e
 2137 021a 01       		.byte	0x1
 2138 021b 3F       		.uleb128 0x3f
 2139 021c 19       		.uleb128 0x19
 2140 021d 03       		.uleb128 0x3
 2141 021e 0E       		.uleb128 0xe
 2142 021f 3A       		.uleb128 0x3a
 2143 0220 0B       		.uleb128 0xb
 2144 0221 3B       		.uleb128 0x3b
 2145 0222 05       		.uleb128 0x5
 2146 0223 27       		.uleb128 0x27
 2147 0224 19       		.uleb128 0x19
 2148 0225 49       		.uleb128 0x49
 2149 0226 13       		.uleb128 0x13
 2150 0227 3C       		.uleb128 0x3c
 2151 0228 19       		.uleb128 0x19
 2152 0229 01       		.uleb128 0x1
 2153 022a 13       		.uleb128 0x13
 2154 022b 00       		.byte	0
 2155 022c 00       		.byte	0
 2156 022d 00       		.byte	0
 2157              		.section	.debug_aranges,"",%progbits
 2158 0000 34000000 		.4byte	0x34
 2159 0004 0200     		.2byte	0x2
 2160 0006 00000000 		.4byte	.Ldebug_info0
 2161 000a 04       		.byte	0x4
 2162 000b 00       		.byte	0
ARM GAS  /tmp/ccwifD7O.s 			page 39


 2163 000c 0000     		.2byte	0
 2164 000e 0000     		.2byte	0
 2165 0010 00000000 		.4byte	.LFB256
 2166 0014 1C000000 		.4byte	.LFE256-.LFB256
 2167 0018 00000000 		.4byte	.LFB257
 2168 001c 1E000000 		.4byte	.LFE257-.LFB257
 2169 0020 00000000 		.4byte	.LFB258
 2170 0024 24000000 		.4byte	.LFE258-.LFB258
 2171 0028 00000000 		.4byte	.LFB259
 2172 002c 24000000 		.4byte	.LFE259-.LFB259
 2173 0030 00000000 		.4byte	0
 2174 0034 00000000 		.4byte	0
 2175              		.section	.debug_ranges,"",%progbits
 2176              	.Ldebug_ranges0:
 2177 0000 00000000 		.4byte	.LFB256
 2178 0004 1C000000 		.4byte	.LFE256
 2179 0008 00000000 		.4byte	.LFB257
 2180 000c 1E000000 		.4byte	.LFE257
 2181 0010 00000000 		.4byte	.LFB258
 2182 0014 24000000 		.4byte	.LFE258
 2183 0018 00000000 		.4byte	.LFB259
 2184 001c 24000000 		.4byte	.LFE259
 2185 0020 00000000 		.4byte	0
 2186 0024 00000000 		.4byte	0
 2187              		.section	.debug_line,"",%progbits
 2188              	.Ldebug_line0:
 2189 0000 9A020000 		.section	.debug_str,"MS",%progbits,1
 2189      02004502 
 2189      00000201 
 2189      FB0E0D00 
 2189      01010101 
 2190              	.LASF55:
 2191 0000 72656164 		.ascii	"ready_list_t\000"
 2191      795F6C69 
 2191      73745F74 
 2191      00
 2192              	.LASF100:
 2193 000d 44494552 		.ascii	"DIER\000"
 2193      00
 2194              	.LASF122:
 2195 0012 77747472 		.ascii	"wttrp\000"
 2195      7000
 2196              	.LASF119:
 2197 0018 7264796D 		.ascii	"rdymsg\000"
 2197      736700
 2198              	.LASF18:
 2199 001f 75696E74 		.ascii	"uint64_t\000"
 2199      36345F74 
 2199      00
 2200              	.LASF4:
 2201 0028 5F5F7569 		.ascii	"__uint8_t\000"
 2201      6E74385F 
 2201      7400
 2202              	.LASF116:
 2203 0032 706F7274 		.ascii	"port_intctx\000"
 2203      5F696E74 
 2203      63747800 
ARM GAS  /tmp/ccwifD7O.s 			page 40


 2204              	.LASF80:
 2205 003e 76746C69 		.ascii	"vtlist\000"
 2205      737400
 2206              	.LASF102:
 2207 0045 43434D52 		.ascii	"CCMR2\000"
 2207      3200
 2208              	.LASF110:
 2209 004b 54494D5F 		.ascii	"TIM_TypeDef\000"
 2209      54797065 
 2209      44656600 
 2210              	.LASF13:
 2211 0057 6C6F6E67 		.ascii	"long long unsigned int\000"
 2211      206C6F6E 
 2211      6720756E 
 2211      7369676E 
 2211      65642069 
 2212              	.LASF81:
 2213 006e 6D61696E 		.ascii	"mainthread\000"
 2213      74687265 
 2213      616400
 2214              	.LASF71:
 2215 0079 76697274 		.ascii	"virtual_timers_list_t\000"
 2215      75616C5F 
 2215      74696D65 
 2215      72735F6C 
 2215      6973745F 
 2216              	.LASF141:
 2217 008f 49544D5F 		.ascii	"ITM_RxBuffer\000"
 2217      52784275 
 2217      66666572 
 2217      00
 2218              	.LASF108:
 2219 009c 42445452 		.ascii	"BDTR\000"
 2219      00
 2220              	.LASF54:
 2221 00a1 63685F74 		.ascii	"ch_threads_queue\000"
 2221      68726561 
 2221      64735F71 
 2221      75657565 
 2221      00
 2222              	.LASF32:
 2223 00b2 705F7072 		.ascii	"p_prio\000"
 2223      696F00
 2224              	.LASF93:
 2225 00b9 4A535152 		.ascii	"JSQR\000"
 2225      00
 2226              	.LASF101:
 2227 00be 43434D52 		.ascii	"CCMR1\000"
 2227      3100
 2228              	.LASF144:
 2229 00c4 656E636F 		.ascii	"encoder_reset\000"
 2229      6465725F 
 2229      72657365 
 2229      7400
 2230              	.LASF11:
 2231 00d2 6C6F6E67 		.ascii	"long long int\000"
 2231      206C6F6E 
ARM GAS  /tmp/ccwifD7O.s 			page 41


 2231      6720696E 
 2231      7400
 2232              	.LASF1:
 2233 00e0 7369676E 		.ascii	"signed char\000"
 2233      65642063 
 2233      68617200 
 2234              	.LASF48:
 2235 00ec 705F6D70 		.ascii	"p_mpool\000"
 2235      6F6F6C00 
 2236              	.LASF130:
 2237 00f4 6D5F7175 		.ascii	"m_queue\000"
 2237      65756500 
 2238              	.LASF147:
 2239 00fc 45585449 		.ascii	"EXTI_GetITStatus\000"
 2239      5F476574 
 2239      49545374 
 2239      61747573 
 2239      00
 2240              	.LASF121:
 2241 010d 77746F62 		.ascii	"wtobjp\000"
 2241      6A7000
 2242              	.LASF23:
 2243 0114 74736C69 		.ascii	"tslices_t\000"
 2243      6365735F 
 2243      7400
 2244              	.LASF139:
 2245 011e 56656374 		.ascii	"VectorB8\000"
 2245      6F724238 
 2245      00
 2246              	.LASF78:
 2247 0127 63685F73 		.ascii	"ch_system\000"
 2247      79737465 
 2247      6D00
 2248              	.LASF8:
 2249 0131 6C6F6E67 		.ascii	"long int\000"
 2249      20696E74 
 2249      00
 2250              	.LASF150:
 2251 013a 54494D5F 		.ascii	"TIM_ClearITPendingBit\000"
 2251      436C6561 
 2251      72495450 
 2251      656E6469 
 2251      6E674269 
 2252              	.LASF21:
 2253 0150 74737461 		.ascii	"tstate_t\000"
 2253      74655F74 
 2253      00
 2254              	.LASF15:
 2255 0159 75696E74 		.ascii	"uint16_t\000"
 2255      31365F74 
 2255      00
 2256              	.LASF152:
 2257 0162 474E5520 		.ascii	"GNU C 4.8.4 20141219 (release) -mcpu=cortex-m4 -mfl"
 2257      4320342E 
 2257      382E3420 
 2257      32303134 
 2257      31323139 
ARM GAS  /tmp/ccwifD7O.s 			page 42


 2258 0195 6F61742D 		.ascii	"oat-abi=hard -mfpu=fpv4-sp-d16 -mno-thumb-interwork"
 2258      6162693D 
 2258      68617264 
 2258      202D6D66 
 2258      70753D66 
 2259 01c8 202D6D74 		.ascii	" -mthumb -ggdb -O2 -std=gnu99 -fomit-frame-pointer "
 2259      68756D62 
 2259      202D6767 
 2259      6462202D 
 2259      4F32202D 
 2260 01fb 2D66616C 		.ascii	"-falign-functions=16 -ffunction-sections -fdata-sec"
 2260      69676E2D 
 2260      66756E63 
 2260      74696F6E 
 2260      733D3136 
 2261 022e 74696F6E 		.ascii	"tions -fno-common -fsingle-precision-constant\000"
 2261      73202D66 
 2261      6E6F2D63 
 2261      6F6D6D6F 
 2261      6E202D66 
 2262              	.LASF149:
 2263 025c 656E636F 		.ascii	"encoder_tim_isr\000"
 2263      6465725F 
 2263      74696D5F 
 2263      69737200 
 2264              	.LASF34:
 2265 026c 705F6E65 		.ascii	"p_newer\000"
 2265      77657200 
 2266              	.LASF127:
 2267 0274 735F7175 		.ascii	"s_queue\000"
 2267      65756500 
 2268              	.LASF120:
 2269 027c 65786974 		.ascii	"exitcode\000"
 2269      636F6465 
 2269      00
 2270              	.LASF60:
 2271 0285 725F6E65 		.ascii	"r_newer\000"
 2271      77657200 
 2272              	.LASF113:
 2273 028d 72656761 		.ascii	"regarm_t\000"
 2273      726D5F74 
 2273      00
 2274              	.LASF67:
 2275 0296 76745F70 		.ascii	"vt_prev\000"
 2275      72657600 
 2276              	.LASF154:
 2277 029e 2F686F6D 		.ascii	"/home/taylor/Programming/VESC/firmware\000"
 2277      652F7461 
 2277      796C6F72 
 2277      2F50726F 
 2277      6772616D 
 2278              	.LASF134:
 2279 02c5 6D757465 		.ascii	"mutex_t\000"
 2279      785F7400 
 2280              	.LASF112:
 2281 02cd 49545374 		.ascii	"ITStatus\000"
 2281      61747573 
ARM GAS  /tmp/ccwifD7O.s 			page 43


 2281      00
 2282              	.LASF82:
 2283 02d6 69646C65 		.ascii	"idle_thread_wa\000"
 2283      5F746872 
 2283      6561645F 
 2283      776100
 2284              	.LASF146:
 2285 02e5 45585449 		.ascii	"EXTI_ClearITPendingBit\000"
 2285      5F436C65 
 2285      61724954 
 2285      50656E64 
 2285      696E6742 
 2286              	.LASF0:
 2287 02fc 756E7369 		.ascii	"unsigned int\000"
 2287      676E6564 
 2287      20696E74 
 2287      00
 2288              	.LASF66:
 2289 0309 76745F6E 		.ascii	"vt_next\000"
 2289      65787400 
 2290              	.LASF123:
 2291 0311 77747365 		.ascii	"wtsemp\000"
 2291      6D7000
 2292              	.LASF68:
 2293 0318 76745F64 		.ascii	"vt_delta\000"
 2293      656C7461 
 2293      00
 2294              	.LASF74:
 2295 0321 73797374 		.ascii	"system_debug_t\000"
 2295      656D5F64 
 2295      65627567 
 2295      5F7400
 2296              	.LASF128:
 2297 0330 735F636E 		.ascii	"s_cnt\000"
 2297      7400
 2298              	.LASF115:
 2299 0336 636F6E74 		.ascii	"context\000"
 2299      65787400 
 2300              	.LASF6:
 2301 033e 73686F72 		.ascii	"short unsigned int\000"
 2301      7420756E 
 2301      7369676E 
 2301      65642069 
 2301      6E7400
 2302              	.LASF51:
 2303 0351 63685F74 		.ascii	"ch_thread\000"
 2303      68726561 
 2303      6400
 2304              	.LASF151:
 2305 035b 6D637077 		.ascii	"mcpwm_foc_tim_sample_int_handler\000"
 2305      6D5F666F 
 2305      635F7469 
 2305      6D5F7361 
 2305      6D706C65 
 2306              	.LASF25:
 2307 037c 6D73675F 		.ascii	"msg_t\000"
 2307      7400
ARM GAS  /tmp/ccwifD7O.s 			page 44


 2308              	.LASF77:
 2309 0382 63685F73 		.ascii	"ch_system_t\000"
 2309      79737465 
 2309      6D5F7400 
 2310              	.LASF20:
 2311 038e 746D6F64 		.ascii	"tmode_t\000"
 2311      655F7400 
 2312              	.LASF56:
 2313 0396 63685F72 		.ascii	"ch_ready_list\000"
 2313      65616479 
 2313      5F6C6973 
 2313      7400
 2314              	.LASF26:
 2315 03a4 6576656E 		.ascii	"eventmask_t\000"
 2315      746D6173 
 2315      6B5F7400 
 2316              	.LASF7:
 2317 03b0 5F5F696E 		.ascii	"__int32_t\000"
 2317      7433325F 
 2317      7400
 2318              	.LASF114:
 2319 03ba 73746B61 		.ascii	"stkalign_t\000"
 2319      6C69676E 
 2319      5F7400
 2320              	.LASF86:
 2321 03c5 4A4F4652 		.ascii	"JOFR1\000"
 2321      3100
 2322              	.LASF87:
 2323 03cb 4A4F4652 		.ascii	"JOFR2\000"
 2323      3200
 2324              	.LASF88:
 2325 03d1 4A4F4652 		.ascii	"JOFR3\000"
 2325      3300
 2326              	.LASF89:
 2327 03d7 4A4F4652 		.ascii	"JOFR4\000"
 2327      3400
 2328              	.LASF19:
 2329 03dd 7274636E 		.ascii	"rtcnt_t\000"
 2329      745F7400 
 2330              	.LASF49:
 2331 03e5 74687265 		.ascii	"thread_reference_t\000"
 2331      61645F72 
 2331      65666572 
 2331      656E6365 
 2331      5F7400
 2332              	.LASF72:
 2333 03f8 63685F76 		.ascii	"ch_virtual_timers_list\000"
 2333      69727475 
 2333      616C5F74 
 2333      696D6572 
 2333      735F6C69 
 2334              	.LASF98:
 2335 040f 4144435F 		.ascii	"ADC_TypeDef\000"
 2335      54797065 
 2335      44656600 
 2336              	.LASF69:
 2337 041b 76745F66 		.ascii	"vt_func\000"
ARM GAS  /tmp/ccwifD7O.s 			page 45


 2337      756E6300 
 2338              	.LASF27:
 2339 0423 636E745F 		.ascii	"cnt_t\000"
 2339      7400
 2340              	.LASF118:
 2341 0429 746D5F63 		.ascii	"tm_calibration_t\000"
 2341      616C6962 
 2341      72617469 
 2341      6F6E5F74 
 2341      00
 2342              	.LASF94:
 2343 043a 4A445231 		.ascii	"JDR1\000"
 2343      00
 2344              	.LASF95:
 2345 043f 4A445232 		.ascii	"JDR2\000"
 2345      00
 2346              	.LASF35:
 2347 0444 705F6F6C 		.ascii	"p_older\000"
 2347      64657200 
 2348              	.LASF59:
 2349 044c 725F6374 		.ascii	"r_ctx\000"
 2349      7800
 2350              	.LASF84:
 2351 0452 534D5052 		.ascii	"SMPR1\000"
 2351      3100
 2352              	.LASF85:
 2353 0458 534D5052 		.ascii	"SMPR2\000"
 2353      3200
 2354              	.LASF148:
 2355 045e 54494D5F 		.ascii	"TIM_GetITStatus\000"
 2355      47657449 
 2355      54537461 
 2355      74757300 
 2356              	.LASF39:
 2357 046e 705F7265 		.ascii	"p_refs\000"
 2357      667300
 2358              	.LASF62:
 2359 0475 725F6375 		.ascii	"r_current\000"
 2359      7272656E 
 2359      7400
 2360              	.LASF61:
 2361 047f 725F6F6C 		.ascii	"r_older\000"
 2361      64657200 
 2362              	.LASF109:
 2363 0487 444D4152 		.ascii	"DMAR\000"
 2363      00
 2364              	.LASF90:
 2365 048c 53515231 		.ascii	"SQR1\000"
 2365      00
 2366              	.LASF91:
 2367 0491 53515232 		.ascii	"SQR2\000"
 2367      00
 2368              	.LASF92:
 2369 0496 53515233 		.ascii	"SQR3\000"
 2369      00
 2370              	.LASF12:
 2371 049b 5F5F7569 		.ascii	"__uint64_t\000"
ARM GAS  /tmp/ccwifD7O.s 			page 46


 2371      6E743634 
 2371      5F7400
 2372              	.LASF145:
 2373 04a6 4144435F 		.ascii	"ADC_ClearITPendingBit\000"
 2373      436C6561 
 2373      72495450 
 2373      656E6469 
 2373      6E674269 
 2374              	.LASF135:
 2375 04bc 666C6F61 		.ascii	"float\000"
 2375      7400
 2376              	.LASF22:
 2377 04c2 74726566 		.ascii	"trefs_t\000"
 2377      735F7400 
 2378              	.LASF64:
 2379 04ca 76697274 		.ascii	"virtual_timer_t\000"
 2379      75616C5F 
 2379      74696D65 
 2379      725F7400 
 2380              	.LASF31:
 2381 04da 705F7072 		.ascii	"p_prev\000"
 2381      657600
 2382              	.LASF111:
 2383 04e1 52455345 		.ascii	"RESET\000"
 2383      5400
 2384              	.LASF24:
 2385 04e7 74707269 		.ascii	"tprio_t\000"
 2385      6F5F7400 
 2386              	.LASF75:
 2387 04ef 63685F73 		.ascii	"ch_system_debug\000"
 2387      79737465 
 2387      6D5F6465 
 2387      62756700 
 2388              	.LASF136:
 2389 04ff 5F426F6F 		.ascii	"_Bool\000"
 2389      6C00
 2390              	.LASF16:
 2391 0505 696E7433 		.ascii	"int32_t\000"
 2391      325F7400 
 2392              	.LASF2:
 2393 050d 756E7369 		.ascii	"unsigned char\000"
 2393      676E6564 
 2393      20636861 
 2393      7200
 2394              	.LASF46:
 2395 051b 705F6D74 		.ascii	"p_mtxlist\000"
 2395      786C6973 
 2395      7400
 2396              	.LASF3:
 2397 0525 73686F72 		.ascii	"short int\000"
 2397      7420696E 
 2397      7400
 2398              	.LASF37:
 2399 052f 705F7374 		.ascii	"p_state\000"
 2399      61746500 
 2400              	.LASF40:
 2401 0537 705F7072 		.ascii	"p_preempt\000"
ARM GAS  /tmp/ccwifD7O.s 			page 47


 2401      65656D70 
 2401      7400
 2402              	.LASF58:
 2403 0541 725F7072 		.ascii	"r_prio\000"
 2403      696F00
 2404              	.LASF125:
 2405 0548 65776D61 		.ascii	"ewmask\000"
 2405      736B00
 2406              	.LASF30:
 2407 054f 705F6E65 		.ascii	"p_next\000"
 2407      787400
 2408              	.LASF38:
 2409 0556 705F666C 		.ascii	"p_flags\000"
 2409      61677300 
 2410              	.LASF53:
 2411 055e 74687265 		.ascii	"threads_queue_t\000"
 2411      6164735F 
 2411      71756575 
 2411      655F7400 
 2412              	.LASF140:
 2413 056e 56656374 		.ascii	"VectorF8\000"
 2413      6F724638 
 2413      00
 2414              	.LASF126:
 2415 0577 63685F73 		.ascii	"ch_semaphore\000"
 2415      656D6170 
 2415      686F7265 
 2415      00
 2416              	.LASF45:
 2417 0584 705F6570 		.ascii	"p_epending\000"
 2417      656E6469 
 2417      6E6700
 2418              	.LASF17:
 2419 058f 75696E74 		.ascii	"uint32_t\000"
 2419      33325F74 
 2419      00
 2420              	.LASF124:
 2421 0598 77746D74 		.ascii	"wtmtxp\000"
 2421      787000
 2422              	.LASF57:
 2423 059f 725F7175 		.ascii	"r_queue\000"
 2423      65756500 
 2424              	.LASF73:
 2425 05a7 76745F73 		.ascii	"vt_systime\000"
 2425      79737469 
 2425      6D6500
 2426              	.LASF52:
 2427 05b2 63685F74 		.ascii	"ch_threads_list\000"
 2427      68726561 
 2427      64735F6C 
 2427      69737400 
 2428              	.LASF10:
 2429 05c2 6C6F6E67 		.ascii	"long unsigned int\000"
 2429      20756E73 
 2429      69676E65 
 2429      6420696E 
 2429      7400
ARM GAS  /tmp/ccwifD7O.s 			page 48


 2430              	.LASF133:
 2431 05d4 63686172 		.ascii	"char\000"
 2431      00
 2432              	.LASF99:
 2433 05d9 534D4352 		.ascii	"SMCR\000"
 2433      00
 2434              	.LASF5:
 2435 05de 5F5F7569 		.ascii	"__uint16_t\000"
 2435      6E743136 
 2435      5F7400
 2436              	.LASF29:
 2437 05e9 74687265 		.ascii	"thread_t\000"
 2437      61645F74 
 2437      00
 2438              	.LASF103:
 2439 05f2 43434552 		.ascii	"CCER\000"
 2439      00
 2440              	.LASF132:
 2441 05f7 6D5F6E65 		.ascii	"m_next\000"
 2441      787400
 2442              	.LASF28:
 2443 05fe 73797374 		.ascii	"systime_t\000"
 2443      696D655F 
 2443      7400
 2444              	.LASF47:
 2445 0608 705F7265 		.ascii	"p_realprio\000"
 2445      616C7072 
 2445      696F00
 2446              	.LASF63:
 2447 0613 76746675 		.ascii	"vtfunc_t\000"
 2447      6E635F74 
 2447      00
 2448              	.LASF9:
 2449 061c 5F5F7569 		.ascii	"__uint32_t\000"
 2449      6E743332 
 2449      5F7400
 2450              	.LASF76:
 2451 0627 70616E69 		.ascii	"panic_msg\000"
 2451      635F6D73 
 2451      6700
 2452              	.LASF117:
 2453 0631 6F666673 		.ascii	"offset\000"
 2453      657400
 2454              	.LASF41:
 2455 0638 705F7469 		.ascii	"p_time\000"
 2455      6D6500
 2456              	.LASF65:
 2457 063f 63685F76 		.ascii	"ch_virtual_timer\000"
 2457      69727475 
 2457      616C5F74 
 2457      696D6572 
 2457      00
 2458              	.LASF43:
 2459 0650 705F6D73 		.ascii	"p_msgqueue\000"
 2459      67717565 
 2459      756500
 2460              	.LASF70:
ARM GAS  /tmp/ccwifD7O.s 			page 49


 2461 065b 76745F70 		.ascii	"vt_par\000"
 2461      617200
 2462              	.LASF142:
 2463 0662 6D635F69 		.ascii	"mc_interface_adc_inj_int_handler\000"
 2463      6E746572 
 2463      66616365 
 2463      5F616463 
 2463      5F696E6A 
 2464              	.LASF104:
 2465 0683 43435231 		.ascii	"CCR1\000"
 2465      00
 2466              	.LASF105:
 2467 0688 43435232 		.ascii	"CCR2\000"
 2467      00
 2468              	.LASF106:
 2469 068d 43435233 		.ascii	"CCR3\000"
 2469      00
 2470              	.LASF107:
 2471 0692 43435234 		.ascii	"CCR4\000"
 2471      00
 2472              	.LASF137:
 2473 0697 56656374 		.ascii	"Vector88\000"
 2473      6F723838 
 2473      00
 2474              	.LASF143:
 2475 06a0 5F706F72 		.ascii	"_port_irq_epilogue\000"
 2475      745F6972 
 2475      715F6570 
 2475      696C6F67 
 2475      756500
 2476              	.LASF79:
 2477 06b3 726C6973 		.ascii	"rlist\000"
 2477      7400
 2478              	.LASF14:
 2479 06b9 75696E74 		.ascii	"uint8_t\000"
 2479      385F7400 
 2480              	.LASF153:
 2481 06c1 6972715F 		.ascii	"irq_handlers.c\000"
 2481      68616E64 
 2481      6C657273 
 2481      2E6300
 2482              	.LASF83:
 2483 06d0 73697A65 		.ascii	"sizetype\000"
 2483      74797065 
 2483      00
 2484              	.LASF96:
 2485 06d9 4A445233 		.ascii	"JDR3\000"
 2485      00
 2486              	.LASF97:
 2487 06de 4A445234 		.ascii	"JDR4\000"
 2487      00
 2488              	.LASF129:
 2489 06e3 63685F6D 		.ascii	"ch_mutex\000"
 2489      75746578 
 2489      00
 2490              	.LASF36:
 2491 06ec 705F6E61 		.ascii	"p_name\000"
ARM GAS  /tmp/ccwifD7O.s 			page 50


 2491      6D6500
 2492              	.LASF50:
 2493 06f3 74687265 		.ascii	"threads_list_t\000"
 2493      6164735F 
 2493      6C697374 
 2493      5F7400
 2494              	.LASF44:
 2495 0702 705F6D73 		.ascii	"p_msg\000"
 2495      6700
 2496              	.LASF138:
 2497 0708 56656374 		.ascii	"VectorE0\000"
 2497      6F724530 
 2497      00
 2498              	.LASF131:
 2499 0711 6D5F6F77 		.ascii	"m_owner\000"
 2499      6E657200 
 2500              	.LASF33:
 2501 0719 705F6374 		.ascii	"p_ctx\000"
 2501      7800
 2502              	.LASF42:
 2503 071f 705F7761 		.ascii	"p_waiting\000"
 2503      6974696E 
 2503      6700
 2504              		.ident	"GCC: (4.8.4-1+11-1) 4.8.4 20141219 (release)"
ARM GAS  /tmp/ccwifD7O.s 			page 51


DEFINED SYMBOLS
                            *ABS*:0000000000000000 irq_handlers.c
     /tmp/ccwifD7O.s:21     .text.Vector88:0000000000000000 $t
     /tmp/ccwifD7O.s:27     .text.Vector88:0000000000000000 Vector88
     /tmp/ccwifD7O.s:54     .text.Vector88:0000000000000018 $d
     /tmp/ccwifD7O.s:59     .text.VectorE0:0000000000000000 $t
     /tmp/ccwifD7O.s:65     .text.VectorE0:0000000000000000 VectorE0
     /tmp/ccwifD7O.s:96     .text.VectorB8:0000000000000000 $t
     /tmp/ccwifD7O.s:102    .text.VectorB8:0000000000000000 VectorB8
     /tmp/ccwifD7O.s:134    .text.VectorB8:0000000000000020 $d
     /tmp/ccwifD7O.s:139    .text.VectorF8:0000000000000000 $t
     /tmp/ccwifD7O.s:145    .text.VectorF8:0000000000000000 VectorF8
     /tmp/ccwifD7O.s:177    .text.VectorF8:0000000000000020 $d
                     .debug_frame:0000000000000010 $d
     /tmp/ccwifD7O.s:58     .text.Vector88:000000000000001c $t
     /tmp/ccwifD7O.s:138    .text.VectorB8:0000000000000024 $t
     /tmp/ccwifD7O.s:181    .text.VectorF8:0000000000000024 $t

UNDEFINED SYMBOLS
ADC_ClearITPendingBit
mc_interface_adc_inj_int_handler
_port_irq_epilogue
EXTI_GetITStatus
encoder_reset
EXTI_ClearITPendingBit
TIM_GetITStatus
encoder_tim_isr
TIM_ClearITPendingBit
mcpwm_foc_tim_sample_int_handler
