ARM GAS  /tmp/ccOfnbS0.s 			page 1


   1              		.syntax unified
   2              		.cpu cortex-m4
   3              		.eabi_attribute 27, 3
   4              		.eabi_attribute 28, 1
   5              		.fpu fpv4-sp-d16
   6              		.eabi_attribute 20, 1
   7              		.eabi_attribute 21, 1
   8              		.eabi_attribute 23, 3
   9              		.eabi_attribute 24, 1
  10              		.eabi_attribute 25, 1
  11              		.eabi_attribute 26, 1
  12              		.eabi_attribute 30, 2
  13              		.eabi_attribute 34, 1
  14              		.eabi_attribute 18, 4
  15              		.thumb
  16              		.file	"st.c"
  17              		.text
  18              	.Ltext0:
  19              		.cfi_sections	.debug_frame
  20              		.section	.text.stInit,"ax",%progbits
  21              		.align	2
  22              		.p2align 4,,15
  23              		.global	stInit
  24              		.thumb
  25              		.thumb_func
  26              		.type	stInit, %function
  27              	stInit:
  28              	.LFB256:
  29              		.file 1 "ChibiOS_3.0.2/os/hal/src/st.c"
  30              		.loc 1 60 0
  31              		.cfi_startproc
  32              		@ args = 0, pretend = 0, frame = 0
  33              		@ frame_needed = 0, uses_anonymous_args = 0
  34              		@ link register save eliminated.
  35              		.loc 1 62 0
  36 0000 FFF7FEBF 		b	st_lld_init
  37              	.LVL0:
  38              		.cfi_endproc
  39              	.LFE256:
  40              		.size	stInit, .-stInit
  41 0004 AFF30080 		.section	.text.stStartAlarm,"ax",%progbits
  41      AFF30080 
  41      AFF30080 
  42              		.align	2
  43              		.p2align 4,,15
  44              		.global	stStartAlarm
  45              		.thumb
  46              		.thumb_func
  47              		.type	stStartAlarm, %function
  48              	stStartAlarm:
  49              	.LFB257:
  50              		.loc 1 77 0
  51              		.cfi_startproc
  52              		@ args = 0, pretend = 0, frame = 0
  53              		@ frame_needed = 0, uses_anonymous_args = 0
  54              		@ link register save eliminated.
  55              	.LVL1:
ARM GAS  /tmp/ccOfnbS0.s 			page 2


  56              	.LBB10:
  57              	.LBB11:
  58              		.file 2 "ChibiOS_3.0.2/os/hal/ports/STM32/LLD/TIMv1/st_lld.h"
  59              		.loc 2 143 0
  60 0000 4FF08043 		mov	r3, #1073741824
  61              	.LVL2:
  62              		.loc 2 144 0
  63 0004 0021     		movs	r1, #0
  64              		.loc 2 145 0
  65 0006 0222     		movs	r2, #2
  66              		.loc 2 143 0
  67 0008 5863     		str	r0, [r3, #52]
  68              		.loc 2 144 0
  69 000a 1961     		str	r1, [r3, #16]
  70              		.loc 2 145 0
  71 000c DA60     		str	r2, [r3, #12]
  72 000e 7047     		bx	lr
  73              	.LBE11:
  74              	.LBE10:
  75              		.cfi_endproc
  76              	.LFE257:
  77              		.size	stStartAlarm, .-stStartAlarm
  78              		.section	.text.stStopAlarm,"ax",%progbits
  79              		.align	2
  80              		.p2align 4,,15
  81              		.global	stStopAlarm
  82              		.thumb
  83              		.thumb_func
  84              		.type	stStopAlarm, %function
  85              	stStopAlarm:
  86              	.LFB258:
  87              		.loc 1 91 0
  88              		.cfi_startproc
  89              		@ args = 0, pretend = 0, frame = 0
  90              		@ frame_needed = 0, uses_anonymous_args = 0
  91              		@ link register save eliminated.
  92              	.LBB12:
  93              	.LBB13:
  94              		.loc 2 155 0
  95 0000 4FF08043 		mov	r3, #1073741824
  96 0004 0022     		movs	r2, #0
  97 0006 DA60     		str	r2, [r3, #12]
  98 0008 7047     		bx	lr
  99              	.LBE13:
 100              	.LBE12:
 101              		.cfi_endproc
 102              	.LFE258:
 103              		.size	stStopAlarm, .-stStopAlarm
 104              		.section	.text.stSetAlarm,"ax",%progbits
 105              		.align	2
 106              		.p2align 4,,15
 107              		.global	stSetAlarm
 108              		.thumb
 109              		.thumb_func
 110              		.type	stSetAlarm, %function
 111              	stSetAlarm:
 112              	.LFB259:
ARM GAS  /tmp/ccOfnbS0.s 			page 3


 113              		.loc 1 105 0
 114              		.cfi_startproc
 115              		@ args = 0, pretend = 0, frame = 0
 116              		@ frame_needed = 0, uses_anonymous_args = 0
 117              		@ link register save eliminated.
 118              	.LVL3:
 119              	.LBB14:
 120              	.LBB15:
 121              		.loc 2 167 0
 122 0000 4FF08043 		mov	r3, #1073741824
 123              	.LVL4:
 124 0004 5863     		str	r0, [r3, #52]
 125 0006 7047     		bx	lr
 126              	.LBE15:
 127              	.LBE14:
 128              		.cfi_endproc
 129              	.LFE259:
 130              		.size	stSetAlarm, .-stSetAlarm
 131 0008 AFF30080 		.section	.text.stGetAlarm,"ax",%progbits
 131      AFF30080 
 132              		.align	2
 133              		.p2align 4,,15
 134              		.global	stGetAlarm
 135              		.thumb
 136              		.thumb_func
 137              		.type	stGetAlarm, %function
 138              	stGetAlarm:
 139              	.LFB260:
 140              		.loc 1 121 0
 141              		.cfi_startproc
 142              		@ args = 0, pretend = 0, frame = 0
 143              		@ frame_needed = 0, uses_anonymous_args = 0
 144              		@ link register save eliminated.
 145              	.LBB16:
 146              	.LBB17:
 147              		.loc 2 179 0
 148 0000 4FF08043 		mov	r3, #1073741824
 149 0004 586B     		ldr	r0, [r3, #52]
 150              	.LBE17:
 151              	.LBE16:
 152              		.loc 1 126 0
 153 0006 7047     		bx	lr
 154              		.cfi_endproc
 155              	.LFE260:
 156              		.size	stGetAlarm, .-stGetAlarm
 157 0008 AFF30080 		.text
 157      AFF30080 
 158              	.Letext0:
 159              		.file 3 "/usr/include/newlib/machine/_default_types.h"
 160              		.file 4 "/usr/include/newlib/stdint.h"
 161              		.file 5 "ChibiOS_3.0.2/os/rt/ports/ARMCMx/compilers/GCC/chtypes.h"
 162              		.file 6 "ChibiOS_3.0.2/os/rt/include/chsystypes.h"
 163              		.file 7 "ChibiOS_3.0.2/os/rt/include/chschd.h"
 164              		.file 8 "ChibiOS_3.0.2/os/rt/ports/ARMCMx/chcore.h"
 165              		.file 9 "ChibiOS_3.0.2/os/rt/ports/ARMCMx/chcore_v7m.h"
 166              		.file 10 "ChibiOS_3.0.2/os/rt/include/chtm.h"
 167              		.file 11 "ChibiOS_3.0.2/os/rt/include/chsem.h"
ARM GAS  /tmp/ccOfnbS0.s 			page 4


 168              		.file 12 "ChibiOS_3.0.2/os/rt/include/chmtx.h"
 169              		.file 13 "ChibiOS_3.0.2/os/hal/ports/STM32/LLD/TIMv1/stm32_tim.h"
 170              		.file 14 "ChibiOS_3.0.2/os/ext/CMSIS/include/core_cm4.h"
 171              		.section	.debug_info,"",%progbits
 172              	.Ldebug_info0:
 173 0000 E8090000 		.4byte	0x9e8
 174 0004 0400     		.2byte	0x4
 175 0006 00000000 		.4byte	.Ldebug_abbrev0
 176 000a 04       		.byte	0x4
 177 000b 01       		.uleb128 0x1
 178 000c 2A010000 		.4byte	.LASF126
 179 0010 01       		.byte	0x1
 180 0011 EF020000 		.4byte	.LASF127
 181 0015 56020000 		.4byte	.LASF128
 182 0019 00000000 		.4byte	.Ldebug_ranges0+0
 183 001d 00000000 		.4byte	0
 184 0021 00000000 		.4byte	.Ldebug_line0
 185 0025 02       		.uleb128 0x2
 186 0026 04       		.byte	0x4
 187 0027 05       		.byte	0x5
 188 0028 696E7400 		.ascii	"int\000"
 189 002c 03       		.uleb128 0x3
 190 002d 04       		.byte	0x4
 191 002e 07       		.byte	0x7
 192 002f 9A020000 		.4byte	.LASF0
 193 0033 03       		.uleb128 0x3
 194 0034 01       		.byte	0x1
 195 0035 06       		.byte	0x6
 196 0036 CA000000 		.4byte	.LASF1
 197 003a 04       		.uleb128 0x4
 198 003b 2A000000 		.4byte	.LASF5
 199 003f 03       		.byte	0x3
 200 0040 1D       		.byte	0x1d
 201 0041 45000000 		.4byte	0x45
 202 0045 03       		.uleb128 0x3
 203 0046 01       		.byte	0x1
 204 0047 08       		.byte	0x8
 205 0048 55040000 		.4byte	.LASF2
 206 004c 03       		.uleb128 0x3
 207 004d 02       		.byte	0x2
 208 004e 05       		.byte	0x5
 209 004f 6D040000 		.4byte	.LASF3
 210 0053 03       		.uleb128 0x3
 211 0054 02       		.byte	0x2
 212 0055 07       		.byte	0x7
 213 0056 DC020000 		.4byte	.LASF4
 214 005a 04       		.uleb128 0x4
 215 005b 67030000 		.4byte	.LASF6
 216 005f 03       		.byte	0x3
 217 0060 3F       		.byte	0x3f
 218 0061 65000000 		.4byte	0x65
 219 0065 03       		.uleb128 0x3
 220 0066 04       		.byte	0x4
 221 0067 05       		.byte	0x5
 222 0068 18010000 		.4byte	.LASF7
 223 006c 04       		.uleb128 0x4
 224 006d 81050000 		.4byte	.LASF8
ARM GAS  /tmp/ccOfnbS0.s 			page 5


 225 0071 03       		.byte	0x3
 226 0072 41       		.byte	0x41
 227 0073 77000000 		.4byte	0x77
 228 0077 03       		.uleb128 0x3
 229 0078 04       		.byte	0x4
 230 0079 07       		.byte	0x7
 231 007a 21050000 		.4byte	.LASF9
 232 007e 03       		.uleb128 0x3
 233 007f 08       		.byte	0x8
 234 0080 05       		.byte	0x5
 235 0081 BC000000 		.4byte	.LASF10
 236 0085 04       		.uleb128 0x4
 237 0086 FF030000 		.4byte	.LASF11
 238 008a 03       		.byte	0x3
 239 008b 5B       		.byte	0x5b
 240 008c 90000000 		.4byte	0x90
 241 0090 03       		.uleb128 0x3
 242 0091 08       		.byte	0x8
 243 0092 07       		.byte	0x7
 244 0093 4D000000 		.4byte	.LASF12
 245 0097 04       		.uleb128 0x4
 246 0098 F2050000 		.4byte	.LASF13
 247 009c 04       		.byte	0x4
 248 009d 2A       		.byte	0x2a
 249 009e 3A000000 		.4byte	0x3a
 250 00a2 04       		.uleb128 0x4
 251 00a3 4D040000 		.4byte	.LASF14
 252 00a7 04       		.byte	0x4
 253 00a8 41       		.byte	0x41
 254 00a9 5A000000 		.4byte	0x5a
 255 00ad 04       		.uleb128 0x4
 256 00ae EE040000 		.4byte	.LASF15
 257 00b2 04       		.byte	0x4
 258 00b3 42       		.byte	0x42
 259 00b4 6C000000 		.4byte	0x6c
 260 00b8 04       		.uleb128 0x4
 261 00b9 21000000 		.4byte	.LASF16
 262 00bd 04       		.byte	0x4
 263 00be 4E       		.byte	0x4e
 264 00bf 85000000 		.4byte	0x85
 265 00c3 05       		.uleb128 0x5
 266 00c4 A2000000 		.4byte	0xa2
 267 00c8 05       		.uleb128 0x5
 268 00c9 AD000000 		.4byte	0xad
 269 00cd 04       		.uleb128 0x4
 270 00ce 8F030000 		.4byte	.LASF17
 271 00d2 05       		.byte	0x5
 272 00d3 45       		.byte	0x45
 273 00d4 AD000000 		.4byte	0xad
 274 00d8 04       		.uleb128 0x4
 275 00d9 45030000 		.4byte	.LASF18
 276 00dd 05       		.byte	0x5
 277 00de 48       		.byte	0x48
 278 00df 97000000 		.4byte	0x97
 279 00e3 04       		.uleb128 0x4
 280 00e4 21010000 		.4byte	.LASF19
 281 00e8 05       		.byte	0x5
ARM GAS  /tmp/ccOfnbS0.s 			page 6


 282 00e9 49       		.byte	0x49
 283 00ea 97000000 		.4byte	0x97
 284 00ee 04       		.uleb128 0x4
 285 00ef 10040000 		.4byte	.LASF20
 286 00f3 05       		.byte	0x5
 287 00f4 4A       		.byte	0x4a
 288 00f5 97000000 		.4byte	0x97
 289 00f9 04       		.uleb128 0x4
 290 00fa F9000000 		.4byte	.LASF21
 291 00fe 05       		.byte	0x5
 292 00ff 4B       		.byte	0x4b
 293 0100 97000000 		.4byte	0x97
 294 0104 04       		.uleb128 0x4
 295 0105 2F040000 		.4byte	.LASF22
 296 0109 05       		.byte	0x5
 297 010a 4C       		.byte	0x4c
 298 010b AD000000 		.4byte	0xad
 299 010f 04       		.uleb128 0x4
 300 0110 33030000 		.4byte	.LASF23
 301 0114 05       		.byte	0x5
 302 0115 4D       		.byte	0x4d
 303 0116 A2000000 		.4byte	0xa2
 304 011a 04       		.uleb128 0x4
 305 011b 5B030000 		.4byte	.LASF24
 306 011f 05       		.byte	0x5
 307 0120 4F       		.byte	0x4f
 308 0121 AD000000 		.4byte	0xad
 309 0125 04       		.uleb128 0x4
 310 0126 94020000 		.4byte	.LASF25
 311 012a 05       		.byte	0x5
 312 012b 51       		.byte	0x51
 313 012c A2000000 		.4byte	0xa2
 314 0130 04       		.uleb128 0x4
 315 0131 63050000 		.4byte	.LASF26
 316 0135 06       		.byte	0x6
 317 0136 33       		.byte	0x33
 318 0137 AD000000 		.4byte	0xad
 319 013b 04       		.uleb128 0x4
 320 013c 4E050000 		.4byte	.LASF27
 321 0140 06       		.byte	0x6
 322 0141 3F       		.byte	0x3f
 323 0142 46010000 		.4byte	0x146
 324 0146 06       		.uleb128 0x6
 325 0147 0D030000 		.4byte	.LASF49
 326 014b 48       		.byte	0x48
 327 014c 07       		.byte	0x7
 328 014d C2       		.byte	0xc2
 329 014e 4B020000 		.4byte	0x24b
 330 0152 07       		.uleb128 0x7
 331 0153 97040000 		.4byte	.LASF28
 332 0157 07       		.byte	0x7
 333 0158 C3       		.byte	0xc3
 334 0159 56020000 		.4byte	0x256
 335 015d 00       		.byte	0
 336 015e 07       		.uleb128 0x7
 337 015f 28040000 		.4byte	.LASF29
 338 0163 07       		.byte	0x7
ARM GAS  /tmp/ccOfnbS0.s 			page 7


 339 0164 C5       		.byte	0xc5
 340 0165 56020000 		.4byte	0x256
 341 0169 04       		.byte	0x4
 342 016a 07       		.uleb128 0x7
 343 016b A9000000 		.4byte	.LASF30
 344 016f 07       		.byte	0x7
 345 0170 C7       		.byte	0xc7
 346 0171 04010000 		.4byte	0x104
 347 0175 08       		.byte	0x8
 348 0176 07       		.uleb128 0x7
 349 0177 48060000 		.4byte	.LASF31
 350 017b 07       		.byte	0x7
 351 017c C8       		.byte	0xc8
 352 017d A6040000 		.4byte	0x4a6
 353 0181 0C       		.byte	0xc
 354 0182 07       		.uleb128 0x7
 355 0183 24020000 		.4byte	.LASF32
 356 0187 07       		.byte	0x7
 357 0188 CA       		.byte	0xca
 358 0189 56020000 		.4byte	0x256
 359 018d 10       		.byte	0x10
 360 018e 07       		.uleb128 0x7
 361 018f C9030000 		.4byte	.LASF33
 362 0193 07       		.byte	0x7
 363 0194 CB       		.byte	0xcb
 364 0195 56020000 		.4byte	0x256
 365 0199 14       		.byte	0x14
 366 019a 07       		.uleb128 0x7
 367 019b 17060000 		.4byte	.LASF34
 368 019f 07       		.byte	0x7
 369 01a0 D2       		.byte	0xd2
 370 01a1 EB060000 		.4byte	0x6eb
 371 01a5 18       		.byte	0x18
 372 01a6 07       		.uleb128 0x7
 373 01a7 77040000 		.4byte	.LASF35
 374 01ab 07       		.byte	0x7
 375 01ac DD       		.byte	0xdd
 376 01ad E3000000 		.4byte	0xe3
 377 01b1 1C       		.byte	0x1c
 378 01b2 07       		.uleb128 0x7
 379 01b3 9E040000 		.4byte	.LASF36
 380 01b7 07       		.byte	0x7
 381 01b8 E1       		.byte	0xe1
 382 01b9 D8000000 		.4byte	0xd8
 383 01bd 1D       		.byte	0x1d
 384 01be 07       		.uleb128 0x7
 385 01bf E5050000 		.4byte	.LASF37
 386 01c3 07       		.byte	0x7
 387 01c4 E6       		.byte	0xe6
 388 01c5 EE000000 		.4byte	0xee
 389 01c9 1E       		.byte	0x1e
 390 01ca 07       		.uleb128 0x7
 391 01cb 7F040000 		.4byte	.LASF38
 392 01cf 07       		.byte	0x7
 393 01d0 EC       		.byte	0xec
 394 01d1 F9000000 		.4byte	0xf9
 395 01d5 1F       		.byte	0x1f
ARM GAS  /tmp/ccOfnbS0.s 			page 8


 396 01d6 07       		.uleb128 0x7
 397 01d7 AA050000 		.4byte	.LASF39
 398 01db 07       		.byte	0x7
 399 01dc F3       		.byte	0xf3
 400 01dd FD060000 		.4byte	0x6fd
 401 01e1 20       		.byte	0x20
 402 01e2 08       		.uleb128 0x8
 403 01e3 705F7500 		.ascii	"p_u\000"
 404 01e7 07       		.byte	0x7
 405 01e8 3101     		.2byte	0x131
 406 01ea 26060000 		.4byte	0x626
 407 01ee 24       		.byte	0x24
 408 01ef 09       		.uleb128 0x9
 409 01f0 4E060000 		.4byte	.LASF40
 410 01f4 07       		.byte	0x7
 411 01f5 3601     		.2byte	0x136
 412 01f7 5C020000 		.4byte	0x25c
 413 01fb 28       		.byte	0x28
 414 01fc 09       		.uleb128 0x9
 415 01fd C3050000 		.4byte	.LASF41
 416 0201 07       		.byte	0x7
 417 0202 3C01     		.2byte	0x13c
 418 0204 80020000 		.4byte	0x280
 419 0208 2C       		.byte	0x2c
 420 0209 09       		.uleb128 0x9
 421 020a 3A060000 		.4byte	.LASF42
 422 020e 07       		.byte	0x7
 423 020f 4001     		.2byte	0x140
 424 0211 0F010000 		.4byte	0x10f
 425 0215 34       		.byte	0x34
 426 0216 09       		.uleb128 0x9
 427 0217 E3040000 		.4byte	.LASF43
 428 021b 07       		.byte	0x7
 429 021c 4601     		.2byte	0x146
 430 021e 1A010000 		.4byte	0x11a
 431 0222 38       		.byte	0x38
 432 0223 09       		.uleb128 0x9
 433 0224 63040000 		.4byte	.LASF44
 434 0228 07       		.byte	0x7
 435 0229 4D01     		.2byte	0x14d
 436 022b E5060000 		.4byte	0x6e5
 437 022f 3C       		.byte	0x3c
 438 0230 09       		.uleb128 0x9
 439 0231 6D050000 		.4byte	.LASF45
 440 0235 07       		.byte	0x7
 441 0236 5101     		.2byte	0x151
 442 0238 04010000 		.4byte	0x104
 443 023c 40       		.byte	0x40
 444 023d 09       		.uleb128 0x9
 445 023e E2000000 		.4byte	.LASF46
 446 0242 07       		.byte	0x7
 447 0243 5801     		.2byte	0x158
 448 0245 33030000 		.4byte	0x333
 449 0249 44       		.byte	0x44
 450 024a 00       		.byte	0
 451 024b 04       		.uleb128 0x4
 452 024c 97030000 		.4byte	.LASF47
ARM GAS  /tmp/ccOfnbS0.s 			page 9


 453 0250 06       		.byte	0x6
 454 0251 44       		.byte	0x44
 455 0252 56020000 		.4byte	0x256
 456 0256 0A       		.uleb128 0xa
 457 0257 04       		.byte	0x4
 458 0258 3B010000 		.4byte	0x13b
 459 025c 04       		.uleb128 0x4
 460 025d 23060000 		.4byte	.LASF48
 461 0261 06       		.byte	0x6
 462 0262 49       		.byte	0x49
 463 0263 67020000 		.4byte	0x267
 464 0267 06       		.uleb128 0x6
 465 0268 11050000 		.4byte	.LASF50
 466 026c 04       		.byte	0x4
 467 026d 07       		.byte	0x7
 468 026e B0       		.byte	0xb0
 469 026f 80020000 		.4byte	0x280
 470 0273 07       		.uleb128 0x7
 471 0274 97040000 		.4byte	.LASF28
 472 0278 07       		.byte	0x7
 473 0279 B1       		.byte	0xb1
 474 027a 56020000 		.4byte	0x256
 475 027e 00       		.byte	0
 476 027f 00       		.byte	0
 477 0280 04       		.uleb128 0x4
 478 0281 D5050000 		.4byte	.LASF51
 479 0285 06       		.byte	0x6
 480 0286 50       		.byte	0x50
 481 0287 8B020000 		.4byte	0x28b
 482 028b 06       		.uleb128 0x6
 483 028c 98000000 		.4byte	.LASF52
 484 0290 08       		.byte	0x8
 485 0291 07       		.byte	0x7
 486 0292 B7       		.byte	0xb7
 487 0293 B0020000 		.4byte	0x2b0
 488 0297 07       		.uleb128 0x7
 489 0298 97040000 		.4byte	.LASF28
 490 029c 07       		.byte	0x7
 491 029d B8       		.byte	0xb8
 492 029e 56020000 		.4byte	0x256
 493 02a2 00       		.byte	0
 494 02a3 07       		.uleb128 0x7
 495 02a4 28040000 		.4byte	.LASF29
 496 02a8 07       		.byte	0x7
 497 02a9 B9       		.byte	0xb9
 498 02aa 56020000 		.4byte	0x256
 499 02ae 04       		.byte	0x4
 500 02af 00       		.byte	0
 501 02b0 04       		.uleb128 0x4
 502 02b1 00000000 		.4byte	.LASF53
 503 02b5 06       		.byte	0x6
 504 02b6 57       		.byte	0x57
 505 02b7 BB020000 		.4byte	0x2bb
 506 02bb 0B       		.uleb128 0xb
 507 02bc 4D030000 		.4byte	.LASF54
 508 02c0 1C       		.byte	0x1c
 509 02c1 07       		.byte	0x7
ARM GAS  /tmp/ccOfnbS0.s 			page 10


 510 02c2 9001     		.2byte	0x190
 511 02c4 17030000 		.4byte	0x317
 512 02c8 09       		.uleb128 0x9
 513 02c9 FE040000 		.4byte	.LASF55
 514 02cd 07       		.byte	0x7
 515 02ce 9101     		.2byte	0x191
 516 02d0 80020000 		.4byte	0x280
 517 02d4 00       		.byte	0
 518 02d5 09       		.uleb128 0x9
 519 02d6 89040000 		.4byte	.LASF56
 520 02da 07       		.byte	0x7
 521 02db 9201     		.2byte	0x192
 522 02dd 04010000 		.4byte	0x104
 523 02e1 08       		.byte	0x8
 524 02e2 09       		.uleb128 0x9
 525 02e3 D1030000 		.4byte	.LASF57
 526 02e7 07       		.byte	0x7
 527 02e8 9401     		.2byte	0x194
 528 02ea A6040000 		.4byte	0x4a6
 529 02ee 0C       		.byte	0xc
 530 02ef 09       		.uleb128 0x9
 531 02f0 3D020000 		.4byte	.LASF58
 532 02f4 07       		.byte	0x7
 533 02f5 9701     		.2byte	0x197
 534 02f7 56020000 		.4byte	0x256
 535 02fb 10       		.byte	0x10
 536 02fc 09       		.uleb128 0x9
 537 02fd F7030000 		.4byte	.LASF59
 538 0301 07       		.byte	0x7
 539 0302 9801     		.2byte	0x198
 540 0304 56020000 		.4byte	0x256
 541 0308 14       		.byte	0x14
 542 0309 09       		.uleb128 0x9
 543 030a ED030000 		.4byte	.LASF60
 544 030e 07       		.byte	0x7
 545 030f 9B01     		.2byte	0x19b
 546 0311 56020000 		.4byte	0x256
 547 0315 18       		.byte	0x18
 548 0316 00       		.byte	0
 549 0317 04       		.uleb128 0x4
 550 0318 78050000 		.4byte	.LASF61
 551 031c 06       		.byte	0x6
 552 031d 5C       		.byte	0x5c
 553 031e 22030000 		.4byte	0x322
 554 0322 0A       		.uleb128 0xa
 555 0323 04       		.byte	0x4
 556 0324 28030000 		.4byte	0x328
 557 0328 0C       		.uleb128 0xc
 558 0329 33030000 		.4byte	0x333
 559 032d 0D       		.uleb128 0xd
 560 032e 33030000 		.4byte	0x333
 561 0332 00       		.byte	0
 562 0333 0E       		.uleb128 0xe
 563 0334 04       		.byte	0x4
 564 0335 04       		.uleb128 0x4
 565 0336 18040000 		.4byte	.LASF62
 566 033a 06       		.byte	0x6
ARM GAS  /tmp/ccOfnbS0.s 			page 11


 567 033b 61       		.byte	0x61
 568 033c 40030000 		.4byte	0x340
 569 0340 0B       		.uleb128 0xb
 570 0341 AF040000 		.4byte	.LASF63
 571 0345 14       		.byte	0x14
 572 0346 07       		.byte	0x7
 573 0347 6B01     		.2byte	0x16b
 574 0349 8F030000 		.4byte	0x38f
 575 034d 09       		.uleb128 0x9
 576 034e A7020000 		.4byte	.LASF64
 577 0352 07       		.byte	0x7
 578 0353 6C01     		.2byte	0x16c
 579 0355 02070000 		.4byte	0x702
 580 0359 00       		.byte	0
 581 035a 09       		.uleb128 0x9
 582 035b 4E020000 		.4byte	.LASF65
 583 035f 07       		.byte	0x7
 584 0360 6D01     		.2byte	0x16d
 585 0362 02070000 		.4byte	0x702
 586 0366 04       		.byte	0x4
 587 0367 09       		.uleb128 0x9
 588 0368 B6020000 		.4byte	.LASF66
 589 036c 07       		.byte	0x7
 590 036d 6E01     		.2byte	0x16e
 591 036f 30010000 		.4byte	0x130
 592 0373 08       		.byte	0x8
 593 0374 09       		.uleb128 0x9
 594 0375 C1030000 		.4byte	.LASF67
 595 0379 07       		.byte	0x7
 596 037a 6F01     		.2byte	0x16f
 597 037c 17030000 		.4byte	0x317
 598 0380 0C       		.byte	0xc
 599 0381 09       		.uleb128 0x9
 600 0382 CE050000 		.4byte	.LASF68
 601 0386 07       		.byte	0x7
 602 0387 7101     		.2byte	0x171
 603 0389 33030000 		.4byte	0x333
 604 038d 10       		.byte	0x10
 605 038e 00       		.byte	0
 606 038f 04       		.uleb128 0x4
 607 0390 64000000 		.4byte	.LASF69
 608 0394 06       		.byte	0x6
 609 0395 66       		.byte	0x66
 610 0396 9A030000 		.4byte	0x39a
 611 039a 0B       		.uleb128 0xb
 612 039b AA030000 		.4byte	.LASF70
 613 039f 10       		.byte	0x10
 614 03a0 07       		.byte	0x7
 615 03a1 7B01     		.2byte	0x17b
 616 03a3 DC030000 		.4byte	0x3dc
 617 03a7 09       		.uleb128 0x9
 618 03a8 A7020000 		.4byte	.LASF64
 619 03ac 07       		.byte	0x7
 620 03ad 7C01     		.2byte	0x17c
 621 03af 02070000 		.4byte	0x702
 622 03b3 00       		.byte	0
 623 03b4 09       		.uleb128 0x9
ARM GAS  /tmp/ccOfnbS0.s 			page 12


 624 03b5 4E020000 		.4byte	.LASF65
 625 03b9 07       		.byte	0x7
 626 03ba 7E01     		.2byte	0x17e
 627 03bc 02070000 		.4byte	0x702
 628 03c0 04       		.byte	0x4
 629 03c1 09       		.uleb128 0x9
 630 03c2 B6020000 		.4byte	.LASF66
 631 03c6 07       		.byte	0x7
 632 03c7 8001     		.2byte	0x180
 633 03c9 30010000 		.4byte	0x130
 634 03cd 08       		.byte	0x8
 635 03ce 09       		.uleb128 0x9
 636 03cf 06050000 		.4byte	.LASF71
 637 03d3 07       		.byte	0x7
 638 03d4 8201     		.2byte	0x182
 639 03d6 FD060000 		.4byte	0x6fd
 640 03da 0C       		.byte	0xc
 641 03db 00       		.byte	0
 642 03dc 04       		.uleb128 0x4
 643 03dd BF020000 		.4byte	.LASF72
 644 03e1 06       		.byte	0x6
 645 03e2 6B       		.byte	0x6b
 646 03e3 E7030000 		.4byte	0x3e7
 647 03e7 0B       		.uleb128 0xb
 648 03e8 37040000 		.4byte	.LASF73
 649 03ec 04       		.byte	0x4
 650 03ed 07       		.byte	0x7
 651 03ee A201     		.2byte	0x1a2
 652 03f0 02040000 		.4byte	0x402
 653 03f4 09       		.uleb128 0x9
 654 03f5 8C050000 		.4byte	.LASF74
 655 03f9 07       		.byte	0x7
 656 03fa AA01     		.2byte	0x1aa
 657 03fc 08070000 		.4byte	0x708
 658 0400 00       		.byte	0
 659 0401 00       		.byte	0
 660 0402 04       		.uleb128 0x4
 661 0403 39030000 		.4byte	.LASF75
 662 0407 06       		.byte	0x6
 663 0408 70       		.byte	0x70
 664 0409 0D040000 		.4byte	0x40d
 665 040d 0F       		.uleb128 0xf
 666 040e 0E010000 		.4byte	.LASF76
 667 0412 5802     		.2byte	0x258
 668 0414 07       		.byte	0x7
 669 0415 C201     		.2byte	0x1c2
 670 0417 69040000 		.4byte	0x469
 671 041b 09       		.uleb128 0x9
 672 041c EC050000 		.4byte	.LASF77
 673 0420 07       		.byte	0x7
 674 0421 C601     		.2byte	0x1c6
 675 0423 B0020000 		.4byte	0x2b0
 676 0427 00       		.byte	0
 677 0428 09       		.uleb128 0x9
 678 0429 40000000 		.4byte	.LASF78
 679 042d 07       		.byte	0x7
 680 042e CA01     		.2byte	0x1ca
ARM GAS  /tmp/ccOfnbS0.s 			page 13


 681 0430 8F030000 		.4byte	0x38f
 682 0434 1C       		.byte	0x1c
 683 0435 08       		.uleb128 0x8
 684 0436 64626700 		.ascii	"dbg\000"
 685 043a 07       		.byte	0x7
 686 043b CE01     		.2byte	0x1ce
 687 043d DC030000 		.4byte	0x3dc
 688 0441 2C       		.byte	0x2c
 689 0442 09       		.uleb128 0x9
 690 0443 28030000 		.4byte	.LASF79
 691 0447 07       		.byte	0x7
 692 0448 D201     		.2byte	0x1d2
 693 044a 3B010000 		.4byte	0x13b
 694 044e 30       		.byte	0x30
 695 044f 08       		.uleb128 0x8
 696 0450 746D00   		.ascii	"tm\000"
 697 0453 07       		.byte	0x7
 698 0454 D701     		.2byte	0x1d7
 699 0456 1B060000 		.4byte	0x61b
 700 045a 78       		.byte	0x78
 701 045b 09       		.uleb128 0x9
 702 045c 85020000 		.4byte	.LASF80
 703 0460 07       		.byte	0x7
 704 0461 E301     		.2byte	0x1e3
 705 0463 0D070000 		.4byte	0x70d
 706 0467 80       		.byte	0x80
 707 0468 00       		.byte	0
 708 0469 03       		.uleb128 0x3
 709 046a 04       		.byte	0x4
 710 046b 07       		.byte	0x7
 711 046c FA050000 		.4byte	.LASF81
 712 0470 10       		.uleb128 0x10
 713 0471 AD000000 		.4byte	0xad
 714 0475 80040000 		.4byte	0x480
 715 0479 11       		.uleb128 0x11
 716 047a 69040000 		.4byte	0x469
 717 047e 01       		.byte	0x1
 718 047f 00       		.byte	0
 719 0480 10       		.uleb128 0x10
 720 0481 AD000000 		.4byte	0xad
 721 0485 90040000 		.4byte	0x490
 722 0489 11       		.uleb128 0x11
 723 048a 69040000 		.4byte	0x469
 724 048e 03       		.byte	0x3
 725 048f 00       		.byte	0
 726 0490 04       		.uleb128 0x4
 727 0491 45020000 		.4byte	.LASF82
 728 0495 08       		.byte	0x8
 729 0496 65       		.byte	0x65
 730 0497 33030000 		.4byte	0x333
 731 049b 04       		.uleb128 0x4
 732 049c 84030000 		.4byte	.LASF83
 733 04a0 08       		.byte	0x8
 734 04a1 6D       		.byte	0x6d
 735 04a2 B8000000 		.4byte	0xb8
 736 04a6 06       		.uleb128 0x6
 737 04a7 D4020000 		.4byte	.LASF84
ARM GAS  /tmp/ccOfnbS0.s 			page 14


 738 04ab 04       		.byte	0x4
 739 04ac 08       		.byte	0x8
 740 04ad 89       		.byte	0x89
 741 04ae BF040000 		.4byte	0x4bf
 742 04b2 12       		.uleb128 0x12
 743 04b3 72313300 		.ascii	"r13\000"
 744 04b7 08       		.byte	0x8
 745 04b8 8A       		.byte	0x8a
 746 04b9 00060000 		.4byte	0x600
 747 04bd 00       		.byte	0
 748 04be 00       		.byte	0
 749 04bf 06       		.uleb128 0x6
 750 04c0 34000000 		.4byte	.LASF85
 751 04c4 64       		.byte	0x64
 752 04c5 09       		.byte	0x9
 753 04c6 F4       		.byte	0xf4
 754 04c7 00060000 		.4byte	0x600
 755 04cb 12       		.uleb128 0x12
 756 04cc 73313600 		.ascii	"s16\000"
 757 04d0 09       		.byte	0x9
 758 04d1 F6       		.byte	0xf6
 759 04d2 90040000 		.4byte	0x490
 760 04d6 00       		.byte	0
 761 04d7 12       		.uleb128 0x12
 762 04d8 73313700 		.ascii	"s17\000"
 763 04dc 09       		.byte	0x9
 764 04dd F7       		.byte	0xf7
 765 04de 90040000 		.4byte	0x490
 766 04e2 04       		.byte	0x4
 767 04e3 12       		.uleb128 0x12
 768 04e4 73313800 		.ascii	"s18\000"
 769 04e8 09       		.byte	0x9
 770 04e9 F8       		.byte	0xf8
 771 04ea 90040000 		.4byte	0x490
 772 04ee 08       		.byte	0x8
 773 04ef 12       		.uleb128 0x12
 774 04f0 73313900 		.ascii	"s19\000"
 775 04f4 09       		.byte	0x9
 776 04f5 F9       		.byte	0xf9
 777 04f6 90040000 		.4byte	0x490
 778 04fa 0C       		.byte	0xc
 779 04fb 12       		.uleb128 0x12
 780 04fc 73323000 		.ascii	"s20\000"
 781 0500 09       		.byte	0x9
 782 0501 FA       		.byte	0xfa
 783 0502 90040000 		.4byte	0x490
 784 0506 10       		.byte	0x10
 785 0507 12       		.uleb128 0x12
 786 0508 73323100 		.ascii	"s21\000"
 787 050c 09       		.byte	0x9
 788 050d FB       		.byte	0xfb
 789 050e 90040000 		.4byte	0x490
 790 0512 14       		.byte	0x14
 791 0513 12       		.uleb128 0x12
 792 0514 73323200 		.ascii	"s22\000"
 793 0518 09       		.byte	0x9
 794 0519 FC       		.byte	0xfc
ARM GAS  /tmp/ccOfnbS0.s 			page 15


 795 051a 90040000 		.4byte	0x490
 796 051e 18       		.byte	0x18
 797 051f 12       		.uleb128 0x12
 798 0520 73323300 		.ascii	"s23\000"
 799 0524 09       		.byte	0x9
 800 0525 FD       		.byte	0xfd
 801 0526 90040000 		.4byte	0x490
 802 052a 1C       		.byte	0x1c
 803 052b 12       		.uleb128 0x12
 804 052c 73323400 		.ascii	"s24\000"
 805 0530 09       		.byte	0x9
 806 0531 FE       		.byte	0xfe
 807 0532 90040000 		.4byte	0x490
 808 0536 20       		.byte	0x20
 809 0537 12       		.uleb128 0x12
 810 0538 73323500 		.ascii	"s25\000"
 811 053c 09       		.byte	0x9
 812 053d FF       		.byte	0xff
 813 053e 90040000 		.4byte	0x490
 814 0542 24       		.byte	0x24
 815 0543 08       		.uleb128 0x8
 816 0544 73323600 		.ascii	"s26\000"
 817 0548 09       		.byte	0x9
 818 0549 0001     		.2byte	0x100
 819 054b 90040000 		.4byte	0x490
 820 054f 28       		.byte	0x28
 821 0550 08       		.uleb128 0x8
 822 0551 73323700 		.ascii	"s27\000"
 823 0555 09       		.byte	0x9
 824 0556 0101     		.2byte	0x101
 825 0558 90040000 		.4byte	0x490
 826 055c 2C       		.byte	0x2c
 827 055d 08       		.uleb128 0x8
 828 055e 73323800 		.ascii	"s28\000"
 829 0562 09       		.byte	0x9
 830 0563 0201     		.2byte	0x102
 831 0565 90040000 		.4byte	0x490
 832 0569 30       		.byte	0x30
 833 056a 08       		.uleb128 0x8
 834 056b 73323900 		.ascii	"s29\000"
 835 056f 09       		.byte	0x9
 836 0570 0301     		.2byte	0x103
 837 0572 90040000 		.4byte	0x490
 838 0576 34       		.byte	0x34
 839 0577 08       		.uleb128 0x8
 840 0578 73333000 		.ascii	"s30\000"
 841 057c 09       		.byte	0x9
 842 057d 0401     		.2byte	0x104
 843 057f 90040000 		.4byte	0x490
 844 0583 38       		.byte	0x38
 845 0584 08       		.uleb128 0x8
 846 0585 73333100 		.ascii	"s31\000"
 847 0589 09       		.byte	0x9
 848 058a 0501     		.2byte	0x105
 849 058c 90040000 		.4byte	0x490
 850 0590 3C       		.byte	0x3c
 851 0591 08       		.uleb128 0x8
ARM GAS  /tmp/ccOfnbS0.s 			page 16


 852 0592 723400   		.ascii	"r4\000"
 853 0595 09       		.byte	0x9
 854 0596 0701     		.2byte	0x107
 855 0598 90040000 		.4byte	0x490
 856 059c 40       		.byte	0x40
 857 059d 08       		.uleb128 0x8
 858 059e 723500   		.ascii	"r5\000"
 859 05a1 09       		.byte	0x9
 860 05a2 0801     		.2byte	0x108
 861 05a4 90040000 		.4byte	0x490
 862 05a8 44       		.byte	0x44
 863 05a9 08       		.uleb128 0x8
 864 05aa 723600   		.ascii	"r6\000"
 865 05ad 09       		.byte	0x9
 866 05ae 0901     		.2byte	0x109
 867 05b0 90040000 		.4byte	0x490
 868 05b4 48       		.byte	0x48
 869 05b5 08       		.uleb128 0x8
 870 05b6 723700   		.ascii	"r7\000"
 871 05b9 09       		.byte	0x9
 872 05ba 0A01     		.2byte	0x10a
 873 05bc 90040000 		.4byte	0x490
 874 05c0 4C       		.byte	0x4c
 875 05c1 08       		.uleb128 0x8
 876 05c2 723800   		.ascii	"r8\000"
 877 05c5 09       		.byte	0x9
 878 05c6 0B01     		.2byte	0x10b
 879 05c8 90040000 		.4byte	0x490
 880 05cc 50       		.byte	0x50
 881 05cd 08       		.uleb128 0x8
 882 05ce 723900   		.ascii	"r9\000"
 883 05d1 09       		.byte	0x9
 884 05d2 0C01     		.2byte	0x10c
 885 05d4 90040000 		.4byte	0x490
 886 05d8 54       		.byte	0x54
 887 05d9 08       		.uleb128 0x8
 888 05da 72313000 		.ascii	"r10\000"
 889 05de 09       		.byte	0x9
 890 05df 0D01     		.2byte	0x10d
 891 05e1 90040000 		.4byte	0x490
 892 05e5 58       		.byte	0x58
 893 05e6 08       		.uleb128 0x8
 894 05e7 72313100 		.ascii	"r11\000"
 895 05eb 09       		.byte	0x9
 896 05ec 0E01     		.2byte	0x10e
 897 05ee 90040000 		.4byte	0x490
 898 05f2 5C       		.byte	0x5c
 899 05f3 08       		.uleb128 0x8
 900 05f4 6C7200   		.ascii	"lr\000"
 901 05f7 09       		.byte	0x9
 902 05f8 0F01     		.2byte	0x10f
 903 05fa 90040000 		.4byte	0x490
 904 05fe 60       		.byte	0x60
 905 05ff 00       		.byte	0
 906 0600 0A       		.uleb128 0xa
 907 0601 04       		.byte	0x4
 908 0602 BF040000 		.4byte	0x4bf
ARM GAS  /tmp/ccOfnbS0.s 			page 17


 909 0606 13       		.uleb128 0x13
 910 0607 04       		.byte	0x4
 911 0608 0A       		.byte	0xa
 912 0609 38       		.byte	0x38
 913 060a 1B060000 		.4byte	0x61b
 914 060e 07       		.uleb128 0x7
 915 060f 96050000 		.4byte	.LASF86
 916 0613 0A       		.byte	0xa
 917 0614 3C       		.byte	0x3c
 918 0615 CD000000 		.4byte	0xcd
 919 0619 00       		.byte	0
 920 061a 00       		.byte	0
 921 061b 04       		.uleb128 0x4
 922 061c D7030000 		.4byte	.LASF87
 923 0620 0A       		.byte	0xa
 924 0621 3D       		.byte	0x3d
 925 0622 06060000 		.4byte	0x606
 926 0626 14       		.uleb128 0x14
 927 0627 04       		.byte	0x4
 928 0628 07       		.byte	0x7
 929 0629 FA       		.byte	0xfa
 930 062a 83060000 		.4byte	0x683
 931 062e 15       		.uleb128 0x15
 932 062f 1A000000 		.4byte	.LASF88
 933 0633 07       		.byte	0x7
 934 0634 0101     		.2byte	0x101
 935 0636 0F010000 		.4byte	0x10f
 936 063a 15       		.uleb128 0x15
 937 063b 34020000 		.4byte	.LASF89
 938 063f 07       		.byte	0x7
 939 0640 0801     		.2byte	0x108
 940 0642 0F010000 		.4byte	0x10f
 941 0646 15       		.uleb128 0x15
 942 0647 F2000000 		.4byte	.LASF90
 943 064b 07       		.byte	0x7
 944 064c 0F01     		.2byte	0x10f
 945 064e 33030000 		.4byte	0x333
 946 0652 15       		.uleb128 0x15
 947 0653 14000000 		.4byte	.LASF91
 948 0657 07       		.byte	0x7
 949 0658 1601     		.2byte	0x116
 950 065a 83060000 		.4byte	0x683
 951 065e 15       		.uleb128 0x15
 952 065f AF020000 		.4byte	.LASF92
 953 0663 07       		.byte	0x7
 954 0664 1E01     		.2byte	0x11e
 955 0666 AE060000 		.4byte	0x6ae
 956 066a 15       		.uleb128 0x15
 957 066b F7040000 		.4byte	.LASF93
 958 066f 07       		.byte	0x7
 959 0670 2701     		.2byte	0x127
 960 0672 E5060000 		.4byte	0x6e5
 961 0676 15       		.uleb128 0x15
 962 0677 90040000 		.4byte	.LASF94
 963 067b 07       		.byte	0x7
 964 067c 2F01     		.2byte	0x12f
 965 067e 1A010000 		.4byte	0x11a
ARM GAS  /tmp/ccOfnbS0.s 			page 18


 966 0682 00       		.byte	0
 967 0683 0A       		.uleb128 0xa
 968 0684 04       		.byte	0x4
 969 0685 4B020000 		.4byte	0x24b
 970 0689 06       		.uleb128 0x6
 971 068a D1040000 		.4byte	.LASF95
 972 068e 0C       		.byte	0xc
 973 068f 0B       		.byte	0xb
 974 0690 34       		.byte	0x34
 975 0691 AE060000 		.4byte	0x6ae
 976 0695 07       		.uleb128 0x7
 977 0696 2C020000 		.4byte	.LASF96
 978 069a 0B       		.byte	0xb
 979 069b 35       		.byte	0x35
 980 069c 80020000 		.4byte	0x280
 981 06a0 00       		.byte	0
 982 06a1 07       		.uleb128 0x7
 983 06a2 CE020000 		.4byte	.LASF97
 984 06a6 0B       		.byte	0xb
 985 06a7 37       		.byte	0x37
 986 06a8 25010000 		.4byte	0x125
 987 06ac 08       		.byte	0x8
 988 06ad 00       		.byte	0
 989 06ae 0A       		.uleb128 0xa
 990 06af 04       		.byte	0x4
 991 06b0 89060000 		.4byte	0x689
 992 06b4 06       		.uleb128 0x6
 993 06b5 0E060000 		.4byte	.LASF98
 994 06b9 10       		.byte	0x10
 995 06ba 0C       		.byte	0xc
 996 06bb 39       		.byte	0x39
 997 06bc E5060000 		.4byte	0x6e5
 998 06c0 07       		.uleb128 0x7
 999 06c1 EA000000 		.4byte	.LASF99
 1000 06c5 0C       		.byte	0xc
 1001 06c6 3A       		.byte	0x3a
 1002 06c7 80020000 		.4byte	0x280
 1003 06cb 00       		.byte	0
 1004 06cc 07       		.uleb128 0x7
 1005 06cd 40060000 		.4byte	.LASF100
 1006 06d1 0C       		.byte	0xc
 1007 06d2 3C       		.byte	0x3c
 1008 06d3 56020000 		.4byte	0x256
 1009 06d7 08       		.byte	0x8
 1010 06d8 07       		.uleb128 0x7
 1011 06d9 5C050000 		.4byte	.LASF101
 1012 06dd 0C       		.byte	0xc
 1013 06de 3E       		.byte	0x3e
 1014 06df 28070000 		.4byte	0x728
 1015 06e3 0C       		.byte	0xc
 1016 06e4 00       		.byte	0
 1017 06e5 0A       		.uleb128 0xa
 1018 06e6 04       		.byte	0x4
 1019 06e7 B4060000 		.4byte	0x6b4
 1020 06eb 0A       		.uleb128 0xa
 1021 06ec 04       		.byte	0x4
 1022 06ed F1060000 		.4byte	0x6f1
ARM GAS  /tmp/ccOfnbS0.s 			page 19


 1023 06f1 16       		.uleb128 0x16
 1024 06f2 F6060000 		.4byte	0x6f6
 1025 06f6 03       		.uleb128 0x3
 1026 06f7 01       		.byte	0x1
 1027 06f8 08       		.byte	0x8
 1028 06f9 3F050000 		.4byte	.LASF102
 1029 06fd 05       		.uleb128 0x5
 1030 06fe 30010000 		.4byte	0x130
 1031 0702 0A       		.uleb128 0xa
 1032 0703 04       		.byte	0x4
 1033 0704 35030000 		.4byte	0x335
 1034 0708 05       		.uleb128 0x5
 1035 0709 EB060000 		.4byte	0x6eb
 1036 070d 10       		.uleb128 0x10
 1037 070e 9B040000 		.4byte	0x49b
 1038 0712 1D070000 		.4byte	0x71d
 1039 0716 11       		.uleb128 0x11
 1040 0717 69040000 		.4byte	0x469
 1041 071b 3A       		.byte	0x3a
 1042 071c 00       		.byte	0
 1043 071d 04       		.uleb128 0x4
 1044 071e 7D020000 		.4byte	.LASF103
 1045 0722 0C       		.byte	0xc
 1046 0723 34       		.byte	0x34
 1047 0724 B4060000 		.4byte	0x6b4
 1048 0728 0A       		.uleb128 0xa
 1049 0729 04       		.byte	0x4
 1050 072a 1D070000 		.4byte	0x71d
 1051 072e 03       		.uleb128 0x3
 1052 072f 04       		.byte	0x4
 1053 0730 04       		.byte	0x4
 1054 0731 0A040000 		.4byte	.LASF104
 1055 0735 03       		.uleb128 0x3
 1056 0736 01       		.byte	0x1
 1057 0737 02       		.byte	0x2
 1058 0738 47040000 		.4byte	.LASF105
 1059 073c 17       		.uleb128 0x17
 1060 073d 60       		.byte	0x60
 1061 073e 0D       		.byte	0xd
 1062 073f 9E01     		.2byte	0x19e
 1063 0741 48080000 		.4byte	0x848
 1064 0745 08       		.uleb128 0x8
 1065 0746 43523100 		.ascii	"CR1\000"
 1066 074a 0D       		.byte	0xd
 1067 074b 9F01     		.2byte	0x19f
 1068 074d C8000000 		.4byte	0xc8
 1069 0751 00       		.byte	0
 1070 0752 08       		.uleb128 0x8
 1071 0753 43523200 		.ascii	"CR2\000"
 1072 0757 0D       		.byte	0xd
 1073 0758 A001     		.2byte	0x1a0
 1074 075a C8000000 		.4byte	0xc8
 1075 075e 04       		.byte	0x4
 1076 075f 09       		.uleb128 0x9
 1077 0760 44050000 		.4byte	.LASF106
 1078 0764 0D       		.byte	0xd
 1079 0765 A101     		.2byte	0x1a1
ARM GAS  /tmp/ccOfnbS0.s 			page 20


 1080 0767 C8000000 		.4byte	0xc8
 1081 076b 08       		.byte	0x8
 1082 076c 09       		.uleb128 0x9
 1083 076d 1E060000 		.4byte	.LASF107
 1084 0771 0D       		.byte	0xd
 1085 0772 A201     		.2byte	0x1a2
 1086 0774 C8000000 		.4byte	0xc8
 1087 0778 0C       		.byte	0xc
 1088 0779 08       		.uleb128 0x8
 1089 077a 535200   		.ascii	"SR\000"
 1090 077d 0D       		.byte	0xd
 1091 077e A301     		.2byte	0x1a3
 1092 0780 C8000000 		.4byte	0xc8
 1093 0784 10       		.byte	0x10
 1094 0785 08       		.uleb128 0x8
 1095 0786 45475200 		.ascii	"EGR\000"
 1096 078a 0D       		.byte	0xd
 1097 078b A401     		.2byte	0x1a4
 1098 078d C8000000 		.4byte	0xc8
 1099 0791 14       		.byte	0x14
 1100 0792 09       		.uleb128 0x9
 1101 0793 B0000000 		.4byte	.LASF108
 1102 0797 0D       		.byte	0xd
 1103 0798 A501     		.2byte	0x1a5
 1104 079a C8000000 		.4byte	0xc8
 1105 079e 18       		.byte	0x18
 1106 079f 09       		.uleb128 0x9
 1107 07a0 B6000000 		.4byte	.LASF109
 1108 07a4 0D       		.byte	0xd
 1109 07a5 A601     		.2byte	0x1a6
 1110 07a7 C8000000 		.4byte	0xc8
 1111 07ab 1C       		.byte	0x1c
 1112 07ac 09       		.uleb128 0x9
 1113 07ad 57050000 		.4byte	.LASF110
 1114 07b1 0D       		.byte	0xd
 1115 07b2 A701     		.2byte	0x1a7
 1116 07b4 C8000000 		.4byte	0xc8
 1117 07b8 20       		.byte	0x20
 1118 07b9 08       		.uleb128 0x8
 1119 07ba 434E5400 		.ascii	"CNT\000"
 1120 07be 0D       		.byte	0xd
 1121 07bf A801     		.2byte	0x1a8
 1122 07c1 C8000000 		.4byte	0xc8
 1123 07c5 24       		.byte	0x24
 1124 07c6 08       		.uleb128 0x8
 1125 07c7 50534300 		.ascii	"PSC\000"
 1126 07cb 0D       		.byte	0xd
 1127 07cc A901     		.2byte	0x1a9
 1128 07ce C8000000 		.4byte	0xc8
 1129 07d2 28       		.byte	0x28
 1130 07d3 08       		.uleb128 0x8
 1131 07d4 41525200 		.ascii	"ARR\000"
 1132 07d8 0D       		.byte	0xd
 1133 07d9 AA01     		.2byte	0x1aa
 1134 07db C8000000 		.4byte	0xc8
 1135 07df 2C       		.byte	0x2c
 1136 07e0 08       		.uleb128 0x8
ARM GAS  /tmp/ccOfnbS0.s 			page 21


 1137 07e1 52435200 		.ascii	"RCR\000"
 1138 07e5 0D       		.byte	0xd
 1139 07e6 AB01     		.2byte	0x1ab
 1140 07e8 C8000000 		.4byte	0xc8
 1141 07ec 30       		.byte	0x30
 1142 07ed 08       		.uleb128 0x8
 1143 07ee 43435200 		.ascii	"CCR\000"
 1144 07f2 0D       		.byte	0xd
 1145 07f3 AC01     		.2byte	0x1ac
 1146 07f5 48080000 		.4byte	0x848
 1147 07f9 34       		.byte	0x34
 1148 07fa 09       		.uleb128 0x9
 1149 07fb 93000000 		.4byte	.LASF111
 1150 07ff 0D       		.byte	0xd
 1151 0800 AD01     		.2byte	0x1ad
 1152 0802 C8000000 		.4byte	0xc8
 1153 0806 44       		.byte	0x44
 1154 0807 08       		.uleb128 0x8
 1155 0808 44435200 		.ascii	"DCR\000"
 1156 080c 0D       		.byte	0xd
 1157 080d AE01     		.2byte	0x1ae
 1158 080f C8000000 		.4byte	0xc8
 1159 0813 48       		.byte	0x48
 1160 0814 09       		.uleb128 0x9
 1161 0815 49050000 		.4byte	.LASF112
 1162 0819 0D       		.byte	0xd
 1163 081a AF01     		.2byte	0x1af
 1164 081c C8000000 		.4byte	0xc8
 1165 0820 4C       		.byte	0x4c
 1166 0821 08       		.uleb128 0x8
 1167 0822 4F5200   		.ascii	"OR\000"
 1168 0825 0D       		.byte	0xd
 1169 0826 B001     		.2byte	0x1b0
 1170 0828 C8000000 		.4byte	0xc8
 1171 082c 50       		.byte	0x50
 1172 082d 09       		.uleb128 0x9
 1173 082e 47000000 		.4byte	.LASF113
 1174 0832 0D       		.byte	0xd
 1175 0833 B101     		.2byte	0x1b1
 1176 0835 C8000000 		.4byte	0xc8
 1177 0839 54       		.byte	0x54
 1178 083a 09       		.uleb128 0x9
 1179 083b DE040000 		.4byte	.LASF114
 1180 083f 0D       		.byte	0xd
 1181 0840 B201     		.2byte	0x1b2
 1182 0842 4D080000 		.4byte	0x84d
 1183 0846 58       		.byte	0x58
 1184 0847 00       		.byte	0
 1185 0848 05       		.uleb128 0x5
 1186 0849 80040000 		.4byte	0x480
 1187 084d 05       		.uleb128 0x5
 1188 084e 70040000 		.4byte	0x470
 1189 0852 18       		.uleb128 0x18
 1190 0853 D6000000 		.4byte	.LASF115
 1191 0857 0D       		.byte	0xd
 1192 0858 B301     		.2byte	0x1b3
 1193 085a 3C070000 		.4byte	0x73c
ARM GAS  /tmp/ccOfnbS0.s 			page 22


 1194 085e 19       		.uleb128 0x19
 1195 085f 71030000 		.4byte	.LASF116
 1196 0863 02       		.byte	0x2
 1197 0864 8D       		.byte	0x8d
 1198 0865 03       		.byte	0x3
 1199 0866 76080000 		.4byte	0x876
 1200 086a 1A       		.uleb128 0x1a
 1201 086b E8030000 		.4byte	.LASF118
 1202 086f 02       		.byte	0x2
 1203 0870 8D       		.byte	0x8d
 1204 0871 30010000 		.4byte	0x130
 1205 0875 00       		.byte	0
 1206 0876 1B       		.uleb128 0x1b
 1207 0877 B1050000 		.4byte	.LASF129
 1208 087b 02       		.byte	0x2
 1209 087c 99       		.byte	0x99
 1210 087d 03       		.byte	0x3
 1211 087e 19       		.uleb128 0x19
 1212 087f 17030000 		.4byte	.LASF117
 1213 0883 02       		.byte	0x2
 1214 0884 A5       		.byte	0xa5
 1215 0885 03       		.byte	0x3
 1216 0886 96080000 		.4byte	0x896
 1217 088a 1A       		.uleb128 0x1a
 1218 088b E8030000 		.4byte	.LASF118
 1219 088f 02       		.byte	0x2
 1220 0890 A5       		.byte	0xa5
 1221 0891 30010000 		.4byte	0x130
 1222 0895 00       		.byte	0
 1223 0896 1C       		.uleb128 0x1c
 1224 0897 C0040000 		.4byte	.LASF130
 1225 089b 02       		.byte	0x2
 1226 089c B1       		.byte	0xb1
 1227 089d 30010000 		.4byte	0x130
 1228 08a1 03       		.byte	0x3
 1229 08a2 1D       		.uleb128 0x1d
 1230 08a3 0D000000 		.4byte	.LASF119
 1231 08a7 01       		.byte	0x1
 1232 08a8 3C       		.byte	0x3c
 1233 08a9 00000000 		.4byte	.LFB256
 1234 08ad 04000000 		.4byte	.LFE256-.LFB256
 1235 08b1 01       		.uleb128 0x1
 1236 08b2 9C       		.byte	0x9c
 1237 08b3 C1080000 		.4byte	0x8c1
 1238 08b7 1E       		.uleb128 0x1e
 1239 08b8 04000000 		.4byte	.LVL0
 1240 08bc E4090000 		.4byte	0x9e4
 1241 08c0 00       		.byte	0
 1242 08c1 1D       		.uleb128 0x1d
 1243 08c2 9D050000 		.4byte	.LASF120
 1244 08c6 01       		.byte	0x1
 1245 08c7 4D       		.byte	0x4d
 1246 08c8 00000000 		.4byte	.LFB257
 1247 08cc 10000000 		.4byte	.LFE257-.LFB257
 1248 08d0 01       		.uleb128 0x1
 1249 08d1 9C       		.byte	0x9c
 1250 08d2 04090000 		.4byte	0x904
ARM GAS  /tmp/ccOfnbS0.s 			page 23


 1251 08d6 1F       		.uleb128 0x1f
 1252 08d7 32060000 		.4byte	.LASF123
 1253 08db 01       		.byte	0x1
 1254 08dc 4D       		.byte	0x4d
 1255 08dd 30010000 		.4byte	0x130
 1256 08e1 01       		.uleb128 0x1
 1257 08e2 50       		.byte	0x50
 1258 08e3 20       		.uleb128 0x20
 1259 08e4 A6040000 		.4byte	.LASF124
 1260 08e8 14090000 		.4byte	0x914
 1261 08ec 21       		.uleb128 0x21
 1262 08ed 5E080000 		.4byte	0x85e
 1263 08f1 00000000 		.4byte	.LBB10
 1264 08f5 10000000 		.4byte	.LBE10-.LBB10
 1265 08f9 01       		.byte	0x1
 1266 08fa 51       		.byte	0x51
 1267 08fb 22       		.uleb128 0x22
 1268 08fc 6A080000 		.4byte	0x86a
 1269 0900 01       		.uleb128 0x1
 1270 0901 50       		.byte	0x50
 1271 0902 00       		.byte	0
 1272 0903 00       		.byte	0
 1273 0904 10       		.uleb128 0x10
 1274 0905 F6060000 		.4byte	0x6f6
 1275 0909 14090000 		.4byte	0x914
 1276 090d 11       		.uleb128 0x11
 1277 090e 69040000 		.4byte	0x469
 1278 0912 0C       		.byte	0xc
 1279 0913 00       		.byte	0
 1280 0914 16       		.uleb128 0x16
 1281 0915 04090000 		.4byte	0x904
 1282 0919 1D       		.uleb128 0x1d
 1283 091a 33050000 		.4byte	.LASF121
 1284 091e 01       		.byte	0x1
 1285 091f 5B       		.byte	0x5b
 1286 0920 00000000 		.4byte	.LFB258
 1287 0924 0A000000 		.4byte	.LFE258-.LFB258
 1288 0928 01       		.uleb128 0x1
 1289 0929 9C       		.byte	0x9c
 1290 092a 3E090000 		.4byte	0x93e
 1291 092e 23       		.uleb128 0x23
 1292 092f 76080000 		.4byte	0x876
 1293 0933 00000000 		.4byte	.LBB12
 1294 0937 0A000000 		.4byte	.LBE12-.LBB12
 1295 093b 01       		.byte	0x1
 1296 093c 5D       		.byte	0x5d
 1297 093d 00       		.byte	0
 1298 093e 1D       		.uleb128 0x1d
 1299 093f 03010000 		.4byte	.LASF122
 1300 0943 01       		.byte	0x1
 1301 0944 69       		.byte	0x69
 1302 0945 00000000 		.4byte	.LFB259
 1303 0949 08000000 		.4byte	.LFE259-.LFB259
 1304 094d 01       		.uleb128 0x1
 1305 094e 9C       		.byte	0x9c
 1306 094f 81090000 		.4byte	0x981
 1307 0953 1F       		.uleb128 0x1f
ARM GAS  /tmp/ccOfnbS0.s 			page 24


 1308 0954 32060000 		.4byte	.LASF123
 1309 0958 01       		.byte	0x1
 1310 0959 69       		.byte	0x69
 1311 095a 30010000 		.4byte	0x130
 1312 095e 01       		.uleb128 0x1
 1313 095f 50       		.byte	0x50
 1314 0960 20       		.uleb128 0x20
 1315 0961 A6040000 		.4byte	.LASF124
 1316 0965 91090000 		.4byte	0x991
 1317 0969 21       		.uleb128 0x21
 1318 096a 7E080000 		.4byte	0x87e
 1319 096e 00000000 		.4byte	.LBB14
 1320 0972 08000000 		.4byte	.LBE14-.LBB14
 1321 0976 01       		.byte	0x1
 1322 0977 6D       		.byte	0x6d
 1323 0978 22       		.uleb128 0x22
 1324 0979 8A080000 		.4byte	0x88a
 1325 097d 01       		.uleb128 0x1
 1326 097e 50       		.byte	0x50
 1327 097f 00       		.byte	0
 1328 0980 00       		.byte	0
 1329 0981 10       		.uleb128 0x10
 1330 0982 F6060000 		.4byte	0x6f6
 1331 0986 91090000 		.4byte	0x991
 1332 098a 11       		.uleb128 0x11
 1333 098b 69040000 		.4byte	0x469
 1334 098f 0A       		.byte	0xa
 1335 0990 00       		.byte	0
 1336 0991 16       		.uleb128 0x16
 1337 0992 81090000 		.4byte	0x981
 1338 0996 24       		.uleb128 0x24
 1339 0997 03060000 		.4byte	.LASF131
 1340 099b 01       		.byte	0x1
 1341 099c 79       		.byte	0x79
 1342 099d 30010000 		.4byte	0x130
 1343 09a1 00000000 		.4byte	.LFB260
 1344 09a5 08000000 		.4byte	.LFE260-.LFB260
 1345 09a9 01       		.uleb128 0x1
 1346 09aa 9C       		.byte	0x9c
 1347 09ab C8090000 		.4byte	0x9c8
 1348 09af 20       		.uleb128 0x20
 1349 09b0 A6040000 		.4byte	.LASF124
 1350 09b4 C8090000 		.4byte	0x9c8
 1351 09b8 23       		.uleb128 0x23
 1352 09b9 96080000 		.4byte	0x896
 1353 09bd 00000000 		.4byte	.LBB16
 1354 09c1 06000000 		.4byte	.LBE16-.LBB16
 1355 09c5 01       		.byte	0x1
 1356 09c6 7D       		.byte	0x7d
 1357 09c7 00       		.byte	0
 1358 09c8 16       		.uleb128 0x16
 1359 09c9 81090000 		.4byte	0x981
 1360 09cd 25       		.uleb128 0x25
 1361 09ce 7A000000 		.4byte	.LASF125
 1362 09d2 0E       		.byte	0xe
 1363 09d3 A706     		.2byte	0x6a7
 1364 09d5 C3000000 		.4byte	0xc3
ARM GAS  /tmp/ccOfnbS0.s 			page 25


 1365 09d9 26       		.uleb128 0x26
 1366 09da 636800   		.ascii	"ch\000"
 1367 09dd 07       		.byte	0x7
 1368 09de 0902     		.2byte	0x209
 1369 09e0 02040000 		.4byte	0x402
 1370 09e4 27       		.uleb128 0x27
 1371 09e5 87000000 		.4byte	.LASF132
 1372 09e9 02       		.byte	0x2
 1373 09ea 6F       		.byte	0x6f
 1374 09eb 00       		.byte	0
 1375              		.section	.debug_abbrev,"",%progbits
 1376              	.Ldebug_abbrev0:
 1377 0000 01       		.uleb128 0x1
 1378 0001 11       		.uleb128 0x11
 1379 0002 01       		.byte	0x1
 1380 0003 25       		.uleb128 0x25
 1381 0004 0E       		.uleb128 0xe
 1382 0005 13       		.uleb128 0x13
 1383 0006 0B       		.uleb128 0xb
 1384 0007 03       		.uleb128 0x3
 1385 0008 0E       		.uleb128 0xe
 1386 0009 1B       		.uleb128 0x1b
 1387 000a 0E       		.uleb128 0xe
 1388 000b 55       		.uleb128 0x55
 1389 000c 17       		.uleb128 0x17
 1390 000d 11       		.uleb128 0x11
 1391 000e 01       		.uleb128 0x1
 1392 000f 10       		.uleb128 0x10
 1393 0010 17       		.uleb128 0x17
 1394 0011 00       		.byte	0
 1395 0012 00       		.byte	0
 1396 0013 02       		.uleb128 0x2
 1397 0014 24       		.uleb128 0x24
 1398 0015 00       		.byte	0
 1399 0016 0B       		.uleb128 0xb
 1400 0017 0B       		.uleb128 0xb
 1401 0018 3E       		.uleb128 0x3e
 1402 0019 0B       		.uleb128 0xb
 1403 001a 03       		.uleb128 0x3
 1404 001b 08       		.uleb128 0x8
 1405 001c 00       		.byte	0
 1406 001d 00       		.byte	0
 1407 001e 03       		.uleb128 0x3
 1408 001f 24       		.uleb128 0x24
 1409 0020 00       		.byte	0
 1410 0021 0B       		.uleb128 0xb
 1411 0022 0B       		.uleb128 0xb
 1412 0023 3E       		.uleb128 0x3e
 1413 0024 0B       		.uleb128 0xb
 1414 0025 03       		.uleb128 0x3
 1415 0026 0E       		.uleb128 0xe
 1416 0027 00       		.byte	0
 1417 0028 00       		.byte	0
 1418 0029 04       		.uleb128 0x4
 1419 002a 16       		.uleb128 0x16
 1420 002b 00       		.byte	0
 1421 002c 03       		.uleb128 0x3
ARM GAS  /tmp/ccOfnbS0.s 			page 26


 1422 002d 0E       		.uleb128 0xe
 1423 002e 3A       		.uleb128 0x3a
 1424 002f 0B       		.uleb128 0xb
 1425 0030 3B       		.uleb128 0x3b
 1426 0031 0B       		.uleb128 0xb
 1427 0032 49       		.uleb128 0x49
 1428 0033 13       		.uleb128 0x13
 1429 0034 00       		.byte	0
 1430 0035 00       		.byte	0
 1431 0036 05       		.uleb128 0x5
 1432 0037 35       		.uleb128 0x35
 1433 0038 00       		.byte	0
 1434 0039 49       		.uleb128 0x49
 1435 003a 13       		.uleb128 0x13
 1436 003b 00       		.byte	0
 1437 003c 00       		.byte	0
 1438 003d 06       		.uleb128 0x6
 1439 003e 13       		.uleb128 0x13
 1440 003f 01       		.byte	0x1
 1441 0040 03       		.uleb128 0x3
 1442 0041 0E       		.uleb128 0xe
 1443 0042 0B       		.uleb128 0xb
 1444 0043 0B       		.uleb128 0xb
 1445 0044 3A       		.uleb128 0x3a
 1446 0045 0B       		.uleb128 0xb
 1447 0046 3B       		.uleb128 0x3b
 1448 0047 0B       		.uleb128 0xb
 1449 0048 01       		.uleb128 0x1
 1450 0049 13       		.uleb128 0x13
 1451 004a 00       		.byte	0
 1452 004b 00       		.byte	0
 1453 004c 07       		.uleb128 0x7
 1454 004d 0D       		.uleb128 0xd
 1455 004e 00       		.byte	0
 1456 004f 03       		.uleb128 0x3
 1457 0050 0E       		.uleb128 0xe
 1458 0051 3A       		.uleb128 0x3a
 1459 0052 0B       		.uleb128 0xb
 1460 0053 3B       		.uleb128 0x3b
 1461 0054 0B       		.uleb128 0xb
 1462 0055 49       		.uleb128 0x49
 1463 0056 13       		.uleb128 0x13
 1464 0057 38       		.uleb128 0x38
 1465 0058 0B       		.uleb128 0xb
 1466 0059 00       		.byte	0
 1467 005a 00       		.byte	0
 1468 005b 08       		.uleb128 0x8
 1469 005c 0D       		.uleb128 0xd
 1470 005d 00       		.byte	0
 1471 005e 03       		.uleb128 0x3
 1472 005f 08       		.uleb128 0x8
 1473 0060 3A       		.uleb128 0x3a
 1474 0061 0B       		.uleb128 0xb
 1475 0062 3B       		.uleb128 0x3b
 1476 0063 05       		.uleb128 0x5
 1477 0064 49       		.uleb128 0x49
 1478 0065 13       		.uleb128 0x13
ARM GAS  /tmp/ccOfnbS0.s 			page 27


 1479 0066 38       		.uleb128 0x38
 1480 0067 0B       		.uleb128 0xb
 1481 0068 00       		.byte	0
 1482 0069 00       		.byte	0
 1483 006a 09       		.uleb128 0x9
 1484 006b 0D       		.uleb128 0xd
 1485 006c 00       		.byte	0
 1486 006d 03       		.uleb128 0x3
 1487 006e 0E       		.uleb128 0xe
 1488 006f 3A       		.uleb128 0x3a
 1489 0070 0B       		.uleb128 0xb
 1490 0071 3B       		.uleb128 0x3b
 1491 0072 05       		.uleb128 0x5
 1492 0073 49       		.uleb128 0x49
 1493 0074 13       		.uleb128 0x13
 1494 0075 38       		.uleb128 0x38
 1495 0076 0B       		.uleb128 0xb
 1496 0077 00       		.byte	0
 1497 0078 00       		.byte	0
 1498 0079 0A       		.uleb128 0xa
 1499 007a 0F       		.uleb128 0xf
 1500 007b 00       		.byte	0
 1501 007c 0B       		.uleb128 0xb
 1502 007d 0B       		.uleb128 0xb
 1503 007e 49       		.uleb128 0x49
 1504 007f 13       		.uleb128 0x13
 1505 0080 00       		.byte	0
 1506 0081 00       		.byte	0
 1507 0082 0B       		.uleb128 0xb
 1508 0083 13       		.uleb128 0x13
 1509 0084 01       		.byte	0x1
 1510 0085 03       		.uleb128 0x3
 1511 0086 0E       		.uleb128 0xe
 1512 0087 0B       		.uleb128 0xb
 1513 0088 0B       		.uleb128 0xb
 1514 0089 3A       		.uleb128 0x3a
 1515 008a 0B       		.uleb128 0xb
 1516 008b 3B       		.uleb128 0x3b
 1517 008c 05       		.uleb128 0x5
 1518 008d 01       		.uleb128 0x1
 1519 008e 13       		.uleb128 0x13
 1520 008f 00       		.byte	0
 1521 0090 00       		.byte	0
 1522 0091 0C       		.uleb128 0xc
 1523 0092 15       		.uleb128 0x15
 1524 0093 01       		.byte	0x1
 1525 0094 27       		.uleb128 0x27
 1526 0095 19       		.uleb128 0x19
 1527 0096 01       		.uleb128 0x1
 1528 0097 13       		.uleb128 0x13
 1529 0098 00       		.byte	0
 1530 0099 00       		.byte	0
 1531 009a 0D       		.uleb128 0xd
 1532 009b 05       		.uleb128 0x5
 1533 009c 00       		.byte	0
 1534 009d 49       		.uleb128 0x49
 1535 009e 13       		.uleb128 0x13
ARM GAS  /tmp/ccOfnbS0.s 			page 28


 1536 009f 00       		.byte	0
 1537 00a0 00       		.byte	0
 1538 00a1 0E       		.uleb128 0xe
 1539 00a2 0F       		.uleb128 0xf
 1540 00a3 00       		.byte	0
 1541 00a4 0B       		.uleb128 0xb
 1542 00a5 0B       		.uleb128 0xb
 1543 00a6 00       		.byte	0
 1544 00a7 00       		.byte	0
 1545 00a8 0F       		.uleb128 0xf
 1546 00a9 13       		.uleb128 0x13
 1547 00aa 01       		.byte	0x1
 1548 00ab 03       		.uleb128 0x3
 1549 00ac 0E       		.uleb128 0xe
 1550 00ad 0B       		.uleb128 0xb
 1551 00ae 05       		.uleb128 0x5
 1552 00af 3A       		.uleb128 0x3a
 1553 00b0 0B       		.uleb128 0xb
 1554 00b1 3B       		.uleb128 0x3b
 1555 00b2 05       		.uleb128 0x5
 1556 00b3 01       		.uleb128 0x1
 1557 00b4 13       		.uleb128 0x13
 1558 00b5 00       		.byte	0
 1559 00b6 00       		.byte	0
 1560 00b7 10       		.uleb128 0x10
 1561 00b8 01       		.uleb128 0x1
 1562 00b9 01       		.byte	0x1
 1563 00ba 49       		.uleb128 0x49
 1564 00bb 13       		.uleb128 0x13
 1565 00bc 01       		.uleb128 0x1
 1566 00bd 13       		.uleb128 0x13
 1567 00be 00       		.byte	0
 1568 00bf 00       		.byte	0
 1569 00c0 11       		.uleb128 0x11
 1570 00c1 21       		.uleb128 0x21
 1571 00c2 00       		.byte	0
 1572 00c3 49       		.uleb128 0x49
 1573 00c4 13       		.uleb128 0x13
 1574 00c5 2F       		.uleb128 0x2f
 1575 00c6 0B       		.uleb128 0xb
 1576 00c7 00       		.byte	0
 1577 00c8 00       		.byte	0
 1578 00c9 12       		.uleb128 0x12
 1579 00ca 0D       		.uleb128 0xd
 1580 00cb 00       		.byte	0
 1581 00cc 03       		.uleb128 0x3
 1582 00cd 08       		.uleb128 0x8
 1583 00ce 3A       		.uleb128 0x3a
 1584 00cf 0B       		.uleb128 0xb
 1585 00d0 3B       		.uleb128 0x3b
 1586 00d1 0B       		.uleb128 0xb
 1587 00d2 49       		.uleb128 0x49
 1588 00d3 13       		.uleb128 0x13
 1589 00d4 38       		.uleb128 0x38
 1590 00d5 0B       		.uleb128 0xb
 1591 00d6 00       		.byte	0
 1592 00d7 00       		.byte	0
ARM GAS  /tmp/ccOfnbS0.s 			page 29


 1593 00d8 13       		.uleb128 0x13
 1594 00d9 13       		.uleb128 0x13
 1595 00da 01       		.byte	0x1
 1596 00db 0B       		.uleb128 0xb
 1597 00dc 0B       		.uleb128 0xb
 1598 00dd 3A       		.uleb128 0x3a
 1599 00de 0B       		.uleb128 0xb
 1600 00df 3B       		.uleb128 0x3b
 1601 00e0 0B       		.uleb128 0xb
 1602 00e1 01       		.uleb128 0x1
 1603 00e2 13       		.uleb128 0x13
 1604 00e3 00       		.byte	0
 1605 00e4 00       		.byte	0
 1606 00e5 14       		.uleb128 0x14
 1607 00e6 17       		.uleb128 0x17
 1608 00e7 01       		.byte	0x1
 1609 00e8 0B       		.uleb128 0xb
 1610 00e9 0B       		.uleb128 0xb
 1611 00ea 3A       		.uleb128 0x3a
 1612 00eb 0B       		.uleb128 0xb
 1613 00ec 3B       		.uleb128 0x3b
 1614 00ed 0B       		.uleb128 0xb
 1615 00ee 01       		.uleb128 0x1
 1616 00ef 13       		.uleb128 0x13
 1617 00f0 00       		.byte	0
 1618 00f1 00       		.byte	0
 1619 00f2 15       		.uleb128 0x15
 1620 00f3 0D       		.uleb128 0xd
 1621 00f4 00       		.byte	0
 1622 00f5 03       		.uleb128 0x3
 1623 00f6 0E       		.uleb128 0xe
 1624 00f7 3A       		.uleb128 0x3a
 1625 00f8 0B       		.uleb128 0xb
 1626 00f9 3B       		.uleb128 0x3b
 1627 00fa 05       		.uleb128 0x5
 1628 00fb 49       		.uleb128 0x49
 1629 00fc 13       		.uleb128 0x13
 1630 00fd 00       		.byte	0
 1631 00fe 00       		.byte	0
 1632 00ff 16       		.uleb128 0x16
 1633 0100 26       		.uleb128 0x26
 1634 0101 00       		.byte	0
 1635 0102 49       		.uleb128 0x49
 1636 0103 13       		.uleb128 0x13
 1637 0104 00       		.byte	0
 1638 0105 00       		.byte	0
 1639 0106 17       		.uleb128 0x17
 1640 0107 13       		.uleb128 0x13
 1641 0108 01       		.byte	0x1
 1642 0109 0B       		.uleb128 0xb
 1643 010a 0B       		.uleb128 0xb
 1644 010b 3A       		.uleb128 0x3a
 1645 010c 0B       		.uleb128 0xb
 1646 010d 3B       		.uleb128 0x3b
 1647 010e 05       		.uleb128 0x5
 1648 010f 01       		.uleb128 0x1
 1649 0110 13       		.uleb128 0x13
ARM GAS  /tmp/ccOfnbS0.s 			page 30


 1650 0111 00       		.byte	0
 1651 0112 00       		.byte	0
 1652 0113 18       		.uleb128 0x18
 1653 0114 16       		.uleb128 0x16
 1654 0115 00       		.byte	0
 1655 0116 03       		.uleb128 0x3
 1656 0117 0E       		.uleb128 0xe
 1657 0118 3A       		.uleb128 0x3a
 1658 0119 0B       		.uleb128 0xb
 1659 011a 3B       		.uleb128 0x3b
 1660 011b 05       		.uleb128 0x5
 1661 011c 49       		.uleb128 0x49
 1662 011d 13       		.uleb128 0x13
 1663 011e 00       		.byte	0
 1664 011f 00       		.byte	0
 1665 0120 19       		.uleb128 0x19
 1666 0121 2E       		.uleb128 0x2e
 1667 0122 01       		.byte	0x1
 1668 0123 03       		.uleb128 0x3
 1669 0124 0E       		.uleb128 0xe
 1670 0125 3A       		.uleb128 0x3a
 1671 0126 0B       		.uleb128 0xb
 1672 0127 3B       		.uleb128 0x3b
 1673 0128 0B       		.uleb128 0xb
 1674 0129 27       		.uleb128 0x27
 1675 012a 19       		.uleb128 0x19
 1676 012b 20       		.uleb128 0x20
 1677 012c 0B       		.uleb128 0xb
 1678 012d 01       		.uleb128 0x1
 1679 012e 13       		.uleb128 0x13
 1680 012f 00       		.byte	0
 1681 0130 00       		.byte	0
 1682 0131 1A       		.uleb128 0x1a
 1683 0132 05       		.uleb128 0x5
 1684 0133 00       		.byte	0
 1685 0134 03       		.uleb128 0x3
 1686 0135 0E       		.uleb128 0xe
 1687 0136 3A       		.uleb128 0x3a
 1688 0137 0B       		.uleb128 0xb
 1689 0138 3B       		.uleb128 0x3b
 1690 0139 0B       		.uleb128 0xb
 1691 013a 49       		.uleb128 0x49
 1692 013b 13       		.uleb128 0x13
 1693 013c 00       		.byte	0
 1694 013d 00       		.byte	0
 1695 013e 1B       		.uleb128 0x1b
 1696 013f 2E       		.uleb128 0x2e
 1697 0140 00       		.byte	0
 1698 0141 03       		.uleb128 0x3
 1699 0142 0E       		.uleb128 0xe
 1700 0143 3A       		.uleb128 0x3a
 1701 0144 0B       		.uleb128 0xb
 1702 0145 3B       		.uleb128 0x3b
 1703 0146 0B       		.uleb128 0xb
 1704 0147 27       		.uleb128 0x27
 1705 0148 19       		.uleb128 0x19
 1706 0149 20       		.uleb128 0x20
ARM GAS  /tmp/ccOfnbS0.s 			page 31


 1707 014a 0B       		.uleb128 0xb
 1708 014b 00       		.byte	0
 1709 014c 00       		.byte	0
 1710 014d 1C       		.uleb128 0x1c
 1711 014e 2E       		.uleb128 0x2e
 1712 014f 00       		.byte	0
 1713 0150 03       		.uleb128 0x3
 1714 0151 0E       		.uleb128 0xe
 1715 0152 3A       		.uleb128 0x3a
 1716 0153 0B       		.uleb128 0xb
 1717 0154 3B       		.uleb128 0x3b
 1718 0155 0B       		.uleb128 0xb
 1719 0156 27       		.uleb128 0x27
 1720 0157 19       		.uleb128 0x19
 1721 0158 49       		.uleb128 0x49
 1722 0159 13       		.uleb128 0x13
 1723 015a 20       		.uleb128 0x20
 1724 015b 0B       		.uleb128 0xb
 1725 015c 00       		.byte	0
 1726 015d 00       		.byte	0
 1727 015e 1D       		.uleb128 0x1d
 1728 015f 2E       		.uleb128 0x2e
 1729 0160 01       		.byte	0x1
 1730 0161 3F       		.uleb128 0x3f
 1731 0162 19       		.uleb128 0x19
 1732 0163 03       		.uleb128 0x3
 1733 0164 0E       		.uleb128 0xe
 1734 0165 3A       		.uleb128 0x3a
 1735 0166 0B       		.uleb128 0xb
 1736 0167 3B       		.uleb128 0x3b
 1737 0168 0B       		.uleb128 0xb
 1738 0169 27       		.uleb128 0x27
 1739 016a 19       		.uleb128 0x19
 1740 016b 11       		.uleb128 0x11
 1741 016c 01       		.uleb128 0x1
 1742 016d 12       		.uleb128 0x12
 1743 016e 06       		.uleb128 0x6
 1744 016f 40       		.uleb128 0x40
 1745 0170 18       		.uleb128 0x18
 1746 0171 9742     		.uleb128 0x2117
 1747 0173 19       		.uleb128 0x19
 1748 0174 01       		.uleb128 0x1
 1749 0175 13       		.uleb128 0x13
 1750 0176 00       		.byte	0
 1751 0177 00       		.byte	0
 1752 0178 1E       		.uleb128 0x1e
 1753 0179 898201   		.uleb128 0x4109
 1754 017c 00       		.byte	0
 1755 017d 11       		.uleb128 0x11
 1756 017e 01       		.uleb128 0x1
 1757 017f 9542     		.uleb128 0x2115
 1758 0181 19       		.uleb128 0x19
 1759 0182 31       		.uleb128 0x31
 1760 0183 13       		.uleb128 0x13
 1761 0184 00       		.byte	0
 1762 0185 00       		.byte	0
 1763 0186 1F       		.uleb128 0x1f
ARM GAS  /tmp/ccOfnbS0.s 			page 32


 1764 0187 05       		.uleb128 0x5
 1765 0188 00       		.byte	0
 1766 0189 03       		.uleb128 0x3
 1767 018a 0E       		.uleb128 0xe
 1768 018b 3A       		.uleb128 0x3a
 1769 018c 0B       		.uleb128 0xb
 1770 018d 3B       		.uleb128 0x3b
 1771 018e 0B       		.uleb128 0xb
 1772 018f 49       		.uleb128 0x49
 1773 0190 13       		.uleb128 0x13
 1774 0191 02       		.uleb128 0x2
 1775 0192 18       		.uleb128 0x18
 1776 0193 00       		.byte	0
 1777 0194 00       		.byte	0
 1778 0195 20       		.uleb128 0x20
 1779 0196 34       		.uleb128 0x34
 1780 0197 00       		.byte	0
 1781 0198 03       		.uleb128 0x3
 1782 0199 0E       		.uleb128 0xe
 1783 019a 49       		.uleb128 0x49
 1784 019b 13       		.uleb128 0x13
 1785 019c 34       		.uleb128 0x34
 1786 019d 19       		.uleb128 0x19
 1787 019e 00       		.byte	0
 1788 019f 00       		.byte	0
 1789 01a0 21       		.uleb128 0x21
 1790 01a1 1D       		.uleb128 0x1d
 1791 01a2 01       		.byte	0x1
 1792 01a3 31       		.uleb128 0x31
 1793 01a4 13       		.uleb128 0x13
 1794 01a5 11       		.uleb128 0x11
 1795 01a6 01       		.uleb128 0x1
 1796 01a7 12       		.uleb128 0x12
 1797 01a8 06       		.uleb128 0x6
 1798 01a9 58       		.uleb128 0x58
 1799 01aa 0B       		.uleb128 0xb
 1800 01ab 59       		.uleb128 0x59
 1801 01ac 0B       		.uleb128 0xb
 1802 01ad 00       		.byte	0
 1803 01ae 00       		.byte	0
 1804 01af 22       		.uleb128 0x22
 1805 01b0 05       		.uleb128 0x5
 1806 01b1 00       		.byte	0
 1807 01b2 31       		.uleb128 0x31
 1808 01b3 13       		.uleb128 0x13
 1809 01b4 02       		.uleb128 0x2
 1810 01b5 18       		.uleb128 0x18
 1811 01b6 00       		.byte	0
 1812 01b7 00       		.byte	0
 1813 01b8 23       		.uleb128 0x23
 1814 01b9 1D       		.uleb128 0x1d
 1815 01ba 00       		.byte	0
 1816 01bb 31       		.uleb128 0x31
 1817 01bc 13       		.uleb128 0x13
 1818 01bd 11       		.uleb128 0x11
 1819 01be 01       		.uleb128 0x1
 1820 01bf 12       		.uleb128 0x12
ARM GAS  /tmp/ccOfnbS0.s 			page 33


 1821 01c0 06       		.uleb128 0x6
 1822 01c1 58       		.uleb128 0x58
 1823 01c2 0B       		.uleb128 0xb
 1824 01c3 59       		.uleb128 0x59
 1825 01c4 0B       		.uleb128 0xb
 1826 01c5 00       		.byte	0
 1827 01c6 00       		.byte	0
 1828 01c7 24       		.uleb128 0x24
 1829 01c8 2E       		.uleb128 0x2e
 1830 01c9 01       		.byte	0x1
 1831 01ca 3F       		.uleb128 0x3f
 1832 01cb 19       		.uleb128 0x19
 1833 01cc 03       		.uleb128 0x3
 1834 01cd 0E       		.uleb128 0xe
 1835 01ce 3A       		.uleb128 0x3a
 1836 01cf 0B       		.uleb128 0xb
 1837 01d0 3B       		.uleb128 0x3b
 1838 01d1 0B       		.uleb128 0xb
 1839 01d2 27       		.uleb128 0x27
 1840 01d3 19       		.uleb128 0x19
 1841 01d4 49       		.uleb128 0x49
 1842 01d5 13       		.uleb128 0x13
 1843 01d6 11       		.uleb128 0x11
 1844 01d7 01       		.uleb128 0x1
 1845 01d8 12       		.uleb128 0x12
 1846 01d9 06       		.uleb128 0x6
 1847 01da 40       		.uleb128 0x40
 1848 01db 18       		.uleb128 0x18
 1849 01dc 9742     		.uleb128 0x2117
 1850 01de 19       		.uleb128 0x19
 1851 01df 01       		.uleb128 0x1
 1852 01e0 13       		.uleb128 0x13
 1853 01e1 00       		.byte	0
 1854 01e2 00       		.byte	0
 1855 01e3 25       		.uleb128 0x25
 1856 01e4 34       		.uleb128 0x34
 1857 01e5 00       		.byte	0
 1858 01e6 03       		.uleb128 0x3
 1859 01e7 0E       		.uleb128 0xe
 1860 01e8 3A       		.uleb128 0x3a
 1861 01e9 0B       		.uleb128 0xb
 1862 01ea 3B       		.uleb128 0x3b
 1863 01eb 05       		.uleb128 0x5
 1864 01ec 49       		.uleb128 0x49
 1865 01ed 13       		.uleb128 0x13
 1866 01ee 3F       		.uleb128 0x3f
 1867 01ef 19       		.uleb128 0x19
 1868 01f0 3C       		.uleb128 0x3c
 1869 01f1 19       		.uleb128 0x19
 1870 01f2 00       		.byte	0
 1871 01f3 00       		.byte	0
 1872 01f4 26       		.uleb128 0x26
 1873 01f5 34       		.uleb128 0x34
 1874 01f6 00       		.byte	0
 1875 01f7 03       		.uleb128 0x3
 1876 01f8 08       		.uleb128 0x8
 1877 01f9 3A       		.uleb128 0x3a
ARM GAS  /tmp/ccOfnbS0.s 			page 34


 1878 01fa 0B       		.uleb128 0xb
 1879 01fb 3B       		.uleb128 0x3b
 1880 01fc 05       		.uleb128 0x5
 1881 01fd 49       		.uleb128 0x49
 1882 01fe 13       		.uleb128 0x13
 1883 01ff 3F       		.uleb128 0x3f
 1884 0200 19       		.uleb128 0x19
 1885 0201 3C       		.uleb128 0x3c
 1886 0202 19       		.uleb128 0x19
 1887 0203 00       		.byte	0
 1888 0204 00       		.byte	0
 1889 0205 27       		.uleb128 0x27
 1890 0206 2E       		.uleb128 0x2e
 1891 0207 00       		.byte	0
 1892 0208 3F       		.uleb128 0x3f
 1893 0209 19       		.uleb128 0x19
 1894 020a 03       		.uleb128 0x3
 1895 020b 0E       		.uleb128 0xe
 1896 020c 3A       		.uleb128 0x3a
 1897 020d 0B       		.uleb128 0xb
 1898 020e 3B       		.uleb128 0x3b
 1899 020f 0B       		.uleb128 0xb
 1900 0210 27       		.uleb128 0x27
 1901 0211 19       		.uleb128 0x19
 1902 0212 3C       		.uleb128 0x3c
 1903 0213 19       		.uleb128 0x19
 1904 0214 00       		.byte	0
 1905 0215 00       		.byte	0
 1906 0216 00       		.byte	0
 1907              		.section	.debug_aranges,"",%progbits
 1908 0000 3C000000 		.4byte	0x3c
 1909 0004 0200     		.2byte	0x2
 1910 0006 00000000 		.4byte	.Ldebug_info0
 1911 000a 04       		.byte	0x4
 1912 000b 00       		.byte	0
 1913 000c 0000     		.2byte	0
 1914 000e 0000     		.2byte	0
 1915 0010 00000000 		.4byte	.LFB256
 1916 0014 04000000 		.4byte	.LFE256-.LFB256
 1917 0018 00000000 		.4byte	.LFB257
 1918 001c 10000000 		.4byte	.LFE257-.LFB257
 1919 0020 00000000 		.4byte	.LFB258
 1920 0024 0A000000 		.4byte	.LFE258-.LFB258
 1921 0028 00000000 		.4byte	.LFB259
 1922 002c 08000000 		.4byte	.LFE259-.LFB259
 1923 0030 00000000 		.4byte	.LFB260
 1924 0034 08000000 		.4byte	.LFE260-.LFB260
 1925 0038 00000000 		.4byte	0
 1926 003c 00000000 		.4byte	0
 1927              		.section	.debug_ranges,"",%progbits
 1928              	.Ldebug_ranges0:
 1929 0000 00000000 		.4byte	.LFB256
 1930 0004 04000000 		.4byte	.LFE256
 1931 0008 00000000 		.4byte	.LFB257
 1932 000c 10000000 		.4byte	.LFE257
 1933 0010 00000000 		.4byte	.LFB258
 1934 0014 0A000000 		.4byte	.LFE258
ARM GAS  /tmp/ccOfnbS0.s 			page 35


 1935 0018 00000000 		.4byte	.LFB259
 1936 001c 08000000 		.4byte	.LFE259
 1937 0020 00000000 		.4byte	.LFB260
 1938 0024 08000000 		.4byte	.LFE260
 1939 0028 00000000 		.4byte	0
 1940 002c 00000000 		.4byte	0
 1941              		.section	.debug_line,"",%progbits
 1942              	.Ldebug_line0:
 1943 0000 42020000 		.section	.debug_str,"MS",%progbits,1
 1943      0200CC01 
 1943      00000201 
 1943      FB0E0D00 
 1943      01010101 
 1944              	.LASF53:
 1945 0000 72656164 		.ascii	"ready_list_t\000"
 1945      795F6C69 
 1945      73745F74 
 1945      00
 1946              	.LASF119:
 1947 000d 7374496E 		.ascii	"stInit\000"
 1947      697400
 1948              	.LASF91:
 1949 0014 77747472 		.ascii	"wttrp\000"
 1949      7000
 1950              	.LASF88:
 1951 001a 7264796D 		.ascii	"rdymsg\000"
 1951      736700
 1952              	.LASF16:
 1953 0021 75696E74 		.ascii	"uint64_t\000"
 1953      36345F74 
 1953      00
 1954              	.LASF5:
 1955 002a 5F5F7569 		.ascii	"__uint8_t\000"
 1955      6E74385F 
 1955      7400
 1956              	.LASF85:
 1957 0034 706F7274 		.ascii	"port_intctx\000"
 1957      5F696E74 
 1957      63747800 
 1958              	.LASF78:
 1959 0040 76746C69 		.ascii	"vtlist\000"
 1959      737400
 1960              	.LASF113:
 1961 0047 43434D52 		.ascii	"CCMR3\000"
 1961      3300
 1962              	.LASF12:
 1963 004d 6C6F6E67 		.ascii	"long long unsigned int\000"
 1963      206C6F6E 
 1963      6720756E 
 1963      7369676E 
 1963      65642069 
 1964              	.LASF69:
 1965 0064 76697274 		.ascii	"virtual_timers_list_t\000"
 1965      75616C5F 
 1965      74696D65 
 1965      72735F6C 
 1965      6973745F 
ARM GAS  /tmp/ccOfnbS0.s 			page 36


 1966              	.LASF125:
 1967 007a 49544D5F 		.ascii	"ITM_RxBuffer\000"
 1967      52784275 
 1967      66666572 
 1967      00
 1968              	.LASF132:
 1969 0087 73745F6C 		.ascii	"st_lld_init\000"
 1969      6C645F69 
 1969      6E697400 
 1970              	.LASF111:
 1971 0093 42445452 		.ascii	"BDTR\000"
 1971      00
 1972              	.LASF52:
 1973 0098 63685F74 		.ascii	"ch_threads_queue\000"
 1973      68726561 
 1973      64735F71 
 1973      75657565 
 1973      00
 1974              	.LASF30:
 1975 00a9 705F7072 		.ascii	"p_prio\000"
 1975      696F00
 1976              	.LASF108:
 1977 00b0 43434D52 		.ascii	"CCMR1\000"
 1977      3100
 1978              	.LASF109:
 1979 00b6 43434D52 		.ascii	"CCMR2\000"
 1979      3200
 1980              	.LASF10:
 1981 00bc 6C6F6E67 		.ascii	"long long int\000"
 1981      206C6F6E 
 1981      6720696E 
 1981      7400
 1982              	.LASF1:
 1983 00ca 7369676E 		.ascii	"signed char\000"
 1983      65642063 
 1983      68617200 
 1984              	.LASF115:
 1985 00d6 73746D33 		.ascii	"stm32_tim_t\000"
 1985      325F7469 
 1985      6D5F7400 
 1986              	.LASF46:
 1987 00e2 705F6D70 		.ascii	"p_mpool\000"
 1987      6F6F6C00 
 1988              	.LASF99:
 1989 00ea 6D5F7175 		.ascii	"m_queue\000"
 1989      65756500 
 1990              	.LASF90:
 1991 00f2 77746F62 		.ascii	"wtobjp\000"
 1991      6A7000
 1992              	.LASF21:
 1993 00f9 74736C69 		.ascii	"tslices_t\000"
 1993      6365735F 
 1993      7400
 1994              	.LASF122:
 1995 0103 73745365 		.ascii	"stSetAlarm\000"
 1995      74416C61 
 1995      726D00
ARM GAS  /tmp/ccOfnbS0.s 			page 37


 1996              	.LASF76:
 1997 010e 63685F73 		.ascii	"ch_system\000"
 1997      79737465 
 1997      6D00
 1998              	.LASF7:
 1999 0118 6C6F6E67 		.ascii	"long int\000"
 1999      20696E74 
 1999      00
 2000              	.LASF19:
 2001 0121 74737461 		.ascii	"tstate_t\000"
 2001      74655F74 
 2001      00
 2002              	.LASF126:
 2003 012a 474E5520 		.ascii	"GNU C 4.8.4 20141219 (release) -mcpu=cortex-m4 -mfl"
 2003      4320342E 
 2003      382E3420 
 2003      32303134 
 2003      31323139 
 2004 015d 6F61742D 		.ascii	"oat-abi=hard -mfpu=fpv4-sp-d16 -mno-thumb-interwork"
 2004      6162693D 
 2004      68617264 
 2004      202D6D66 
 2004      70753D66 
 2005 0190 202D6D74 		.ascii	" -mthumb -ggdb -O2 -std=gnu99 -fomit-frame-pointer "
 2005      68756D62 
 2005      202D6767 
 2005      6462202D 
 2005      4F32202D 
 2006 01c3 2D66616C 		.ascii	"-falign-functions=16 -ffunction-sections -fdata-sec"
 2006      69676E2D 
 2006      66756E63 
 2006      74696F6E 
 2006      733D3136 
 2007 01f6 74696F6E 		.ascii	"tions -fno-common -fsingle-precision-constant\000"
 2007      73202D66 
 2007      6E6F2D63 
 2007      6F6D6D6F 
 2007      6E202D66 
 2008              	.LASF32:
 2009 0224 705F6E65 		.ascii	"p_newer\000"
 2009      77657200 
 2010              	.LASF96:
 2011 022c 735F7175 		.ascii	"s_queue\000"
 2011      65756500 
 2012              	.LASF89:
 2013 0234 65786974 		.ascii	"exitcode\000"
 2013      636F6465 
 2013      00
 2014              	.LASF58:
 2015 023d 725F6E65 		.ascii	"r_newer\000"
 2015      77657200 
 2016              	.LASF82:
 2017 0245 72656761 		.ascii	"regarm_t\000"
 2017      726D5F74 
 2017      00
 2018              	.LASF65:
 2019 024e 76745F70 		.ascii	"vt_prev\000"
ARM GAS  /tmp/ccOfnbS0.s 			page 38


 2019      72657600 
 2020              	.LASF128:
 2021 0256 2F686F6D 		.ascii	"/home/taylor/Programming/VESC/firmware\000"
 2021      652F7461 
 2021      796C6F72 
 2021      2F50726F 
 2021      6772616D 
 2022              	.LASF103:
 2023 027d 6D757465 		.ascii	"mutex_t\000"
 2023      785F7400 
 2024              	.LASF80:
 2025 0285 69646C65 		.ascii	"idle_thread_wa\000"
 2025      5F746872 
 2025      6561645F 
 2025      776100
 2026              	.LASF25:
 2027 0294 636E745F 		.ascii	"cnt_t\000"
 2027      7400
 2028              	.LASF0:
 2029 029a 756E7369 		.ascii	"unsigned int\000"
 2029      676E6564 
 2029      20696E74 
 2029      00
 2030              	.LASF64:
 2031 02a7 76745F6E 		.ascii	"vt_next\000"
 2031      65787400 
 2032              	.LASF92:
 2033 02af 77747365 		.ascii	"wtsemp\000"
 2033      6D7000
 2034              	.LASF66:
 2035 02b6 76745F64 		.ascii	"vt_delta\000"
 2035      656C7461 
 2035      00
 2036              	.LASF72:
 2037 02bf 73797374 		.ascii	"system_debug_t\000"
 2037      656D5F64 
 2037      65627567 
 2037      5F7400
 2038              	.LASF97:
 2039 02ce 735F636E 		.ascii	"s_cnt\000"
 2039      7400
 2040              	.LASF84:
 2041 02d4 636F6E74 		.ascii	"context\000"
 2041      65787400 
 2042              	.LASF4:
 2043 02dc 73686F72 		.ascii	"short unsigned int\000"
 2043      7420756E 
 2043      7369676E 
 2043      65642069 
 2043      6E7400
 2044              	.LASF127:
 2045 02ef 43686962 		.ascii	"ChibiOS_3.0.2/os/hal/src/st.c\000"
 2045      694F535F 
 2045      332E302E 
 2045      322F6F73 
 2045      2F68616C 
 2046              	.LASF49:
ARM GAS  /tmp/ccOfnbS0.s 			page 39


 2047 030d 63685F74 		.ascii	"ch_thread\000"
 2047      68726561 
 2047      6400
 2048              	.LASF117:
 2049 0317 73745F6C 		.ascii	"st_lld_set_alarm\000"
 2049      6C645F73 
 2049      65745F61 
 2049      6C61726D 
 2049      00
 2050              	.LASF79:
 2051 0328 6D61696E 		.ascii	"mainthread\000"
 2051      74687265 
 2051      616400
 2052              	.LASF23:
 2053 0333 6D73675F 		.ascii	"msg_t\000"
 2053      7400
 2054              	.LASF75:
 2055 0339 63685F73 		.ascii	"ch_system_t\000"
 2055      79737465 
 2055      6D5F7400 
 2056              	.LASF18:
 2057 0345 746D6F64 		.ascii	"tmode_t\000"
 2057      655F7400 
 2058              	.LASF54:
 2059 034d 63685F72 		.ascii	"ch_ready_list\000"
 2059      65616479 
 2059      5F6C6973 
 2059      7400
 2060              	.LASF24:
 2061 035b 6576656E 		.ascii	"eventmask_t\000"
 2061      746D6173 
 2061      6B5F7400 
 2062              	.LASF6:
 2063 0367 5F5F696E 		.ascii	"__int32_t\000"
 2063      7433325F 
 2063      7400
 2064              	.LASF116:
 2065 0371 73745F6C 		.ascii	"st_lld_start_alarm\000"
 2065      6C645F73 
 2065      74617274 
 2065      5F616C61 
 2065      726D00
 2066              	.LASF83:
 2067 0384 73746B61 		.ascii	"stkalign_t\000"
 2067      6C69676E 
 2067      5F7400
 2068              	.LASF17:
 2069 038f 7274636E 		.ascii	"rtcnt_t\000"
 2069      745F7400 
 2070              	.LASF47:
 2071 0397 74687265 		.ascii	"thread_reference_t\000"
 2071      61645F72 
 2071      65666572 
 2071      656E6365 
 2071      5F7400
 2072              	.LASF70:
 2073 03aa 63685F76 		.ascii	"ch_virtual_timers_list\000"
ARM GAS  /tmp/ccOfnbS0.s 			page 40


 2073      69727475 
 2073      616C5F74 
 2073      696D6572 
 2073      735F6C69 
 2074              	.LASF67:
 2075 03c1 76745F66 		.ascii	"vt_func\000"
 2075      756E6300 
 2076              	.LASF33:
 2077 03c9 705F6F6C 		.ascii	"p_older\000"
 2077      64657200 
 2078              	.LASF57:
 2079 03d1 725F6374 		.ascii	"r_ctx\000"
 2079      7800
 2080              	.LASF87:
 2081 03d7 746D5F63 		.ascii	"tm_calibration_t\000"
 2081      616C6962 
 2081      72617469 
 2081      6F6E5F74 
 2081      00
 2082              	.LASF118:
 2083 03e8 74696D65 		.ascii	"time\000"
 2083      00
 2084              	.LASF60:
 2085 03ed 725F6375 		.ascii	"r_current\000"
 2085      7272656E 
 2085      7400
 2086              	.LASF59:
 2087 03f7 725F6F6C 		.ascii	"r_older\000"
 2087      64657200 
 2088              	.LASF11:
 2089 03ff 5F5F7569 		.ascii	"__uint64_t\000"
 2089      6E743634 
 2089      5F7400
 2090              	.LASF104:
 2091 040a 666C6F61 		.ascii	"float\000"
 2091      7400
 2092              	.LASF20:
 2093 0410 74726566 		.ascii	"trefs_t\000"
 2093      735F7400 
 2094              	.LASF62:
 2095 0418 76697274 		.ascii	"virtual_timer_t\000"
 2095      75616C5F 
 2095      74696D65 
 2095      725F7400 
 2096              	.LASF29:
 2097 0428 705F7072 		.ascii	"p_prev\000"
 2097      657600
 2098              	.LASF22:
 2099 042f 74707269 		.ascii	"tprio_t\000"
 2099      6F5F7400 
 2100              	.LASF73:
 2101 0437 63685F73 		.ascii	"ch_system_debug\000"
 2101      79737465 
 2101      6D5F6465 
 2101      62756700 
 2102              	.LASF105:
 2103 0447 5F426F6F 		.ascii	"_Bool\000"
ARM GAS  /tmp/ccOfnbS0.s 			page 41


 2103      6C00
 2104              	.LASF14:
 2105 044d 696E7433 		.ascii	"int32_t\000"
 2105      325F7400 
 2106              	.LASF2:
 2107 0455 756E7369 		.ascii	"unsigned char\000"
 2107      676E6564 
 2107      20636861 
 2107      7200
 2108              	.LASF44:
 2109 0463 705F6D74 		.ascii	"p_mtxlist\000"
 2109      786C6973 
 2109      7400
 2110              	.LASF3:
 2111 046d 73686F72 		.ascii	"short int\000"
 2111      7420696E 
 2111      7400
 2112              	.LASF35:
 2113 0477 705F7374 		.ascii	"p_state\000"
 2113      61746500 
 2114              	.LASF38:
 2115 047f 705F7072 		.ascii	"p_preempt\000"
 2115      65656D70 
 2115      7400
 2116              	.LASF56:
 2117 0489 725F7072 		.ascii	"r_prio\000"
 2117      696F00
 2118              	.LASF94:
 2119 0490 65776D61 		.ascii	"ewmask\000"
 2119      736B00
 2120              	.LASF28:
 2121 0497 705F6E65 		.ascii	"p_next\000"
 2121      787400
 2122              	.LASF36:
 2123 049e 705F666C 		.ascii	"p_flags\000"
 2123      61677300 
 2124              	.LASF124:
 2125 04a6 5F5F6675 		.ascii	"__func__\000"
 2125      6E635F5F 
 2125      00
 2126              	.LASF63:
 2127 04af 63685F76 		.ascii	"ch_virtual_timer\000"
 2127      69727475 
 2127      616C5F74 
 2127      696D6572 
 2127      00
 2128              	.LASF130:
 2129 04c0 73745F6C 		.ascii	"st_lld_get_alarm\000"
 2129      6C645F67 
 2129      65745F61 
 2129      6C61726D 
 2129      00
 2130              	.LASF95:
 2131 04d1 63685F73 		.ascii	"ch_semaphore\000"
 2131      656D6170 
 2131      686F7265 
 2131      00
ARM GAS  /tmp/ccOfnbS0.s 			page 42


 2132              	.LASF114:
 2133 04de 43435852 		.ascii	"CCXR\000"
 2133      00
 2134              	.LASF43:
 2135 04e3 705F6570 		.ascii	"p_epending\000"
 2135      656E6469 
 2135      6E6700
 2136              	.LASF15:
 2137 04ee 75696E74 		.ascii	"uint32_t\000"
 2137      33325F74 
 2137      00
 2138              	.LASF93:
 2139 04f7 77746D74 		.ascii	"wtmtxp\000"
 2139      787000
 2140              	.LASF55:
 2141 04fe 725F7175 		.ascii	"r_queue\000"
 2141      65756500 
 2142              	.LASF71:
 2143 0506 76745F73 		.ascii	"vt_systime\000"
 2143      79737469 
 2143      6D6500
 2144              	.LASF50:
 2145 0511 63685F74 		.ascii	"ch_threads_list\000"
 2145      68726561 
 2145      64735F6C 
 2145      69737400 
 2146              	.LASF9:
 2147 0521 6C6F6E67 		.ascii	"long unsigned int\000"
 2147      20756E73 
 2147      69676E65 
 2147      6420696E 
 2147      7400
 2148              	.LASF121:
 2149 0533 73745374 		.ascii	"stStopAlarm\000"
 2149      6F70416C 
 2149      61726D00 
 2150              	.LASF102:
 2151 053f 63686172 		.ascii	"char\000"
 2151      00
 2152              	.LASF106:
 2153 0544 534D4352 		.ascii	"SMCR\000"
 2153      00
 2154              	.LASF112:
 2155 0549 444D4152 		.ascii	"DMAR\000"
 2155      00
 2156              	.LASF27:
 2157 054e 74687265 		.ascii	"thread_t\000"
 2157      61645F74 
 2157      00
 2158              	.LASF110:
 2159 0557 43434552 		.ascii	"CCER\000"
 2159      00
 2160              	.LASF101:
 2161 055c 6D5F6E65 		.ascii	"m_next\000"
 2161      787400
 2162              	.LASF26:
 2163 0563 73797374 		.ascii	"systime_t\000"
ARM GAS  /tmp/ccOfnbS0.s 			page 43


 2163      696D655F 
 2163      7400
 2164              	.LASF45:
 2165 056d 705F7265 		.ascii	"p_realprio\000"
 2165      616C7072 
 2165      696F00
 2166              	.LASF61:
 2167 0578 76746675 		.ascii	"vtfunc_t\000"
 2167      6E635F74 
 2167      00
 2168              	.LASF8:
 2169 0581 5F5F7569 		.ascii	"__uint32_t\000"
 2169      6E743332 
 2169      5F7400
 2170              	.LASF74:
 2171 058c 70616E69 		.ascii	"panic_msg\000"
 2171      635F6D73 
 2171      6700
 2172              	.LASF86:
 2173 0596 6F666673 		.ascii	"offset\000"
 2173      657400
 2174              	.LASF120:
 2175 059d 73745374 		.ascii	"stStartAlarm\000"
 2175      61727441 
 2175      6C61726D 
 2175      00
 2176              	.LASF39:
 2177 05aa 705F7469 		.ascii	"p_time\000"
 2177      6D6500
 2178              	.LASF129:
 2179 05b1 73745F6C 		.ascii	"st_lld_stop_alarm\000"
 2179      6C645F73 
 2179      746F705F 
 2179      616C6172 
 2179      6D00
 2180              	.LASF41:
 2181 05c3 705F6D73 		.ascii	"p_msgqueue\000"
 2181      67717565 
 2181      756500
 2182              	.LASF68:
 2183 05ce 76745F70 		.ascii	"vt_par\000"
 2183      617200
 2184              	.LASF51:
 2185 05d5 74687265 		.ascii	"threads_queue_t\000"
 2185      6164735F 
 2185      71756575 
 2185      655F7400 
 2186              	.LASF37:
 2187 05e5 705F7265 		.ascii	"p_refs\000"
 2187      667300
 2188              	.LASF77:
 2189 05ec 726C6973 		.ascii	"rlist\000"
 2189      7400
 2190              	.LASF13:
 2191 05f2 75696E74 		.ascii	"uint8_t\000"
 2191      385F7400 
 2192              	.LASF81:
ARM GAS  /tmp/ccOfnbS0.s 			page 44


 2193 05fa 73697A65 		.ascii	"sizetype\000"
 2193      74797065 
 2193      00
 2194              	.LASF131:
 2195 0603 73744765 		.ascii	"stGetAlarm\000"
 2195      74416C61 
 2195      726D00
 2196              	.LASF98:
 2197 060e 63685F6D 		.ascii	"ch_mutex\000"
 2197      75746578 
 2197      00
 2198              	.LASF34:
 2199 0617 705F6E61 		.ascii	"p_name\000"
 2199      6D6500
 2200              	.LASF107:
 2201 061e 44494552 		.ascii	"DIER\000"
 2201      00
 2202              	.LASF48:
 2203 0623 74687265 		.ascii	"threads_list_t\000"
 2203      6164735F 
 2203      6C697374 
 2203      5F7400
 2204              	.LASF123:
 2205 0632 61627374 		.ascii	"abstime\000"
 2205      696D6500 
 2206              	.LASF42:
 2207 063a 705F6D73 		.ascii	"p_msg\000"
 2207      6700
 2208              	.LASF100:
 2209 0640 6D5F6F77 		.ascii	"m_owner\000"
 2209      6E657200 
 2210              	.LASF31:
 2211 0648 705F6374 		.ascii	"p_ctx\000"
 2211      7800
 2212              	.LASF40:
 2213 064e 705F7761 		.ascii	"p_waiting\000"
 2213      6974696E 
 2213      6700
 2214              		.ident	"GCC: (4.8.4-1+11-1) 4.8.4 20141219 (release)"
ARM GAS  /tmp/ccOfnbS0.s 			page 45


DEFINED SYMBOLS
                            *ABS*:0000000000000000 st.c
     /tmp/ccOfnbS0.s:21     .text.stInit:0000000000000000 $t
     /tmp/ccOfnbS0.s:27     .text.stInit:0000000000000000 stInit
     /tmp/ccOfnbS0.s:42     .text.stStartAlarm:0000000000000000 $t
     /tmp/ccOfnbS0.s:48     .text.stStartAlarm:0000000000000000 stStartAlarm
     /tmp/ccOfnbS0.s:79     .text.stStopAlarm:0000000000000000 $t
     /tmp/ccOfnbS0.s:85     .text.stStopAlarm:0000000000000000 stStopAlarm
     /tmp/ccOfnbS0.s:105    .text.stSetAlarm:0000000000000000 $t
     /tmp/ccOfnbS0.s:111    .text.stSetAlarm:0000000000000000 stSetAlarm
     /tmp/ccOfnbS0.s:132    .text.stGetAlarm:0000000000000000 $t
     /tmp/ccOfnbS0.s:138    .text.stGetAlarm:0000000000000000 stGetAlarm
                     .debug_frame:0000000000000010 $d

UNDEFINED SYMBOLS
st_lld_init
